This is pdfTeX, Version 3.1415926-2.3-1.40.12 (TeX Live 2011) (format=pdflatex 2011.7.3)  13 DEC 2011 13:42
entering extended mode
 restricted \write18 enabled.
 file:line:error style messages enabled.
 %&-line parsing enabled.
**iscamGuide.tex
(./iscamGuide.tex
LaTeX2e <2009/09/24>
Babel <v3.8l> and hyphenation patterns for english, dumylang, nohyphenation, ge
rman-x-2009-06-19, ngerman-x-2009-06-19, afrikaans, ancientgreek, ibycus, arabi
c, armenian, basque, bulgarian, catalan, pinyin, coptic, croatian, czech, danis
h, dutch, ukenglish, usenglishmax, esperanto, estonian, ethiopic, farsi, finnis
h, french, galician, german, ngerman, swissgerman, monogreek, greek, hungarian,
 icelandic, assamese, bengali, gujarati, hindi, kannada, malayalam, marathi, or
iya, panjabi, tamil, telugu, indonesian, interlingua, irish, italian, kurmanji,
 lao, latin, latvian, lithuanian, mongolian, mongolianlmc, bokmal, nynorsk, pol
ish, portuguese, romanian, russian, sanskrit, serbian, serbianc, slovak, sloven
ian, spanish, swedish, turkish, turkmen, ukrainian, uppersorbian, welsh, loaded
.
(/usr/local/texlive/2011/texmf-dist/tex/latex/base/article.cls
Document Class: article 2007/10/19 v1.4h Standard LaTeX document class
(/usr/local/texlive/2011/texmf-dist/tex/latex/base/size10.clo
File: size10.clo 2007/10/19 v1.4h Standard LaTeX file (size option)
)
\c@part=\count79
\c@section=\count80
\c@subsection=\count81
\c@subsubsection=\count82
\c@paragraph=\count83
\c@subparagraph=\count84
\c@figure=\count85
\c@table=\count86
\abovecaptionskip=\skip41
\belowcaptionskip=\skip42
\bibindent=\dimen102
)
(/usr/local/texlive/2011/texmf-dist/tex/latex/graphics/graphicx.sty
Package: graphicx 1999/02/16 v1.0f Enhanced LaTeX Graphics (DPC,SPQR)

(/usr/local/texlive/2011/texmf-dist/tex/latex/graphics/keyval.sty
Package: keyval 1999/03/16 v1.13 key=value parser (DPC)
\KV@toks@=\toks14
)
(/usr/local/texlive/2011/texmf-dist/tex/latex/graphics/graphics.sty
Package: graphics 2009/02/05 v1.0o Standard LaTeX Graphics (DPC,SPQR)

(/usr/local/texlive/2011/texmf-dist/tex/latex/graphics/trig.sty
Package: trig 1999/03/16 v1.09 sin cos tan (DPC)
)
(/usr/local/texlive/2011/texmf-dist/tex/latex/latexconfig/graphics.cfg
File: graphics.cfg 2010/04/23 v1.9 graphics configuration of TeX Live
)
Package graphics Info: Driver file: pdftex.def on input line 91.

(/usr/local/texlive/2011/texmf-dist/tex/latex/pdftex-def/pdftex.def
File: pdftex.def 2011/05/27 v0.06d Graphics/color for pdfTeX

(/usr/local/texlive/2011/texmf-dist/tex/generic/oberdiek/infwarerr.sty
Package: infwarerr 2010/04/08 v1.3 Providing info/warning/message (HO)
)
(/usr/local/texlive/2011/texmf-dist/tex/generic/oberdiek/ltxcmds.sty
Package: ltxcmds 2011/04/18 v1.20 LaTeX kernel commands for general use (HO)
)
\Gread@gobject=\count87
))
\Gin@req@height=\dimen103
\Gin@req@width=\dimen104
)
(/usr/local/texlive/2011/texmf-dist/tex/latex/oberdiek/epstopdf.sty
Package: epstopdf 2010/02/09 v2.5 Conversion with epstopdf on the fly (HO)

(/usr/local/texlive/2011/texmf-dist/tex/latex/oberdiek/epstopdf-base.sty
Package: epstopdf-base 2010/02/09 v2.5 Base part for package epstopdf

(/usr/local/texlive/2011/texmf-dist/tex/latex/oberdiek/grfext.sty
Package: grfext 2010/08/19 v1.1 Managing graphics extensions (HO)

(/usr/local/texlive/2011/texmf-dist/tex/generic/oberdiek/kvdefinekeys.sty
Package: kvdefinekeys 2011/04/07 v1.3 Defining keys (HO)
))
(/usr/local/texlive/2011/texmf-dist/tex/latex/oberdiek/kvoptions.sty
Package: kvoptions 2010/12/23 v3.10 Keyval support for LaTeX options (HO)

(/usr/local/texlive/2011/texmf-dist/tex/generic/oberdiek/kvsetkeys.sty
Package: kvsetkeys 2011/04/07 v1.13 Key value parser (HO)

(/usr/local/texlive/2011/texmf-dist/tex/generic/oberdiek/etexcmds.sty
Package: etexcmds 2011/02/16 v1.5 Prefix for e-TeX command names (HO)

(/usr/local/texlive/2011/texmf-dist/tex/generic/oberdiek/ifluatex.sty
Package: ifluatex 2010/03/01 v1.3 Provides the ifluatex switch (HO)
Package ifluatex Info: LuaTeX not detected.
)
Package etexcmds Info: Could not find \expanded.
(etexcmds)             That can mean that you are not using pdfTeX 1.50 or
(etexcmds)             that some package has redefined \expanded.
(etexcmds)             In the latter case, load this package earlier.
)))
(/usr/local/texlive/2011/texmf-dist/tex/generic/oberdiek/pdftexcmds.sty
Package: pdftexcmds 2011/04/22 v0.16 Utilities of pdfTeX for LuaTeX (HO)

(/usr/local/texlive/2011/texmf-dist/tex/generic/oberdiek/ifpdf.sty
Package: ifpdf 2011/01/30 v2.3 Provides the ifpdf switch (HO)
Package ifpdf Info: pdfTeX in PDF mode is detected.
)
Package pdftexcmds Info: LuaTeX not detected.
Package pdftexcmds Info: \pdf@primitive is available.
Package pdftexcmds Info: \pdf@ifprimitive is available.
Package pdftexcmds Info: \pdfdraftmode found.
)
Package grfext Info: Graphics extension search list:
(grfext)             [.png,.pdf,.jpg,.mps,.jpeg,.jbig2,.jb2,.PNG,.PDF,.JPG,.JPE
G,.JBIG2,.JB2,.eps]
(grfext)             \AppendGraphicsExtensions on input line 452.

(/usr/local/texlive/2011/texmf-dist/tex/latex/latexconfig/epstopdf-sys.cfg
File: epstopdf-sys.cfg 2010/07/13 v1.3 Configuration of (r)epstopdf for TeX Liv
e
)))
(/usr/local/texlive/2011/texmf-dist/tex/latex/psfrag/psfrag.sty
Package: psfrag 1998/04/11 v3.04 PSfrag (MCG)
\pfg@pcount=\count88
\pfg@scount=\count89
\pfg@temp=\write3
)
(/usr/local/texlive/2011/texmf-dist/tex/latex/natbib/natbib.sty
Package: natbib 2010/09/13 8.31b (PWD, AO)
\bibhang=\skip43
\bibsep=\skip44
LaTeX Info: Redefining \cite on input line 694.
\c@NAT@ctr=\count90
)
(/usr/local/texlive/2011/texmf-dist/tex/latex/tools/longtable.sty
Package: longtable 2004/02/01 v4.11 Multi-page Table package (DPC)
\LTleft=\skip45
\LTright=\skip46
\LTpre=\skip47
\LTpost=\skip48
\LTchunksize=\count91
\LTcapwidth=\dimen105
\LT@head=\box26
\LT@firsthead=\box27
\LT@foot=\box28
\LT@lastfoot=\box29
\LT@cols=\count92
\LT@rows=\count93
\c@LT@tables=\count94
\c@LT@chunks=\count95
\LT@p@ftn=\toks15
)
(/usr/local/texlive/2011/texmf-dist/tex/latex/rotating/rotating.sty
Package: rotating 2009/03/28 v2.16a rotated objects in LaTeX

(/usr/local/texlive/2011/texmf-dist/tex/latex/base/ifthen.sty
Package: ifthen 2001/05/26 v1.1c Standard LaTeX ifthen package (DPC)
)
\c@r@tfl@t=\count96
\rotFPtop=\skip49
\rotFPbot=\skip50
\rot@float@box=\box30
\rot@mess@toks=\toks16
)
(/usr/local/texlive/2011/texmf-dist/tex/generic/dvips/rotate.sty
\@rotdimen=\dimen106
\@rotbox=\box31
)
(/usr/local/texlive/2011/texmf-dist/tex/latex/graphics/lscape.sty
Package: lscape 2000/10/22 v3.01 Landscape Pages (DPC)
)
(/usr/local/texlive/2011/texmf-dist/tex/latex/amsfonts/amssymb.sty
Package: amssymb 2009/06/22 v3.00

(/usr/local/texlive/2011/texmf-dist/tex/latex/amsfonts/amsfonts.sty
Package: amsfonts 2009/06/22 v3.00 Basic AMSFonts support
\@emptytoks=\toks17
\symAMSa=\mathgroup4
\symAMSb=\mathgroup5
LaTeX Font Info:    Overwriting math alphabet `\mathfrak' in version `bold'
(Font)                  U/euf/m/n --> U/euf/b/n on input line 96.
))
(/usr/local/texlive/2011/texmf-dist/tex/latex/amsmath/amsmath.sty
Package: amsmath 2000/07/18 v2.13 AMS math features
\@mathmargin=\skip51

For additional information on amsmath, use the `?' option.
(/usr/local/texlive/2011/texmf-dist/tex/latex/amsmath/amstext.sty
Package: amstext 2000/06/29 v2.01

(/usr/local/texlive/2011/texmf-dist/tex/latex/amsmath/amsgen.sty
File: amsgen.sty 1999/11/30 v2.0
\@emptytoks=\toks18
\ex@=\dimen107
))
(/usr/local/texlive/2011/texmf-dist/tex/latex/amsmath/amsbsy.sty
Package: amsbsy 1999/11/29 v1.2d
\pmbraise@=\dimen108
)
(/usr/local/texlive/2011/texmf-dist/tex/latex/amsmath/amsopn.sty
Package: amsopn 1999/12/14 v2.01 operator names
)
\inf@bad=\count97
LaTeX Info: Redefining \frac on input line 211.
\uproot@=\count98
\leftroot@=\count99
LaTeX Info: Redefining \overline on input line 307.
\classnum@=\count100
\DOTSCASE@=\count101
LaTeX Info: Redefining \ldots on input line 379.
LaTeX Info: Redefining \dots on input line 382.
LaTeX Info: Redefining \cdots on input line 467.
\Mathstrutbox@=\box32
\strutbox@=\box33
\big@size=\dimen109
LaTeX Font Info:    Redeclaring font encoding OML on input line 567.
LaTeX Font Info:    Redeclaring font encoding OMS on input line 568.
\macc@depth=\count102
\c@MaxMatrixCols=\count103
\dotsspace@=\muskip10
\c@parentequation=\count104
\dspbrk@lvl=\count105
\tag@help=\toks19
\row@=\count106
\column@=\count107
\maxfields@=\count108
\andhelp@=\toks20
\eqnshift@=\dimen110
\alignsep@=\dimen111
\tagshift@=\dimen112
\tagwidth@=\dimen113
\totwidth@=\dimen114
\lineht@=\dimen115
\@envbody=\toks21
\multlinegap=\skip52
\multlinetaggap=\skip53
\mathdisplay@stack=\toks22
LaTeX Info: Redefining \[ on input line 2666.
LaTeX Info: Redefining \] on input line 2667.
)
(/usr/local/texlive/2011/texmf-dist/tex/latex/hyperref/hyperref.sty
Package: hyperref 2011/04/17 v6.82g Hypertext links for LaTeX

(/usr/local/texlive/2011/texmf-dist/tex/generic/oberdiek/hobsub-hyperref.sty
Package: hobsub-hyperref 2011/04/23 v1.4 Bundle oberdiek, subset hyperref (HO)

(/usr/local/texlive/2011/texmf-dist/tex/generic/oberdiek/hobsub-generic.sty
Package: hobsub-generic 2011/04/23 v1.4 Bundle oberdiek, subset generic (HO)
Package: hobsub 2011/04/23 v1.4 Subsetting bundle oberdiek (HO)
Package hobsub Info: Skipping package `infwarerr' (already loaded).
Package hobsub Info: Skipping package `ltxcmds' (already loaded).
Package hobsub Info: Skipping package `ifluatex' (already loaded).
Package: ifvtex 2010/03/01 v1.5 Switches for detecting VTeX and its modes (HO)
Package ifvtex Info: VTeX not detected.
Package: intcalc 2007/09/27 v1.1 Expandable integer calculations (HO)
Package hobsub Info: Skipping package `ifpdf' (already loaded).
Package hobsub Info: Skipping package `etexcmds' (already loaded).
Package hobsub Info: Skipping package `kvsetkeys' (already loaded).
Package hobsub Info: Skipping package `kvdefinekeys' (already loaded).
Package hobsub Info: Skipping package `pdftexcmds' (already loaded).
Package: pdfescape 2011/04/04 v1.12 Provides string conversions (HO)
Package: bigintcalc 2011/01/30 v1.2 Expandable big integer calculations (HO)
Package: bitset 2011/01/30 v1.1 Data type bit set (HO)
Package: uniquecounter 2011/01/30 v1.2 Provides unlimited unique counter (HO)
)
Package hobsub Info: Skipping package `hobsub' (already loaded).
Package: letltxmacro 2010/09/02 v1.4 Let assignment for LaTeX macros (HO)
Package: hopatch 2011/01/30 v1.0 Wrapper for package hooks (HO)
Package: xcolor-patch 2011/01/30 xcolor patch
Package: atveryend 2011/04/23 v1.7 Hooks at very end of document (HO)
Package atveryend Info: \enddocument detected (standard).
Package: atbegshi 2011/01/30 v1.15 At begin shipout hook (HO)
Package: refcount 2010/12/01 v3.2 Data extraction from references (HO)
Package: hycolor 2011/01/30 v1.7 Color options of hyperref/bookmark (HO)
)
(/usr/local/texlive/2011/texmf-dist/tex/generic/ifxetex/ifxetex.sty
Package: ifxetex 2010/09/12 v0.6 Provides ifxetex conditional
)
\@linkdim=\dimen116
\Hy@linkcounter=\count109
\Hy@pagecounter=\count110

(/usr/local/texlive/2011/texmf-dist/tex/latex/hyperref/pd1enc.def
File: pd1enc.def 2011/04/17 v6.82g Hyperref: PDFDocEncoding definition (HO)
)
\Hy@SavedSpaceFactor=\count111

(/usr/local/texlive/2011/texmf-dist/tex/latex/latexconfig/hyperref.cfg
File: hyperref.cfg 2002/06/06 v1.2 hyperref configuration of TeXLive
)
Package hyperref Info: Option `colorlinks' set `true' on input line 3905.
Package hyperref Info: Option `bookmarks' set `true' on input line 3905.
Package hyperref Info: Hyper figures OFF on input line 4026.
Package hyperref Info: Link nesting OFF on input line 4031.
Package hyperref Info: Hyper index ON on input line 4034.
Package hyperref Info: Plain pages OFF on input line 4041.
Package hyperref Info: Backreferencing OFF on input line 4046.
Package hyperref Info: Implicit mode ON; LaTeX internals redefined.
Package hyperref Info: Bookmarks ON on input line 4264.
\c@Hy@tempcnt=\count112

(/usr/local/texlive/2011/texmf-dist/tex/latex/url/url.sty
\Urlmuskip=\muskip11
Package: url 2006/04/12  ver 3.3  Verb mode for urls, etc.
)
LaTeX Info: Redefining \url on input line 4617.
\Fld@menulength=\count113
\Field@Width=\dimen117
\Fld@charsize=\dimen118
Package hyperref Info: Hyper figures OFF on input line 5701.
Package hyperref Info: Link nesting OFF on input line 5706.
Package hyperref Info: Hyper index ON on input line 5709.
Package hyperref Info: backreferencing OFF on input line 5716.
Package hyperref Info: Link coloring ON on input line 5719.
Package hyperref Info: Link coloring with OCG OFF on input line 5726.
Package hyperref Info: PDF/A mode OFF on input line 5731.
LaTeX Info: Redefining \ref on input line 5771.
LaTeX Info: Redefining \pageref on input line 5775.
\Hy@abspage=\count114
\c@Item=\count115
\c@Hfootnote=\count116
)

Package hyperref Message: Driver (autodetected): hpdftex.

(/usr/local/texlive/2011/texmf-dist/tex/latex/hyperref/hpdftex.def
File: hpdftex.def 2011/04/17 v6.82g Hyperref driver for pdfTeX
\Fld@listcount=\count117
\c@bookmark@seq@number=\count118

(/usr/local/texlive/2011/texmf-dist/tex/latex/oberdiek/rerunfilecheck.sty
Package: rerunfilecheck 2011/04/15 v1.7 Rerun checks for auxiliary files (HO)
Package uniquecounter Info: New unique counter `rerunfilecheck' on input line 2
82.
)
\Hy@SectionHShift=\skip54
)
(/usr/local/texlive/2011/texmf-dist/tex/latex/graphics/color.sty
Package: color 2005/11/14 v1.0j Standard LaTeX Color (DPC)

(/usr/local/texlive/2011/texmf-dist/tex/latex/latexconfig/color.cfg
File: color.cfg 2007/01/18 v1.5 color configuration of teTeX/TeXLive
)
Package color Info: Driver file: pdftex.def on input line 130.
)
(/usr/local/texlive/2011/texmf-dist/tex/latex/tools/multicol.sty
Package: multicol 2008/12/05 v1.6h multicolumn formatting (FMi)
\c@tracingmulticols=\count119
\mult@box=\box34
\multicol@leftmargin=\dimen119
\c@unbalance=\count120
\c@collectmore=\count121
\doublecol@number=\count122
\multicoltolerance=\count123
\multicolpretolerance=\count124
\full@width=\dimen120
\page@free=\dimen121
\premulticols=\dimen122
\postmulticols=\dimen123
\multicolsep=\skip55
\multicolbaselineskip=\skip56
\partial@page=\box35
\last@line=\box36
\mult@rightbox=\box37
\mult@grightbox=\box38
\mult@gfirstbox=\box39
\mult@firstbox=\box40
\@tempa=\box41
\@tempa=\box42
\@tempa=\box43
\@tempa=\box44
\@tempa=\box45
\@tempa=\box46
\@tempa=\box47
\@tempa=\box48
\@tempa=\box49
\@tempa=\box50
\@tempa=\box51
\@tempa=\box52
\@tempa=\box53
\@tempa=\box54
\@tempa=\box55
\@tempa=\box56
\@tempa=\box57
\c@columnbadness=\count125
\c@finalcolumnbadness=\count126
\last@try=\dimen124
\multicolovershoot=\dimen125
\multicolundershoot=\dimen126
\mult@nat@firstbox=\box58
\colbreak@box=\box59
)
(/usr/local/texlive/2011/texmf-dist/tex/latex/base/alltt.sty
Package: alltt 1997/06/16 v2.0g defines alltt environment
)
(/usr/local/texlive/2011/texmf-dist/tex/latex/listings/listings.sty
\lst@mode=\count127
\lst@gtempboxa=\box60
\lst@token=\toks23
\lst@length=\count128
\lst@currlwidth=\dimen127
\lst@column=\count129
\lst@pos=\count130
\lst@lostspace=\dimen128
\lst@width=\dimen129
\lst@newlines=\count131
\lst@lineno=\count132
\lst@maxwidth=\dimen130

(/usr/local/texlive/2011/texmf-dist/tex/latex/listings/lstmisc.sty
File: lstmisc.sty 2007/02/22 1.4 (Carsten Heinz)
\c@lstnumber=\count133
\lst@skipnumbers=\count134
\lst@framebox=\box61
)
(/usr/local/texlive/2011/texmf-dist/tex/latex/listings/listings.cfg
File: listings.cfg 2007/02/22 1.4 listings configuration
))
Package: listings 2007/02/22 1.4 (Carsten Heinz)

(/usr/local/texlive/2011/texmf-dist/tex/latex/listings/lstlang1.sty
File: lstlang1.sty 2004/09/05 1.3 listings language file
)
(/usr/local/texlive/2011/texmf-dist/tex/latex/listings/lstlang2.sty
File: lstlang2.sty 2004/09/05 1.3 listings language file
)
(/usr/local/texlive/2011/texmf-dist/tex/latex/listings/lstlang3.sty
File: lstlang3.sty 2004/09/05 1.3 listings language file
)
(/usr/local/texlive/2011/texmf-dist/tex/generic/babel/babel.sty
Package: babel 2008/07/06 v3.8l The Babel package

(/usr/local/texlive/2011/texmf-dist/tex/generic/babel/frenchb.ldf
Language: frenchb 2009/03/16 v2.3d French support from the babel system

(/usr/local/texlive/2011/texmf-dist/tex/generic/babel/babel.def
File: babel.def 2008/07/06 v3.8l Babel common definitions
\babel@savecnt=\count135
\U@D=\dimen131
)
Package babel Info: Making : an active character on input line 120.
Package babel Info: Making ; an active character on input line 121.
Package babel Info: Making ! an active character on input line 122.
Package babel Info: Making ? an active character on input line 123.
\FB@Mht=\dimen132
\std@mcc=\count136
\dec@mcc=\count137
\parindentFFN=\dimen133

*************************************
* Local config file frenchb.cfg used
*
(/usr/local/texlive/2011/texmf-dist/tex/generic/babel/frenchb.cfg))
(/usr/local/texlive/2011/texmf-dist/tex/generic/babel/english.ldf
Language: english 2005/03/30 v3.3o English support from the babel system
\l@canadian = a dialect from \language\l@american 
\l@australian = a dialect from \language\l@british 
\l@newzealand = a dialect from \language\l@british 
))
(/usr/local/texlive/2011/texmf-dist/tex/latex/carlisle/scalefnt.sty)
(/usr/local/texlive/2011/texmf-dist/tex/latex/fancyhdr/fancyhdr.sty
\fancy@headwidth=\skip57
\f@ncyO@elh=\skip58
\f@ncyO@erh=\skip59
\f@ncyO@olh=\skip60
\f@ncyO@orh=\skip61
\f@ncyO@elf=\skip62
\f@ncyO@erf=\skip63
\f@ncyO@olf=\skip64
\f@ncyO@orf=\skip65
)
\c@saveEq=\count138

(./iscamGuide.aux)
\openout1 = `iscamGuide.aux'.

LaTeX Font Info:    Checking defaults for OML/cmm/m/it on input line 194.
LaTeX Font Info:    ... okay on input line 194.
LaTeX Font Info:    Checking defaults for T1/cmr/m/n on input line 194.
LaTeX Font Info:    ... okay on input line 194.
LaTeX Font Info:    Checking defaults for OT1/cmr/m/n on input line 194.
LaTeX Font Info:    ... okay on input line 194.
LaTeX Font Info:    Checking defaults for OMS/cmsy/m/n on input line 194.
LaTeX Font Info:    ... okay on input line 194.
LaTeX Font Info:    Checking defaults for OMX/cmex/m/n on input line 194.
LaTeX Font Info:    ... okay on input line 194.
LaTeX Font Info:    Checking defaults for U/cmr/m/n on input line 194.
LaTeX Font Info:    ... okay on input line 194.
LaTeX Font Info:    Checking defaults for PD1/pdf/m/n on input line 194.
LaTeX Font Info:    ... okay on input line 194.
LaTeX Font Info:    Try loading font information for OT1+ppl on input line 194.


(/usr/local/texlive/2011/texmf-dist/tex/latex/psnfss/ot1ppl.fd
File: ot1ppl.fd 2001/06/04 font definitions for OT1/ppl.
)
(/usr/local/texlive/2011/texmf-dist/tex/context/base/supp-pdf.mkii
[Loading MPS to PDF converter (version 2006.09.02).]
\scratchcounter=\count139
\scratchdimen=\dimen134
\scratchbox=\box62
\nofMPsegments=\count140
\nofMParguments=\count141
\everyMPshowfont=\toks24
\MPscratchCnt=\count142
\MPscratchDim=\dimen135
\MPnumerator=\count143
\makeMPintoPDFobject=\count144
\everyMPtoPDFconversion=\toks25
)
\AtBeginShipoutBox=\box63
Package hyperref Info: Link coloring ON on input line 194.
 (/usr/local/texlive/2011/texmf-dist/tex/latex/hyperref/nameref.sty
Package: nameref 2010/04/30 v2.40 Cross-referencing by name of section

(/usr/local/texlive/2011/texmf-dist/tex/generic/oberdiek/gettitlestring.sty
Package: gettitlestring 2010/12/03 v1.4 Cleanup title references (HO)
)
\c@section@level=\count145
)
LaTeX Info: Redefining \ref on input line 194.
LaTeX Info: Redefining \pageref on input line 194.
LaTeX Info: Redefining \nameref on input line 194.

(./iscamGuide.out) (./iscamGuide.out)
\@outlinefile=\write4
\openout4 = `iscamGuide.out'.

\c@lstlisting=\count146
LaTeX Info: Redefining \degres on input line 194.
LaTeX Info: Redefining \dots on input line 194.
LaTeX Info: Redefining \up on input line 194.


Package frenchb.ldf Warning: OT1 encoding should not be used for French. 
(frenchb.ldf)                Add \usepackage[T1]{fontenc} to the preamble
(frenchb.ldf)                of your document, on input line 194.

Package epstopdf Info: Source file: <iscamlogo.eps>
(epstopdf)                    date: 2011-12-06 09:14:57
(epstopdf)                    size: 106453 bytes
(epstopdf)             Output file: <iscamlogo-eps-converted-to.pdf>
(epstopdf)                    date: 2011-12-13 13:05:08
(epstopdf)                    size: 46876 bytes
(epstopdf)             Command: <repstopdf --outfile=iscamlogo-eps-converted-to
.pdf iscamlogo.eps>
(epstopdf)             \includegraphics on input line 198.
Package epstopdf Info: Output file is already uptodate.
<iscamlogo-eps-converted-to.pdf, id=16, 433.62pt x 216.81pt>
File: iscamlogo-eps-converted-to.pdf Graphic file (type pdf)

<use iscamlogo-eps-converted-to.pdf>
Package pdftex.def Info: iscamlogo-eps-converted-to.pdf used on input line 198.

(pdftex.def)             Requested size: 365.70718pt x 182.843pt.
LaTeX Font Info:    Try loading font information for U+msa on input line 198.

(/usr/local/texlive/2011/texmf-dist/tex/latex/amsfonts/umsa.fd
File: umsa.fd 2009/06/22 v3.00 AMS symbols A
)
LaTeX Font Info:    Try loading font information for U+msb on input line 198.

(/usr/local/texlive/2011/texmf-dist/tex/latex/amsfonts/umsb.fd
File: umsb.fd 2009/06/22 v3.00 AMS symbols B
)
LaTeX Font Info:    Try loading font information for OMS+ppl on input line 198.


(/usr/local/texlive/2011/texmf-dist/tex/latex/psnfss/omsppl.fd
File: omsppl.fd 
)
LaTeX Font Info:    Font shape `OMS/ppl/m/n' in size <9> not available
(Font)              Font shape `OMS/cmsy/m/n' tried instead on input line 198.
 [1
Non-PDF special ignored!

{/usr/local/texlive/2011/texmf-var/fonts/map/pdftex/updmap/pdftex.map} <./iscam
logo-eps-converted-to.pdf>]
LaTeX Font Info:    Font shape `OT1/ppl/bx/n' in size <14.4> not available
(Font)              Font shape `OT1/ppl/b/n' tried instead on input line 226.
Package epstopdf Info: Source file: <iscamlogo.eps>
(epstopdf)                    date: 2011-12-06 09:14:57
(epstopdf)                    size: 106453 bytes
(epstopdf)             Output file: <iscamlogo-eps-converted-to.pdf>
(epstopdf)                    date: 2011-12-13 13:05:08
(epstopdf)                    size: 46876 bytes
(epstopdf)             Command: <repstopdf --outfile=iscamlogo-eps-converted-to
.pdf iscamlogo.eps>
(epstopdf)             \includegraphics on input line 238.
Package epstopdf Info: Output file is already uptodate.
File: iscamlogo-eps-converted-to.pdf Graphic file (type pdf)

<use iscamlogo-eps-converted-to.pdf>
Package pdftex.def Info: iscamlogo-eps-converted-to.pdf used on input line 238.

(pdftex.def)             Requested size: 76.60583pt x 38.30301pt.
pdfTeX warning (ext4): destination with the same identifier (name{page.i}) has 
been already used, duplicate ignored
<to be read again> 
                   \relax 
l.238 \newpage
               [1

] (./iscamGuide.toc)
\tf@toc=\write5
\openout5 = `iscamGuide.toc'.

Package epstopdf Info: Source file: <iscamlogo.eps>
(epstopdf)                    date: 2011-12-06 09:14:57
(epstopdf)                    size: 106453 bytes
(epstopdf)             Output file: <iscamlogo-eps-converted-to.pdf>
(epstopdf)                    date: 2011-12-13 13:05:08
(epstopdf)                    size: 46876 bytes
(epstopdf)             Command: <repstopdf --outfile=iscamlogo-eps-converted-to
.pdf iscamlogo.eps>
(epstopdf)             \includegraphics on input line 241.
Package epstopdf Info: Output file is already uptodate.
File: iscamlogo-eps-converted-to.pdf Graphic file (type pdf)
 <use iscamlogo-eps-converted-to.pdf>
Package pdftex.def Info: iscamlogo-eps-converted-to.pdf used on input line 241.

(pdftex.def)             Requested size: 76.60583pt x 38.30301pt.

[2] (./InputFiles.tex
./InputFiles.tex:2: Argument of \@sect has an extra }.
<inserted text> 
                \par 
l.2 ...iscam; input files \& command line options}
                                                  
I've run across a `}' that doesn't seem to match anything.
For example, `\def\a#1{...}' and `\a}' would produce
this error. If you simply proceed now, the `\par' that
I've just inserted will cause me to report a runaway
argument that might be the root of the problem. But if
your `}' was spurious, just type `2' and it will go away.

Runaway argument?
{\normalfont \Large \bfseries }{\@rsbox {0.75ex}}\def \reserved@b {\@irsbox \ET
C.
./InputFiles.tex:2: Paragraph ended before \@sect was complete.
<to be read again> 
                   \par 
l.2 ...iscam; input files \& command line options}
                                                  
I suspect you've forgotten a `}', causing me to apply this
control sequence to too much text. How can we recover?
My plan is to forget the whole thing and hope for the best.


Package hyperref Warning: Token not allowed in a PDF string (PDFDocEncoding):
(hyperref)                removing `\@ifnextchar' on input line 2.


Package hyperref Warning: Token not allowed in a PDF string (PDFDocEncoding):
(hyperref)                removing `math shift' on input line 2.


Package hyperref Warning: Token not allowed in a PDF string (PDFDocEncoding):
(hyperref)                removing `math shift' on input line 2.


Package hyperref Warning: Token not allowed in a PDF string (PDFDocEncoding):
(hyperref)                removing `\@ifnextchar' on input line 2.


Package hyperref Warning: Token not allowed in a PDF string (PDFDocEncoding):
(hyperref)                removing `\@ifnextchar' on input line 2.


Package hyperref Warning: Token not allowed in a PDF string (PDFDocEncoding):
(hyperref)                removing `\@ifnextchar' on input line 2.


Package hyperref Warning: Token not allowed in a PDF string (PDFDocEncoding):
(hyperref)                removing `\@ifnextchar' on input line 2.

./InputFiles.tex:2: Argument of \@sect has an extra }.
<inserted text> 
                \par 
l.2 ...iscam; input files \& command line options}
                                                  
I've run across a `}' that doesn't seem to match anything.
For example, `\def\a#1{...}' and `\a}' would produce
this error. If you simply proceed now, the `\par' that
I've just inserted will cause me to report a runaway
argument that might be the root of the problem. But if
your `}' was spurious, just type `2' and it will go away.

Runaway argument?
{\normalfont \Large \bfseries }{\@rsbox {0.75ex}}\def \reserved@b {\@irsbox \ET
C.
./InputFiles.tex:2: Paragraph ended before \@sect was complete.
<to be read again> 
                   \par 
l.2 ...iscam; input files \& command line options}
                                                  
I suspect you've forgotten a `}', causing me to apply this
control sequence to too much text. How can we recover?
My plan is to forget the whole thing and hope for the best.


Underfull \hbox (badness 10000) in paragraph at lines 6--7
[]\OT1/ppl/m/n/10 There are three re-quired in-put files for
 []

LaTeX Font Info:    Font shape `OT1/ppl/bx/n' in size <12> not available
(Font)              Font shape `OT1/ppl/b/n' tried instead on input line 10.
LaTeX Font Info:    Font shape `OT1/cmtt/bx/n' in size <12> not available
(Font)              Font shape `OT1/cmtt/m/n' tried instead on input line 10.
Runaway argument?
{\protect \foreignlanguage {english}{\protect \bbl@restore@actives \protect \ET
C.
./InputFiles.tex:10: Paragraph ended before \@markright was complete.
<to be read again> 
                   \par 
l.10 \subsection{The \texttt{iscam.dat} file}
                                             
I suspect you've forgotten a `}', causing me to apply this
control sequence to too much text. How can we recover?
My plan is to forget the whole thing and hope for the best.

./InputFiles.tex:10: Extra }, or forgotten \endgroup.
\@themark ...oidb@x \let \reserved@d =[\def \par }
                                                  }}{}
l.10 \subsection{The \texttt{iscam.dat} file}
                                             
I've deleted a group-closing symbol because it seems to be
spurious, as in `$x}$'. But perhaps the } is legitimate and
you forgot something else, as in `\hbox{$x}'. In such cases
the way to recover is to insert both the forgotten and the
deleted material, e.g., by typing `I$}'.

./InputFiles.tex:10: Extra }, or forgotten \endgroup.
\@themark ...idb@x \let \reserved@d =[\def \par }}
                                                  }{}
l.10 \subsection{The \texttt{iscam.dat} file}
                                             
I've deleted a group-closing symbol because it seems to be
spurious, as in `$x}$'. But perhaps the } is legitimate and
you forgot something else, as in `\hbox{$x}'. In such cases
the way to recover is to insert both the forgotten and the
deleted material, e.g., by typing `I$}'.

./InputFiles.tex:10: Extra }, or forgotten \endgroup.
\@themark ...db@x \let \reserved@d =[\def \par }}}
                                                  {}
l.10 \subsection{The \texttt{iscam.dat} file}
                                             
I've deleted a group-closing symbol because it seems to be
spurious, as in `$x}$'. But perhaps the } is legitimate and
you forgot something else, as in `\hbox{$x}'. In such cases
the way to recover is to insert both the forgotten and the
deleted material, e.g., by typing `I$}'.

Runaway argument?
{\protect \foreignlanguage {english}{\protect \bbl@restore@actives \protect \ET
C.
./InputFiles.tex:19: Paragraph ended before \@markright was complete.
<to be read again> 
                   \par 
l.19 \subsection{The data file}
                               
I suspect you've forgotten a `}', causing me to apply this
control sequence to too much text. How can we recover?
My plan is to forget the whole thing and hope for the best.

./InputFiles.tex:19: Extra }, or forgotten \endgroup.
\@themark ...oidb@x \let \reserved@d =[\def \par }
                                                  }}{}
l.19 \subsection{The data file}
                               
I've deleted a group-closing symbol because it seems to be
spurious, as in `$x}$'. But perhaps the } is legitimate and
you forgot something else, as in `\hbox{$x}'. In such cases
the way to recover is to insert both the forgotten and the
deleted material, e.g., by typing `I$}'.

./InputFiles.tex:19: Extra }, or forgotten \endgroup.
\@themark ...idb@x \let \reserved@d =[\def \par }}
                                                  }{}
l.19 \subsection{The data file}
                               
I've deleted a group-closing symbol because it seems to be
spurious, as in `$x}$'. But perhaps the } is legitimate and
you forgot something else, as in `\hbox{$x}'. In such cases
the way to recover is to insert both the forgotten and the
deleted material, e.g., by typing `I$}'.

./InputFiles.tex:19: Extra }, or forgotten \endgroup.
\@themark ...db@x \let \reserved@d =[\def \par }}}
                                                  {}
l.19 \subsection{The data file}
                               
I've deleted a group-closing symbol because it seems to be
spurious, as in `$x}$'. But perhaps the } is legitimate and
you forgot something else, as in `\hbox{$x}'. In such cases
the way to recover is to insert both the forgotten and the
deleted material, e.g., by typing `I$}'.

Package epstopdf Info: Source file: <iscamlogo.eps>
(epstopdf)                    date: 2011-12-06 09:14:57
(epstopdf)                    size: 106453 bytes
(epstopdf)             Output file: <iscamlogo-eps-converted-to.pdf>
(epstopdf)                    date: 2011-12-13 13:05:08
(epstopdf)                    size: 46876 bytes
(epstopdf)             Command: <repstopdf --outfile=iscamlogo-eps-converted-to
.pdf iscamlogo.eps>
(epstopdf)             \includegraphics on input line 56.
Package epstopdf Info: Output file is already uptodate.
File: iscamlogo-eps-converted-to.pdf Graphic file (type pdf)
<use iscamlogo-eps-converted-to.pdf>
Package pdftex.def Info: iscamlogo-eps-converted-to.pdf used on input line 56.
(pdftex.def)             Requested size: 76.60583pt x 38.30301pt.
 [1]
LaTeX Font Info:    Font shape `OT1/ppl/bx/n' in size <10> not available
(Font)              Font shape `OT1/ppl/b/n' tried instead on input line 91.


LaTeX Warning: Reference `T1' on page 2 undefined on input line 91.


LaTeX Warning: Reference `T1' on page 2 undefined on input line 91.


LaTeX Warning: Reference `T1' on page 2 undefined on input line 93.


Underfull \hbox (badness 6758) in paragraph at lines 99--101
[]\OT1/ppl/m/it/10 Empirical weight-at-age \OT1/ppl/m/n/10 data can be op-tion-

 []


Underfull \hbox (badness 6725) in paragraph at lines 99--101
\OT1/ppl/m/n/10 ally spec-i-fied im-me-di-ately fol-low-ing the age-
 []

Package epstopdf Info: Source file: <iscamlogo.eps>
(epstopdf)                    date: 2011-12-06 09:14:57
(epstopdf)                    size: 106453 bytes
(epstopdf)             Output file: <iscamlogo-eps-converted-to.pdf>
(epstopdf)                    date: 2011-12-13 13:05:08
(epstopdf)                    size: 46876 bytes
(epstopdf)             Command: <repstopdf --outfile=iscamlogo-eps-converted-to
.pdf iscamlogo.eps>
(epstopdf)             \includegraphics on input line 101.
Package epstopdf Info: Output file is already uptodate.
File: iscamlogo-eps-converted-to.pdf Graphic file (type pdf)
<use iscamlogo-eps-converted-to.pdf>
Package pdftex.def Info: iscamlogo-eps-converted-to.pdf used on input line 101.

(pdftex.def)             Requested size: 76.60583pt x 38.30301pt.
 [2]
Package epstopdf Info: Source file: <iscamlogo.eps>
(epstopdf)                    date: 2011-12-06 09:14:57
(epstopdf)                    size: 106453 bytes
(epstopdf)             Output file: <iscamlogo-eps-converted-to.pdf>
(epstopdf)                    date: 2011-12-13 13:05:08
(epstopdf)                    size: 46876 bytes
(epstopdf)             Command: <repstopdf --outfile=iscamlogo-eps-converted-to
.pdf iscamlogo.eps>
(epstopdf)             \includegraphics on input line 128.
Package epstopdf Info: Output file is already uptodate.
File: iscamlogo-eps-converted-to.pdf Graphic file (type pdf)
 <use iscamlogo-eps-converted-to.pdf>
Package pdftex.def Info: iscamlogo-eps-converted-to.pdf used on input line 128.

(pdftex.def)             Requested size: 76.60583pt x 38.30301pt.

[3]

LaTeX Warning: Float too large for page by 23.52992pt on input line 183.

Package epstopdf Info: Source file: <iscamlogo.eps>
(epstopdf)                    date: 2011-12-06 09:14:57
(epstopdf)                    size: 106453 bytes
(epstopdf)             Output file: <iscamlogo-eps-converted-to.pdf>
(epstopdf)                    date: 2011-12-13 13:05:08
(epstopdf)                    size: 46876 bytes
(epstopdf)             Command: <repstopdf --outfile=iscamlogo-eps-converted-to
.pdf iscamlogo.eps>
(epstopdf)             \includegraphics on input line 184.
Package epstopdf Info: Output file is already uptodate.
File: iscamlogo-eps-converted-to.pdf Graphic file (type pdf)
<use iscamlogo-eps-converted-to.pdf>
Package pdftex.def Info: iscamlogo-eps-converted-to.pdf used on input line 184.

(pdftex.def)             Requested size: 76.60583pt x 38.30301pt.
 [4]
Runaway argument?
{\protect \foreignlanguage {english}{\protect \bbl@restore@actives \protect \ET
C.
./InputFiles.tex:191: Paragraph ended before \@markright was complete.
<to be read again> 
                   \par 
l.191 ...e control file (still under development)}
                                                  
I suspect you've forgotten a `}', causing me to apply this
control sequence to too much text. How can we recover?
My plan is to forget the whole thing and hope for the best.

./InputFiles.tex:191: Extra }, or forgotten \endgroup.
\@themark ...oidb@x \let \reserved@d =[\def \par }
                                                  }}{}
l.191 ...e control file (still under development)}
                                                  
I've deleted a group-closing symbol because it seems to be
spurious, as in `$x}$'. But perhaps the } is legitimate and
you forgot something else, as in `\hbox{$x}'. In such cases
the way to recover is to insert both the forgotten and the
deleted material, e.g., by typing `I$}'.

./InputFiles.tex:191: Extra }, or forgotten \endgroup.
\@themark ...idb@x \let \reserved@d =[\def \par }}
                                                  }{}
l.191 ...e control file (still under development)}
                                                  
I've deleted a group-closing symbol because it seems to be
spurious, as in `$x}$'. But perhaps the } is legitimate and
you forgot something else, as in `\hbox{$x}'. In such cases
the way to recover is to insert both the forgotten and the
deleted material, e.g., by typing `I$}'.

./InputFiles.tex:191: Extra }, or forgotten \endgroup.
\@themark ...db@x \let \reserved@d =[\def \par }}}
                                                  {}
l.191 ...e control file (still under development)}
                                                  
I've deleted a group-closing symbol because it seems to be
spurious, as in `$x}$'. But perhaps the } is legitimate and
you forgot something else, as in `\hbox{$x}'. In such cases
the way to recover is to insert both the forgotten and the
deleted material, e.g., by typing `I$}'.


LaTeX Warning: Reference `Table.parameter.controls' on page 5 undefined on inpu
t line 192.

<iscamFigs/betaPriors.pdf, id=68, 556.0775pt x 459.7175pt>
File: iscamFigs/betaPriors.pdf Graphic file (type pdf)

<use iscamFigs/betaPriors.pdf>
Package pdftex.def Info: iscamFigs/betaPriors.pdf used on input line 259.
(pdftex.def)             Requested size: 229.87749pt x 190.04265pt.


LaTeX Warning: Reference `ModelDocSelectivity' on page 5 undefined on input lin
e 264.

Package epstopdf Info: Source file: <iscamlogo.eps>
(epstopdf)                    date: 2011-12-06 09:14:57
(epstopdf)                    size: 106453 bytes
(epstopdf)             Output file: <iscamlogo-eps-converted-to.pdf>
(epstopdf)                    date: 2011-12-13 13:05:08
(epstopdf)                    size: 46876 bytes
(epstopdf)             Command: <repstopdf --outfile=iscamlogo-eps-converted-to
.pdf iscamlogo.eps>
(epstopdf)             \includegraphics on input line 297.
Package epstopdf Info: Output file is already uptodate.
File: iscamlogo-eps-converted-to.pdf Graphic file (type pdf)
<use iscamlogo-eps-converted-to.pdf>
Package pdftex.def Info: iscamlogo-eps-converted-to.pdf used on input line 297.

(pdftex.def)             Requested size: 76.60583pt x 38.30301pt.
 [5


 <./iscamFigs/betaPriors.pdf>]

LaTeX Warning: Reference `T4.12' on page 6 undefined on input line 327.


LaTeX Warning: Reference `T4.13' on page 6 undefined on input line 327.


LaTeX Warning: Reference `agecomps' on page 6 undefined on input line 335.


LaTeX Warning: Reference `agecomps' on page 6 undefined on input line 335.

Package epstopdf Info: Source file: <iscamlogo.eps>
(epstopdf)                    date: 2011-12-06 09:14:57
(epstopdf)                    size: 106453 bytes
(epstopdf)             Output file: <iscamlogo-eps-converted-to.pdf>
(epstopdf)                    date: 2011-12-13 13:05:08
(epstopdf)                    size: 46876 bytes
(epstopdf)             Command: <repstopdf --outfile=iscamlogo-eps-converted-to
.pdf iscamlogo.eps>
(epstopdf)             \includegraphics on input line 344.
Package epstopdf Info: Output file is already uptodate.
File: iscamlogo-eps-converted-to.pdf Graphic file (type pdf)
<use iscamlogo-eps-converted-to.pdf>
Package pdftex.def Info: iscamlogo-eps-converted-to.pdf used on input line 344.

(pdftex.def)             Requested size: 76.60583pt x 38.30301pt.
 [6]
Runaway argument?
{\protect \foreignlanguage {english}{\protect \bbl@restore@actives \protect \ET
C.
./InputFiles.tex:383: Paragraph ended before \@markright was complete.
<to be read again> 
                   \par 
l.383 \subsection{Command line options}
                                       
I suspect you've forgotten a `}', causing me to apply this
control sequence to too much text. How can we recover?
My plan is to forget the whole thing and hope for the best.

./InputFiles.tex:383: Extra }, or forgotten \endgroup.
\@themark ...oidb@x \let \reserved@d =[\def \par }
                                                  }}{}
l.383 \subsection{Command line options}
                                       
I've deleted a group-closing symbol because it seems to be
spurious, as in `$x}$'. But perhaps the } is legitimate and
you forgot something else, as in `\hbox{$x}'. In such cases
the way to recover is to insert both the forgotten and the
deleted material, e.g., by typing `I$}'.

./InputFiles.tex:383: Extra }, or forgotten \endgroup.
\@themark ...idb@x \let \reserved@d =[\def \par }}
                                                  }{}
l.383 \subsection{Command line options}
                                       
I've deleted a group-closing symbol because it seems to be
spurious, as in `$x}$'. But perhaps the } is legitimate and
you forgot something else, as in `\hbox{$x}'. In such cases
the way to recover is to insert both the forgotten and the
deleted material, e.g., by typing `I$}'.

./InputFiles.tex:383: Extra }, or forgotten \endgroup.
\@themark ...db@x \let \reserved@d =[\def \par }}}
                                                  {}
l.383 \subsection{Command line options}
                                       
I've deleted a group-closing symbol because it seems to be
spurious, as in `$x}$'. But perhaps the } is legitimate and
you forgot something else, as in `\hbox{$x}'. In such cases
the way to recover is to insert both the forgotten and the
deleted material, e.g., by typing `I$}'.

)
Package epstopdf Info: Source file: <iscamlogo.eps>
(epstopdf)                    date: 2011-12-06 09:14:57
(epstopdf)                    size: 106453 bytes
(epstopdf)             Output file: <iscamlogo-eps-converted-to.pdf>
(epstopdf)                    date: 2011-12-13 13:05:08
(epstopdf)                    size: 46876 bytes
(epstopdf)             Command: <repstopdf --outfile=iscamlogo-eps-converted-to
.pdf iscamlogo.eps>
(epstopdf)             \includegraphics on input line 256.
Package epstopdf Info: Output file is already uptodate.
File: iscamlogo-eps-converted-to.pdf Graphic file (type pdf)
 <use iscamlogo-eps-converted-to.pdf>
Package pdftex.def Info: iscamlogo-eps-converted-to.pdf used on input line 256.

(pdftex.def)             Requested size: 76.60583pt x 38.30301pt.
 [7]
No file iscamGuide.bbl.
Package atveryend Info: Empty hook `BeforeClearDocument' on input line 271.
Package atveryend Info: Empty hook `AfterLastShipout' on input line 271.
(./iscamGuide.aux)
Package atveryend Info: Executing hook `AtVeryEndDocument' on input line 271.
Package atveryend Info: Executing hook `AtEndAfterFileList' on input line 271.


Package rerunfilecheck Warning: File `iscamGuide.out' has changed.
(rerunfilecheck)                Rerun to get outlines right
(rerunfilecheck)                or use package `bookmark'.

Package rerunfilecheck Info: Checksums for `iscamGuide.out':
(rerunfilecheck)             Before: 897B22872FBFE868435576C45327FC87;130
(rerunfilecheck)             After:  3E43B409B891363E198FB64C7A26E9C0;941.

LaTeX Warning: There were undefined references.


LaTeX Warning: Label(s) may have changed. Rerun to get cross-references right.

Package atveryend Info: Empty hook `AtVeryVeryEnd' on input line 271.
 ) 
Here is how much of TeX's memory you used:
 8790 strings out of 493633
 126113 string characters out of 3143378
 263434 words of memory out of 3000000
 11871 multiletter control sequences out of 15000+200000
 26116 words of font info for 83 fonts, out of 3000000 for 9000
 831 hyphenation exceptions out of 8191
 42i,15n,43p,1229b,609s stack positions out of 5000i,500n,10000p,200000b,50000s
{/usr/local/texlive/2011/texmf-dist/fonts/enc/dvips/base/8r.enc}</usr/local/t
exlive/2011/texmf-dist/fonts/type1/public/amsfonts/cm/cmmi10.pfb></usr/local/te
xlive/2011/texmf-dist/fonts/type1/public/amsfonts/cm/cmmi12.pfb></usr/local/tex
live/2011/texmf-dist/fonts/type1/public/amsfonts/cm/cmmi7.pfb></usr/local/texli
ve/2011/texmf-dist/fonts/type1/public/amsfonts/cm/cmsy6.pfb></usr/local/texlive
/2011/texmf-dist/fonts/type1/public/amsfonts/cm/cmtt10.pfb></usr/local/texlive/
2011/texmf-dist/fonts/type1/public/amsfonts/cm/cmtt12.pfb></usr/local/texlive/2
011/texmf-dist/fonts/type1/public/amsfonts/cm/cmtt8.pfb></usr/local/texlive/201
1/texmf-dist/fonts/type1/urw/palatino/uplb8a.pfb></usr/local/texlive/2011/texmf
-dist/fonts/type1/urw/palatino/uplr8a.pfb></usr/local/texlive/2011/texmf-dist/f
onts/type1/urw/palatino/uplri8a.pfb>
Output written on iscamGuide.pdf (10 pages, 293721 bytes).
PDF statistics:
 154 PDF objects out of 1000 (max. 8388607)
 127 compressed objects within 2 object streams
 37 named destinations out of 1000 (max. 500000)
 35 words of extra memory for PDF output out of 10000 (max. 10000000)

