This is pdfTeXk, Version 3.1415926-1.40.9 (Web2C 7.5.7) (format=pdflatex 2008.12.28)  17 JUL 2011 09:28
entering extended mode
\write18 enabled.
 %&-line parsing enabled.
**BCHerring2011.tex
(./BCHerring2011.tex
LaTeX2e <2005/12/01>
Babel <v3.8l> and hyphenation patterns for english, usenglishmax, dumylang, noh
yphenation, german-x-2008-06-18, ngerman-x-2008-06-18, ancientgreek, ibycus, ar
abic, basque, bulgarian, catalan, pinyin, coptic, croatian, czech, danish, dutc
h, esperanto, estonian, farsi, finnish, french, galician, german, ngerman, mono
greek, greek, hungarian, icelandic, indonesian, interlingua, irish, italian, la
tin, lithuanian, mongolian, mongolian2a, bokmal, nynorsk, polish, portuguese, r
omanian, russian, sanskrit, serbian, slovak, slovenian, spanish, swedish, turki
sh, ukenglish, ukrainian, uppersorbian, welsh, loaded.
(/usr/local/texlive/2008/texmf-dist/tex/latex/base/article.cls
Document Class: article 2005/09/16 v1.4f Standard LaTeX document class
(/usr/local/texlive/2008/texmf-dist/tex/latex/base/size10.clo
File: size10.clo 2005/09/16 v1.4f Standard LaTeX file (size option)
)
\c@part=\count79
\c@section=\count80
\c@subsection=\count81
\c@subsubsection=\count82
\c@paragraph=\count83
\c@subparagraph=\count84
\c@figure=\count85
\c@table=\count86
\abovecaptionskip=\skip41
\belowcaptionskip=\skip42
\bibindent=\dimen102
)
(/usr/local/texlive/2008/texmf-dist/tex/latex/graphics/graphicx.sty
Package: graphicx 1999/02/16 v1.0f Enhanced LaTeX Graphics (DPC,SPQR)

(/usr/local/texlive/2008/texmf-dist/tex/latex/graphics/keyval.sty
Package: keyval 1999/03/16 v1.13 key=value parser (DPC)
\KV@toks@=\toks14
)
(/usr/local/texlive/2008/texmf-dist/tex/latex/graphics/graphics.sty
Package: graphics 2006/02/20 v1.0o Standard LaTeX Graphics (DPC,SPQR)

(/usr/local/texlive/2008/texmf-dist/tex/latex/graphics/trig.sty
Package: trig 1999/03/16 v1.09 sin cos tan (DPC)
)
(/usr/local/texlive/2008/texmf/tex/latex/config/graphics.cfg
File: graphics.cfg 2007/01/18 v1.5 graphics configuration of teTeX/TeXLive
)
Package graphics Info: Driver file: pdftex.def on input line 90.

(/usr/local/texlive/2008/texmf-dist/tex/latex/pdftex-def/pdftex.def
File: pdftex.def 2008/09/08 v0.04l Graphics/color for pdfTeX
\Gread@gobject=\count87
))
\Gin@req@height=\dimen103
\Gin@req@width=\dimen104
)
(/usr/local/texlive/2008/texmf-dist/tex/latex/subfig/subfig.sty
Package: subfig 2005/06/28 ver: 1.3 subfig package

(/usr/local/texlive/2008/texmf-dist/tex/latex/caption/caption.sty
Package: caption 2008/08/24 v3.1j Customizing captions (AR)

(/usr/local/texlive/2008/texmf-dist/tex/latex/caption/caption3.sty
Package: caption3 2008/08/24 v3.1j caption3 kernel (AR)
\captionmargin=\dimen105
\captionmargin@=\dimen106
\captionwidth=\dimen107
\caption@indent=\dimen108
\caption@parindent=\dimen109
\caption@hangindent=\dimen110
)
\c@ContinuedFloat=\count88
)
\c@KVtest=\count89
\sf@farskip=\skip43
\sf@captopadj=\dimen111
\sf@capskip=\skip44
\sf@nearskip=\skip45
\c@subfigure=\count90
\c@subfigure@save=\count91
\c@lofdepth=\count92
\c@subtable=\count93
\c@subtable@save=\count94
\c@lotdepth=\count95
\sf@top=\skip46
\sf@bottom=\skip47
)
(/usr/local/texlive/2008/texmf-dist/tex/latex/oberdiek/epstopdf.sty
Package: epstopdf 2008/05/06 v1.7 Conversion with epstopdf on the fly (HO)

(/usr/local/texlive/2008/texmf-dist/tex/generic/oberdiek/infwarerr.sty
Package: infwarerr 2007/09/09 v1.2 Providing info/warning/message (HO)
)
(/usr/local/texlive/2008/texmf-dist/tex/latex/oberdiek/grfext.sty
Package: grfext 2007/09/30 v1.0 Managing graphics extensions (HO)
)
(/usr/local/texlive/2008/texmf-dist/tex/latex/oberdiek/kvoptions.sty
Package: kvoptions 2007/10/18 v3.0 Keyval support for LaTeX options (HO)
)
(/usr/local/texlive/2008/texmf-dist/tex/generic/oberdiek/pdftexcmds.sty
Package: pdftexcmds 2007/12/12 v0.3 LuaTeX support for pdfTeX utility functions
 (HO)
Package pdftexcmds Info: LuaTeX not detected on input line 139.
)
Package grfext Info: Graphics extension search list:
(grfext)             [.png,.pdf,.jpg,.mps,.jpeg,.jbig2,.jb2,.PNG,.PDF,.JPG,.JPE
G,.JBIG2,.JB2,.eps]
(grfext)             \AppendGraphicsExtensions on input line 323.
)
(/usr/local/texlive/2008/texmf-dist/tex/latex/psfrag/psfrag.sty
Package: psfrag 1998/04/11 v3.04 PSfrag (MCG)
\pfg@pcount=\count96
\pfg@scount=\count97
\pfg@temp=\write3
)
(/usr/local/texlive/2008/texmf-dist/tex/latex/natbib/natbib.sty
Package: natbib 2009/02/02 8.3 (PWD, AO)
\bibhang=\skip48
\bibsep=\skip49
LaTeX Info: Redefining \cite on input line 694.
\c@NAT@ctr=\count98
)
(/usr/local/texlive/2008/texmf-dist/tex/latex/tools/longtable.sty
Package: longtable 2004/02/01 v4.11 Multi-page Table package (DPC)
\LTleft=\skip50
\LTright=\skip51
\LTpre=\skip52
\LTpost=\skip53
\LTchunksize=\count99
\LTcapwidth=\dimen112
\LT@head=\box26
\LT@firsthead=\box27
\LT@foot=\box28
\LT@lastfoot=\box29
\LT@cols=\count100
\LT@rows=\count101
\c@LT@tables=\count102
\c@LT@chunks=\count103
\LT@p@ftn=\toks15
)
(/usr/local/texlive/2008/texmf-dist/tex/latex/rotating/rotating.sty
Package: rotating 2008/10/05 v2.15c rotated objects in LaTeX

(/usr/local/texlive/2008/texmf-dist/tex/latex/base/ifthen.sty
Package: ifthen 2001/05/26 v1.1c Standard LaTeX ifthen package (DPC)
)
\c@r@tfl@t=\count104
\rotFPtop=\skip54
\rotFPbot=\skip55
\rot@float@box=\box30
\rot@mess@toks=\toks16
)
(/usr/local/texlive/2008/texmf-dist/tex/generic/dvips/rotate.sty
\@rotdimen=\dimen113
\@rotbox=\box31
)
(/usr/local/texlive/2008/texmf-dist/tex/latex/graphics/lscape.sty
Package: lscape 2000/10/22 v3.01 Landscape Pages (DPC)
)
(/usr/local/texlive/2008/texmf-dist/tex/latex/amsfonts/amssymb.sty
Package: amssymb 2002/01/22 v2.2d

(/usr/local/texlive/2008/texmf-dist/tex/latex/amsfonts/amsfonts.sty
Package: amsfonts 2001/10/25 v2.2f
\@emptytoks=\toks17
\symAMSa=\mathgroup4
\symAMSb=\mathgroup5
LaTeX Font Info:    Overwriting math alphabet `\mathfrak' in version `bold'
(Font)                  U/euf/m/n --> U/euf/b/n on input line 132.
))
(/usr/local/texlive/2008/texmf-dist/tex/latex/amsmath/amsmath.sty
Package: amsmath 2000/07/18 v2.13 AMS math features
\@mathmargin=\skip56

For additional information on amsmath, use the `?' option.
(/usr/local/texlive/2008/texmf-dist/tex/latex/amsmath/amstext.sty
Package: amstext 2000/06/29 v2.01

(/usr/local/texlive/2008/texmf-dist/tex/latex/amsmath/amsgen.sty
File: amsgen.sty 1999/11/30 v2.0
\@emptytoks=\toks18
\ex@=\dimen114
))
(/usr/local/texlive/2008/texmf-dist/tex/latex/amsmath/amsbsy.sty
Package: amsbsy 1999/11/29 v1.2d
\pmbraise@=\dimen115
)
(/usr/local/texlive/2008/texmf-dist/tex/latex/amsmath/amsopn.sty
Package: amsopn 1999/12/14 v2.01 operator names
)
\inf@bad=\count105
LaTeX Info: Redefining \frac on input line 211.
\uproot@=\count106
\leftroot@=\count107
LaTeX Info: Redefining \overline on input line 307.
\classnum@=\count108
\DOTSCASE@=\count109
LaTeX Info: Redefining \ldots on input line 379.
LaTeX Info: Redefining \dots on input line 382.
LaTeX Info: Redefining \cdots on input line 467.
\Mathstrutbox@=\box32
\strutbox@=\box33
\big@size=\dimen116
LaTeX Font Info:    Redeclaring font encoding OML on input line 567.
LaTeX Font Info:    Redeclaring font encoding OMS on input line 568.
\macc@depth=\count110
\c@MaxMatrixCols=\count111
\dotsspace@=\muskip10
\c@parentequation=\count112
\dspbrk@lvl=\count113
\tag@help=\toks19
\row@=\count114
\column@=\count115
\maxfields@=\count116
\andhelp@=\toks20
\eqnshift@=\dimen117
\alignsep@=\dimen118
\tagshift@=\dimen119
\tagwidth@=\dimen120
\totwidth@=\dimen121
\lineht@=\dimen122
\@envbody=\toks21
\multlinegap=\skip57
\multlinetaggap=\skip58
\mathdisplay@stack=\toks22
LaTeX Info: Redefining \[ on input line 2666.
LaTeX Info: Redefining \] on input line 2667.
)
(/usr/local/texlive/2008/texmf-dist/tex/latex/hyperref/hyperref.sty
Package: hyperref 2009/02/22 v6.78p Hypertext links for LaTeX

(/usr/local/texlive/2008/texmf-dist/tex/generic/oberdiek/ifpdf.sty
Package: ifpdf 2007/12/12 v1.6 Provides the ifpdf switch (HO)
Package ifpdf Info: pdfTeX in pdf mode detected.
)
(/usr/local/texlive/2008/texmf-dist/tex/generic/oberdiek/ifvtex.sty
Package: ifvtex 2008/11/04 v1.4 Switches for detecting VTeX and its modes (HO)
Package ifvtex Info: VTeX not detected.
)
(/usr/local/texlive/2008/texmf-dist/tex/generic/ifxetex/ifxetex.sty
Package: ifxetex 2009/01/23 v0.5 Provides ifxetex conditional
)
(/usr/local/texlive/2008/texmf-dist/tex/latex/oberdiek/hycolor.sty
Package: hycolor 2008/09/08 v1.4 Code for color options of hyperref/bookmark (H
O)

(/usr/local/texlive/2008/texmf-dist/tex/latex/oberdiek/xcolor-patch.sty
Package: xcolor-patch 2008/09/08 xcolor patch
))
\@linkdim=\dimen123
\Hy@linkcounter=\count117
\Hy@pagecounter=\count118

(/usr/local/texlive/2008/texmf-dist/tex/latex/hyperref/pd1enc.def
File: pd1enc.def 2009/02/22 v6.78p Hyperref: PDFDocEncoding definition (HO)
)
(/usr/local/texlive/2008/texmf-dist/tex/generic/oberdiek/etexcmds.sty
Package: etexcmds 2007/12/12 v1.2 Prefix for e-TeX command names (HO)
Package etexcmds Info: Could not find \expanded.
(etexcmds)             That can mean that you are not using pdfTeX 1.50 or
(etexcmds)             that some package has redefined \expanded.
(etexcmds)             In the latter case, load this package earlier.
)
(/usr/local/texlive/2008/texmf/tex/latex/config/hyperref.cfg
File: hyperref.cfg 2002/06/06 v1.2 hyperref configuration of TeXLive
)
Package hyperref Info: Option `colorlinks' set `true' on input line 2824.
Package hyperref Info: Option `bookmarks' set `true' on input line 2824.
Package hyperref Info: Hyper figures OFF on input line 2935.
Package hyperref Info: Link nesting OFF on input line 2940.
Package hyperref Info: Hyper index ON on input line 2943.
Package hyperref Info: Plain pages OFF on input line 2950.
Package hyperref Info: Backreferencing OFF on input line 2955.

Implicit mode ON; LaTeX internals redefined
Package hyperref Info: Bookmarks ON on input line 3145.
(/usr/local/texlive/2008/texmf-dist/tex/latex/ltxmisc/url.sty
\Urlmuskip=\muskip11
Package: url 2006/04/12  ver 3.3  Verb mode for urls, etc.
)
LaTeX Info: Redefining \url on input line 3382.

(/usr/local/texlive/2008/texmf-dist/tex/generic/oberdiek/bitset.sty
Package: bitset 2007/09/28 v1.0 Data type bit set (HO)

(/usr/local/texlive/2008/texmf-dist/tex/generic/oberdiek/intcalc.sty
Package: intcalc 2007/09/27 v1.1 Expandable integer calculations (HO)
)
(/usr/local/texlive/2008/texmf-dist/tex/generic/oberdiek/bigintcalc.sty
Package: bigintcalc 2007/11/11 v1.1 Expandable big integer calculations (HO)
))
(/usr/local/texlive/2008/texmf-dist/tex/generic/oberdiek/kvsetkeys.sty
Package: kvsetkeys 2007/09/29 v1.3 Key value parser with default handler suppor
t (HO)
)
\Fld@menulength=\count119
\Field@Width=\dimen124
\Fld@charsize=\dimen125
\Field@toks=\toks23
Package hyperref Info: Hyper figures OFF on input line 4299.
Package hyperref Info: Link nesting OFF on input line 4304.
Package hyperref Info: Hyper index ON on input line 4307.
Package hyperref Info: backreferencing OFF on input line 4314.
Package hyperref Info: Link coloring ON on input line 4317.
Package hyperref Info: Link coloring with OCG OFF on input line 4324.
Package hyperref Info: PDF/A mode OFF on input line 4329.

(/usr/local/texlive/2008/texmf-dist/tex/generic/oberdiek/atbegshi.sty
Package: atbegshi 2008/07/31 v1.9 At begin shipout hook (HO)
)
\Hy@abspage=\count120
\c@Item=\count121
\c@Hfootnote=\count122
)
*hyperref using default driver hpdftex*
(/usr/local/texlive/2008/texmf-dist/tex/latex/hyperref/hpdftex.def
File: hpdftex.def 2009/02/22 v6.78p Hyperref driver for pdfTeX
\Fld@listcount=\count123
)
(/usr/local/texlive/2008/texmf-dist/tex/latex/graphics/color.sty
Package: color 2005/11/14 v1.0j Standard LaTeX Color (DPC)

(/usr/local/texlive/2008/texmf/tex/latex/config/color.cfg
File: color.cfg 2007/01/18 v1.5 color configuration of teTeX/TeXLive
)
Package color Info: Driver file: pdftex.def on input line 130.
)
(/usr/local/texlive/2008/texmf-dist/tex/latex/tools/multicol.sty
Package: multicol 2006/05/18 v1.6g multicolumn formatting (FMi)
\c@tracingmulticols=\count124
\mult@box=\box34
\multicol@leftmargin=\dimen126
\c@unbalance=\count125
\c@collectmore=\count126
\doublecol@number=\count127
\multicoltolerance=\count128
\multicolpretolerance=\count129
\full@width=\dimen127
\page@free=\dimen128
\premulticols=\dimen129
\postmulticols=\dimen130
\multicolsep=\skip59
\multicolbaselineskip=\skip60
\partial@page=\box35
\last@line=\box36
\mult@rightbox=\box37
\mult@grightbox=\box38
\mult@gfirstbox=\box39
\mult@firstbox=\box40
\@tempa=\box41
\@tempa=\box42
\@tempa=\box43
\@tempa=\box44
\@tempa=\box45
\@tempa=\box46
\@tempa=\box47
\@tempa=\box48
\@tempa=\box49
\@tempa=\box50
\@tempa=\box51
\@tempa=\box52
\@tempa=\box53
\@tempa=\box54
\@tempa=\box55
\@tempa=\box56
\@tempa=\box57
\c@columnbadness=\count130
\c@finalcolumnbadness=\count131
\last@try=\dimen131
\multicolovershoot=\dimen132
\multicolundershoot=\dimen133
\mult@nat@firstbox=\box58
\colbreak@box=\box59
)
(/usr/local/texlive/2008/texmf-dist/tex/latex/base/alltt.sty
Package: alltt 1997/06/16 v2.0g defines alltt environment
)
(/usr/local/texlive/2008/texmf-dist/tex/latex/listings/listings.sty
\lst@mode=\count132
\lst@gtempboxa=\box60
\lst@token=\toks24
\lst@length=\count133
\lst@currlwidth=\dimen134
\lst@column=\count134
\lst@pos=\count135
\lst@lostspace=\dimen135
\lst@width=\dimen136
\lst@newlines=\count136
\lst@lineno=\count137
\lst@maxwidth=\dimen137

(/usr/local/texlive/2008/texmf-dist/tex/latex/listings/lstmisc.sty
File: lstmisc.sty 2007/02/22 1.4 (Carsten Heinz)
\c@lstnumber=\count138
\lst@skipnumbers=\count139
\lst@framebox=\box61
)
(/usr/local/texlive/2008/texmf-dist/tex/latex/listings/listings.cfg
File: listings.cfg 2007/02/22 1.4 listings configuration
))
Package: listings 2007/02/22 1.4 (Carsten Heinz)

(/usr/local/texlive/2008/texmf-dist/tex/latex/listings/lstlang1.sty
File: lstlang1.sty 2004/09/05 1.3 listings language file
)
(/usr/local/texlive/2008/texmf-dist/tex/latex/listings/lstlang2.sty
File: lstlang2.sty 2004/09/05 1.3 listings language file
)
(/usr/local/texlive/2008/texmf-dist/tex/latex/listings/lstlang3.sty
File: lstlang3.sty 2004/09/05 1.3 listings language file
)
(/usr/local/texlive/2008/texmf-dist/tex/generic/babel/babel.sty
Package: babel 2008/07/06 v3.8l The Babel package

(/usr/local/texlive/2008/texmf-dist/tex/generic/babel/frenchb.ldf
Language: frenchb 2008/05/08 v2.2a French support from the babel system

(/usr/local/texlive/2008/texmf-dist/tex/generic/babel/babel.def
File: babel.def 2008/07/06 v3.8l Babel common definitions
\babel@savecnt=\count140
\U@D=\dimen138
)
Package babel Info: Making : an active character on input line 119.
Package babel Info: Making ; an active character on input line 120.
Package babel Info: Making ! an active character on input line 121.
Package babel Info: Making ? an active character on input line 122.
\FB@Mht=\dimen139
\std@mcc=\count141
\dec@mcc=\count142
\parindentFFN=\dimen140

*************************************
* Local config file frenchb.cfg used
*
(/usr/local/texlive/2008/texmf-dist/tex/generic/babel/frenchb.cfg))
(/usr/local/texlive/2008/texmf-dist/tex/generic/babel/english.ldf
Language: english 2005/03/30 v3.3o English support from the babel system
\l@canadian = a dialect from \language\l@american 
\l@australian = a dialect from \language\l@british 
\l@newzealand = a dialect from \language\l@british 
))
(/usr/local/texlive/2008/texmf-dist/tex/latex/carlisle/scalefnt.sty)
(/usr/local/texlive/2008/texmf-dist/tex/latex/eso-pic/eso-pic.sty
Package: eso-pic 2006/07/14 v1.1d eso-pic (RN)

(/usr/local/texlive/2008/texmf-dist/tex/latex/ms/everyshi.sty
Package: everyshi 2001/05/15 v3.00 EveryShipout Package (MS)
))
(/usr/local/texlive/2008/texmf-dist/tex/latex/type1cm/type1cm.sty
Package: type1cm 2002/09/05 v0.04 BlueSky/Y&Y Type1 CM font definitions (DPC, p
atched RF)
)
(/usr/local/texlive/2008/texmf-dist/tex/latex/float/float.sty
Package: float 2001/11/08 v1.3d Float enhancements (AL)
\c@float@type=\count143
\float@exts=\toks25
\float@box=\box62
\@float@everytoks=\toks26
\@floatcapt=\box63
)
\c@saveEq=\count144

(./BCHerring2011.aux

LaTeX Warning: Label `TableCatchAdvice' multiply defined.


LaTeX Warning: Label `TableRefPoints' multiply defined.


LaTeX Warning: Label `TableCatchAdvice' multiply defined.


LaTeX Warning: Label `TableCatchAdvice' multiply defined.

)
\openout1 = `BCHerring2011.aux'.

LaTeX Font Info:    Checking defaults for OML/cmm/m/it on input line 167.
LaTeX Font Info:    ... okay on input line 167.
LaTeX Font Info:    Checking defaults for T1/cmr/m/n on input line 167.
LaTeX Font Info:    ... okay on input line 167.
LaTeX Font Info:    Checking defaults for OT1/cmr/m/n on input line 167.
LaTeX Font Info:    ... okay on input line 167.
LaTeX Font Info:    Checking defaults for OMS/cmsy/m/n on input line 167.
LaTeX Font Info:    ... okay on input line 167.
LaTeX Font Info:    Checking defaults for OMX/cmex/m/n on input line 167.
LaTeX Font Info:    ... okay on input line 167.
LaTeX Font Info:    Checking defaults for U/cmr/m/n on input line 167.
LaTeX Font Info:    ... okay on input line 167.
LaTeX Font Info:    Checking defaults for PD1/pdf/m/n on input line 167.
LaTeX Font Info:    ... okay on input line 167.
LaTeX Font Info:    Try loading font information for OT1+ppl on input line 167.

 (/usr/local/texlive/2008/texmf-dist/tex/latex/psnfss/ot1ppl.fd
File: ot1ppl.fd 2001/06/04 font definitions for OT1/ppl.
)
(/usr/local/texlive/2008/texmf-dist/tex/context/base/supp-pdf.tex
[Loading MPS to PDF converter (version 2006.09.02).]
\scratchcounter=\count145
\scratchdimen=\dimen141
\scratchbox=\box64
\nofMPsegments=\count146
\nofMParguments=\count147
\everyMPshowfont=\toks27
\MPscratchCnt=\count148
\MPscratchDim=\dimen142
\MPnumerator=\count149
\everyMPtoPDFconversion=\toks28
)
Package caption Info: Begin \AtBeginDocument code.
Package caption3 Info: subfig package 1.2 or 1.3 is loaded.
LaTeX Info: Redefining \subref on input line 167.
Package caption Info: float package is loaded.
Package caption Info: hyperref package is loaded.
Package caption Info: listings package is loaded.
Package caption Info: longtable package is loaded.
 (/usr/local/texlive/2008/texmf-dist/tex/latex/caption/ltcaption.sty
Package: ltcaption 2008/03/28 v1.2 longtable captions (AR)
)
Package caption Info: rotating package is loaded.
Package caption Info: End \AtBeginDocument code.
Package hyperref Info: Link coloring ON on input line 167.

(/usr/local/texlive/2008/texmf-dist/tex/latex/hyperref/nameref.sty
Package: nameref 2007/05/29 v2.31 Cross-referencing by name of section

(/usr/local/texlive/2008/texmf-dist/tex/latex/oberdiek/refcount.sty
Package: refcount 2008/08/11 v3.1 Data extraction from references (HO)
)
\c@section@level=\count150
)
LaTeX Info: Redefining \ref on input line 167.
LaTeX Info: Redefining \pageref on input line 167.

(./BCHerring2011.out) (./BCHerring2011.out)
\@outlinefile=\write4
\openout4 = `BCHerring2011.out'.

\AtBeginShipoutBox=\box65
\c@lstlisting=\count151
LaTeX Info: Redefining \degres on input line 167.


Package frenchb.ldf Warning: The definition of \@makecaption has been changed,
(frenchb.ldf)                frenchb will NOT customise it;
(frenchb.ldf)                reported on input line 167.

LaTeX Info: Redefining \dots on input line 167.
LaTeX Info: Redefining \up on input line 167.

Package frenchb.ldf Warning: OT1 encoding should not be used for French. 
(frenchb.ldf)                Add \usepackage[T1]{fontenc} to the preamble
(frenchb.ldf)                of your document, on input line 167.

ABD: EveryShipout initializing macros [1{/usr/local/texlive/2008/texmf-var/font
s/map/pdftex/updmap/pdftex.map}
Non-PDF special ignored!

]
LaTeX Font Info:    Font shape `OT1/ppl/bx/n' in size <12> not available
(Font)              Font shape `OT1/ppl/b/n' tried instead on input line 199.
pdfTeX warning (ext4): destination with the same identifier (name{page.i}) has 
been already used, duplicate ignored
<to be read again> 
                   \relax 
l.213 \newpage
               [1

]
LaTeX Font Info:    Font shape `OT1/ppl/bx/n' in size <14.4> not available
(Font)              Font shape `OT1/ppl/b/n' tried instead on input line 214.
 (./BCHerring2011.toc
LaTeX Font Info:    Font shape `OT1/ppl/bx/n' in size <10> not available
(Font)              Font shape `OT1/ppl/b/n' tried instead on input line 6.
LaTeX Font Info:    Font shape `OT1/ppl/bx/n' in size <9> not available
(Font)              Font shape `OT1/ppl/b/n' tried instead on input line 39.
LaTeX Font Info:    Font shape `OT1/ppl/bx/n' in size <8> not available
(Font)              Font shape `OT1/ppl/b/n' tried instead on input line 39.
LaTeX Font Info:    Font shape `OT1/ppl/bx/n' in size <7> not available
(Font)              Font shape `OT1/ppl/b/n' tried instead on input line 39.
LaTeX Font Info:    Font shape `OT1/ppl/bx/n' in size <5> not available
(Font)              Font shape `OT1/ppl/b/n' tried instead on input line 39.
 [2])
\tf@toc=\write5
\openout5 = `BCHerring2011.toc'.

 [3] (./BCHerring2011.lof [4])
\tf@lof=\write6
\openout6 = `BCHerring2011.lof'.


[5] (./Introduction.tex

pdfTeX warning: /usr/texbin/pdflatex (file ./PBSfigs/Assessment_Regions_2W_27_2
010_HG.pdf): PDF inclusion: found PDF version <1.6>, but at most version <1.4> 
allowed
<PBSfigs/Assessment_Regions_2W_27_2010_HG.pdf, id=455, 614.295pt x 794.97pt>
File: PBSfigs/Assessment_Regions_2W_27_2010_HG.pdf Graphic file (type pdf)

<use PBSfigs/Assessment_Regions_2W_27_2010_HG.pdf>

LaTeX Warning: Float too large for page by 3.48961pt on input line 16.

) (./Methods.tex [1] [2 <./PBSfigs/Assessment_Regions_2W_27_2010_HG.pdf>]
<Figs/figCatchMajorAreas.pdf, id=490, 556.0775pt x 459.7175pt>
File: Figs/figCatchMajorAreas.pdf Graphic file (type pdf)

<use Figs/figCatchMajorAreas.pdf>
Underfull \hbox (badness 10000) in paragraph at lines 13--14

 []

[3 <./Figs/figCatchMajorAreas.pdf>]

pdfTeX warning: /usr/texbin/pdflatex (file ./PBSfigs/2011-HG-Prelim-WG.pdf): PD
F inclusion: found PDF version <1.6>, but at most version <1.4> allowed
<PBSfigs/2011-HG-Prelim-WG.pdf, id=502, 794.97pt x 614.295pt>
File: PBSfigs/2011-HG-Prelim-WG.pdf Graphic file (type pdf)

<use PBSfigs/2011-HG-Prelim-WG.pdf>

pdfTeX warning: /usr/texbin/pdflatex (file ./PBSfigs/2011-PRD-Prelim-WG.pdf): P
DF inclusion: found PDF version <1.6>, but at most version <1.4> allowed
<PBSfigs/2011-PRD-Prelim-WG.pdf, id=503, 794.97pt x 614.295pt>
File: PBSfigs/2011-PRD-Prelim-WG.pdf Graphic file (type pdf)

<use PBSfigs/2011-PRD-Prelim-WG.pdf>

pdfTeX warning: /usr/texbin/pdflatex (file ./PBSfigs/2011-CC-Prelim-WG.pdf): PD
F inclusion: found PDF version <1.6>, but at most version <1.4> allowed
<PBSfigs/2011-CC-Prelim-WG.pdf, id=504, 794.97pt x 614.295pt>
File: PBSfigs/2011-CC-Prelim-WG.pdf Graphic file (type pdf)

<use PBSfigs/2011-CC-Prelim-WG.pdf>

pdfTeX warning: /usr/texbin/pdflatex (file ./PBSfigs/2011-SOG-Prelim-WG.pdf): P
DF inclusion: found PDF version <1.6>, but at most version <1.4> allowed
<PBSfigs/2011-SOG-Prelim-WG.pdf, id=505, 794.97pt x 614.295pt>
File: PBSfigs/2011-SOG-Prelim-WG.pdf Graphic file (type pdf)

<use PBSfigs/2011-SOG-Prelim-WG.pdf>

pdfTeX warning: /usr/texbin/pdflatex (file ./PBSfigs/2011-WCVI-Prelim-WG.pdf): 
PDF inclusion: found PDF version <1.6>, but at most version <1.4> allowed
<PBSfigs/2011-WCVI-Prelim-WG.pdf, id=506, 794.97pt x 614.295pt>
File: PBSfigs/2011-WCVI-Prelim-WG.pdf Graphic file (type pdf)

<use PBSfigs/2011-WCVI-Prelim-WG.pdf>
<Figs/figSurveyMajorAreas.pdf, id=509, 556.0775pt x 459.7175pt>
File: Figs/figSurveyMajorAreas.pdf Graphic file (type pdf)

<use Figs/figSurveyMajorAreas.pdf>
Underfull \hbox (badness 10000) in paragraph at lines 50--51

 []


LaTeX Warning: Reference `XXX' on page 4 undefined on input line 58.


LaTeX Warning: Reference `XXX' on page 4 undefined on input line 58.

<Figs/figAgeCompsHG.pdf, id=514, 556.0775pt x 459.7175pt>
File: Figs/figAgeCompsHG.pdf Graphic file (type pdf)

<use Figs/figAgeCompsHG.pdf>
<Figs/figAgeCompsPRD.pdf, id=515, 556.0775pt x 459.7175pt>
File: Figs/figAgeCompsPRD.pdf Graphic file (type pdf)

<use Figs/figAgeCompsPRD.pdf>
<Figs/figAgeCompsCC.pdf, id=516, 556.0775pt x 459.7175pt>
File: Figs/figAgeCompsCC.pdf Graphic file (type pdf)

<use Figs/figAgeCompsCC.pdf>
<Figs/figAgeCompsSOG.pdf, id=517, 556.0775pt x 459.7175pt>
File: Figs/figAgeCompsSOG.pdf Graphic file (type pdf)

<use Figs/figAgeCompsSOG.pdf>
<Figs/figAgeCompsWCVI.pdf, id=518, 556.0775pt x 459.7175pt>
File: Figs/figAgeCompsWCVI.pdf Graphic file (type pdf)

<use Figs/figAgeCompsWCVI.pdf> [4] [5 <./PBSfigs/2011-HG-Prelim-WG.pdf> <./PBSf
igs/2011-PRD-Prelim-WG.pdf>] [6 <./PBSfigs/2011-CC-Prelim-WG.pdf> <./PBSfigs/20
11-SOG-Prelim-WG.pdf>] [7 <./PBSfigs/2011-WCVI-Prelim-WG.pdf>] [8 <./Figs/figSu
rveyMajorAreas.pdf>] [9 <./Figs/figAgeCompsHG.pdf>] [10 <./Figs/figAgeCompsPRD.
pdf>] [11 <./Figs/figAgeCompsCC.pdf>] [12 <./Figs/figAgeCompsSOG.pdf>] [13 <./F
igs/figAgeCompsWCVI.pdf>]
<Figs/figMeanWt.pdf, id=672, 556.0775pt x 459.7175pt>
File: Figs/figMeanWt.pdf Graphic file (type pdf)
 <use Figs/figMeanWt.pdf>
[14 <./Figs/figMeanWt.pdf>]

LaTeX Warning: Reference `TableSOGsimCtrl' on page 15 undefined on input line 1
41.


LaTeX Warning: Reference `TabelSOGmcCTRL' on page 15 undefined on input line 14
9.

LaTeX Font Info:    Font shape `OT1/ppl/bx/n' in size <6> not available
(Font)              Font shape `OT1/ppl/b/n' tried instead on input line 153.

Package hyperref Warning: Token not allowed in a PDF string (PDFDocEncoding):
(hyperref)                removing `math shift' on input line 153.


Package hyperref Warning: Token not allowed in a PDF string (PDFDocEncoding):
(hyperref)                removing `superscript' on input line 153.


Package hyperref Warning: Token not allowed in a PDF string (PDFDocEncoding):
(hyperref)                removing `math shift' on input line 153.


Package hyperref Warning: Token not allowed in a PDF string (PDFDocEncoding):
(hyperref)                removing `math shift' on input line 153.


Package hyperref Warning: Token not allowed in a PDF string (PDFDocEncoding):
(hyperref)                removing `subscript' on input line 153.


Package hyperref Warning: Token not allowed in a PDF string (PDFDocEncoding):
(hyperref)                removing `math shift' on input line 153.

[15] [16]) (./Results.tex <Figs/simPlot.pdf, id=718, 556.0775pt x 459.7175pt>
File: Figs/simPlot.pdf Graphic file (type pdf)

<use Figs/simPlot.pdf>
Underfull \hbox (badness 10000) in paragraph at lines 9--10

 []

[17] [18 <./Figs/simPlot.pdf>]
<Figs/SOGParameterBias.pdf, id=738, 556.0775pt x 459.7175pt>
File: Figs/SOGParameterBias.pdf Graphic file (type pdf)

<use Figs/SOGParameterBias.pdf>
Underfull \hbox (badness 10000) in paragraph at lines 23--24

 []

[19 <./Figs/SOGParameterBias.pdf>]

Package hyperref Warning: Token not allowed in a PDF string (PDFDocEncoding):
(hyperref)                removing `math shift' on input line 32.


Package hyperref Warning: Token not allowed in a PDF string (PDFDocEncoding):
(hyperref)                removing `superscript' on input line 32.


Package hyperref Warning: Token not allowed in a PDF string (PDFDocEncoding):
(hyperref)                removing `math shift' on input line 32.


Package hyperref Warning: Token not allowed in a PDF string (PDFDocEncoding):
(hyperref)                removing `math shift' on input line 32.


Package hyperref Warning: Token not allowed in a PDF string (PDFDocEncoding):
(hyperref)                removing `subscript' on input line 32.


Package hyperref Warning: Token not allowed in a PDF string (PDFDocEncoding):
(hyperref)                removing `math shift' on input line 32.

<Figs/fig1_HCAM_ctrl.pdf, id=757, 556.0775pt x 459.7175pt>
File: Figs/fig1_HCAM_ctrl.pdf Graphic file (type pdf)

<use Figs/fig1_HCAM_ctrl.pdf>
Underfull \hbox (badness 10000) in paragraph at lines 64--65

 []

[20] [21 <./Figs/fig1_HCAM_ctrl.pdf>]
<Figs/fig2_HCAM_ctrl.pdf, id=777, 556.0775pt x 459.7175pt>
File: Figs/fig2_HCAM_ctrl.pdf Graphic file (type pdf)

<use Figs/fig2_HCAM_ctrl.pdf>
Underfull \hbox (badness 10000) in paragraph at lines 79--80

 []

<Figs/fig3_HCAM_ctrl.pdf, id=778, 556.0775pt x 459.7175pt>
File: Figs/fig3_HCAM_ctrl.pdf Graphic file (type pdf)

<use Figs/fig3_HCAM_ctrl.pdf>
Underfull \hbox (badness 10000) in paragraph at lines 87--88

 []

<Figs/figHCAMvsiSCAM.pdf, id=780, 433.62pt x 578.16pt>
File: Figs/figHCAMvsiSCAM.pdf Graphic file (type pdf)

<use Figs/figHCAMvsiSCAM.pdf>
Underfull \hbox (badness 10000) in paragraph at lines 95--96

 []


LaTeX Warning: Float too large for page by 21.94081pt on input line 97.

[22 <./Figs/fig2_HCAM_ctrl.pdf>] [23 <./Figs/fig3_HCAM_ctrl.pdf>]

Package hyperref Warning: Token not allowed in a PDF string (PDFDocEncoding):
(hyperref)                removing `math shift' on input line 103.


Package hyperref Warning: Token not allowed in a PDF string (PDFDocEncoding):
(hyperref)                removing `math shift' on input line 103.


Package hyperref Warning: Token not allowed in a PDF string (PDFDocEncoding):
(hyperref)                removing `math shift' on input line 104.


Package hyperref Warning: Token not allowed in a PDF string (PDFDocEncoding):
(hyperref)                removing `subscript' on input line 104.


Package hyperref Warning: Token not allowed in a PDF string (PDFDocEncoding):
(hyperref)                removing `math shift' on input line 104.

<Figs/figSBmcmc.pdf, id=800, 556.0775pt x 459.7175pt>
File: Figs/figSBmcmc.pdf Graphic file (type pdf)
 <use Figs/figSBmcmc.pdf>
Underfull \hbox (badness 10000) in paragraph at lines 111--112

 []

) [24] [25 <./Figs/figHCAMvsiSCAM.pdf>] [26 <./Figs/figSBmcmc.pdf>]
(./BCHerring2011.bbl) [27

] (./Appendix_iSCAMdescription.tex

Package hyperref Warning: Token not allowed in a PDF string (PDFDocEncoding):
(hyperref)                removing `math shift' on input line 1.


Package hyperref Warning: Token not allowed in a PDF string (PDFDocEncoding):
(hyperref)                removing `superscript' on input line 1.


Package hyperref Warning: Token not allowed in a PDF string (PDFDocEncoding):
(hyperref)                removing `math shift' on input line 1.


Package hyperref Warning: Token not allowed in a PDF string (PDFDocEncoding):
(hyperref)                removing `math shift' on input line 1.


Package hyperref Warning: Token not allowed in a PDF string (PDFDocEncoding):
(hyperref)                removing `subscript' on input line 1.


Package hyperref Warning: Token not allowed in a PDF string (PDFDocEncoding):
(hyperref)                removing `math shift' on input line 1.

[28] [29] <Figs/Fig1Quadplot.pdf, id=886, 505.89pt x 505.89pt>
File: Figs/Fig1Quadplot.pdf Graphic file (type pdf)

<use Figs/Fig1Quadplot.pdf> [30pdfTeX warning (ext4): destination with the same
 identifier (name{equation.A.1}) has been already used, duplicate ignored

\AtBegShi@Output ...ipout \box \AtBeginShipoutBox 
                                                  \fi \fi 
l.128 
       <./Figs/Fig1Quadplot.pdf>]pdfTeX warning (ext4): destination with the sa
me identifier (name{equation.A.1}) has been already used, duplicate ignored
<to be read again> 
                   \relax 
l.172     \end{gather}
                      pdfTeX warning (ext4): destination with the same identifi
er (name{equation.A.2}) has been already used, duplicate ignored
<to be read again> 
                   \relax 
l.172     \end{gather}
                      pdfTeX warning (ext4): destination with the same identifi
er (name{equation.A.3}) has been already used, duplicate ignored
<to be read again> 
                   \relax 
l.172     \end{gather}
                      pdfTeX warning (ext4): destination with the same identifi
er (name{equation.A.4}) has been already used, duplicate ignored
<to be read again> 
                   \relax 
l.172     \end{gather}
                      pdfTeX warning (ext4): destination with the same identifi
er (name{equation.A.5}) has been already used, duplicate ignored
<to be read again> 
                   \relax 
l.172     \end{gather}
                      pdfTeX warning (ext4): destination with the same identifi
er (name{equation.A.6}) has been already used, duplicate ignored
<to be read again> 
                   \relax 
l.172     \end{gather}
                      pdfTeX warning (ext4): destination with the same identifi
er (name{equation.A.1}) has been already used, duplicate ignored
<to be read again> 
                   \relax 
l.256     \end{align}
                     pdfTeX warning (ext4): destination with the same identifie
r (name{equation.A.2}) has been already used, duplicate ignored
<to be read again> 
                   \relax 
l.256     \end{align}
                     pdfTeX warning (ext4): destination with the same identifie
r (name{equation.A.3}) has been already used, duplicate ignored
<to be read again> 
                   \relax 
l.256     \end{align}
                     pdfTeX warning (ext4): destination with the same identifie
r (name{equation.A.4}) has been already used, duplicate ignored
<to be read again> 
                   \relax 
l.256     \end{align}
                     pdfTeX warning (ext4): destination with the same identifie
r (name{equation.A.5}) has been already used, duplicate ignored
<to be read again> 
                   \relax 
l.256     \end{align}
                     pdfTeX warning (ext4): destination with the same identifie
r (name{equation.A.6}) has been already used, duplicate ignored
<to be read again> 
                   \relax 
l.256     \end{align}
                     pdfTeX warning (ext4): destination with the same identifie
r (name{equation.A.7}) has been already used, duplicate ignored
<to be read again> 
                   \relax 
l.256     \end{align}
                     pdfTeX warning (ext4): destination with the same identifie
r (name{equation.A.8}) has been already used, duplicate ignored
<to be read again> 
                   \relax 
l.256     \end{align}
                     pdfTeX warning (ext4): destination with the same identifie
r (name{equation.A.9}) has been already used, duplicate ignored
<to be read again> 
                   \relax 
l.256     \end{align}
                     pdfTeX warning (ext4): destination with the same identifie
r (name{equation.A.10}) has been already used, duplicate ignored
<to be read again> 
                   \relax 
l.256     \end{align}
                     pdfTeX warning (ext4): destination with the same identifie
r (name{equation.A.11}) has been already used, duplicate ignored
<to be read again> 
                   \relax 
l.256     \end{align}
                     pdfTeX warning (ext4): destination with the same identifie
r (name{equation.A.12}) has been already used, duplicate ignored
<to be read again> 
                   \relax 
l.256     \end{align}
                     pdfTeX warning (ext4): destination with the same identifie
r (name{equation.A.13}) has been already used, duplicate ignored
<to be read again> 
                   \relax 
l.256     \end{align}
                     pdfTeX warning (ext4): destination with the same identifie
r (name{equation.A.14}) has been already used, duplicate ignored
<to be read again> 
                   \relax 
l.256     \end{align}
                      [31] [32] [33]pdfTeX warning (ext4): destination with the
 same identifier (name{equation.A.2}) has been already used, duplicate ignored
<to be read again> 
                   \relax 
l.329 \begin{equation}
                      \label{eq2ndDiff}pdfTeX warning (ext4): destination with 
the same identifier (name{equation.A.2}) has been already used, duplicate ignor
ed
<to be read again> 
                   \relax 
l.329 \begin{equation}
                      \label{eq2ndDiff}pdfTeX warning (ext4): destination with 
the same identifier (name{equation.A.2}) has been already used, duplicate ignor
ed
<to be read again> 
                   \relax 
l.329 \begin{equation}
                      \label{eq2ndDiff}pdfTeX warning (ext4): destination with 
the same identifier (name{equation.A.2}) has been already used, duplicate ignor
ed
<to be read again> 
                   \relax 
l.329 \begin{equation}
                      \label{eq2ndDiff}pdfTeX warning (ext4): destination with 
the same identifier (name{equation.A.3}) has been already used, duplicate ignor
ed
<to be read again> 
                   \relax 
l.333 \begin{equation}
                      \label{eqDomePenalty}pdfTeX warning (ext4): destination w
ith the same identifier (name{equation.A.3}) has been already used, duplicate i
gnored
<to be read again> 
                   \relax 
l.333 \begin{equation}
                      \label{eqDomePenalty}pdfTeX warning (ext4): destination w
ith the same identifier (name{equation.A.3}) has been already used, duplicate i
gnored
<to be read again> 
                   \relax 
l.333 \begin{equation}
                      \label{eqDomePenalty}pdfTeX warning (ext4): destination w
ith the same identifier (name{equation.A.3}) has been already used, duplicate i
gnored
<to be read again> 
                   \relax 
l.333 \begin{equation}
                      \label{eqDomePenalty}
<Figs/SplineEg.pdf, id=934, 505.89pt x 505.89pt>
File: Figs/SplineEg.pdf Graphic file (type pdf)
 <use Figs/SplineEg.pdf>
[34] <Figs/BicubicEg.pdf, id=943, 811.03pt x 488.82625pt>
File: Figs/BicubicEg.pdf Graphic file (type pdf)

<use Figs/BicubicEg.pdf> [35 <./Figs/SplineEg.pdf>]pdfTeX warning (ext4): desti
nation with the same identifier (name{equation.A.4}) has been already used, dup
licate ignored
<to be read again> 
                   \relax 
l.392 \begin{equation}
                      \label{eq2}pdfTeX warning (ext4): destination with the sa
me identifier (name{equation.A.4}) has been already used, duplicate ignored
<to be read again> 
                   \relax 
l.392 \begin{equation}
                      \label{eq2}pdfTeX warning (ext4): destination with the sa
me identifier (name{equation.A.4}) has been already used, duplicate ignored
<to be read again> 
                   \relax 
l.392 \begin{equation}
                      \label{eq2}pdfTeX warning (ext4): destination with the sa
me identifier (name{equation.A.4}) has been already used, duplicate ignored
<to be read again> 
                   \relax 
l.392 \begin{equation}
                      \label{eq2}pdfTeX warning (ext4): destination with the sa
me identifier (name{equation.A.5}) has been already used, duplicate ignored
<to be read again> 
                   \relax 
l.396 \begin{equation}
                      \label{eq3}pdfTeX warning (ext4): destination with the sa
me identifier (name{equation.A.5}) has been already used, duplicate ignored
<to be read again> 
                   \relax 
l.396 \begin{equation}
                      \label{eq3}pdfTeX warning (ext4): destination with the sa
me identifier (name{equation.A.5}) has been already used, duplicate ignored
<to be read again> 
                   \relax 
l.396 \begin{equation}
                      \label{eq3}pdfTeX warning (ext4): destination with the sa
me identifier (name{equation.A.5}) has been already used, duplicate ignored
<to be read again> 
                   \relax 
l.396 \begin{equation}
                      \label{eq3}pdfTeX warning (ext4): destination with the sa
me identifier (name{equation.A.6}) has been already used, duplicate ignored
<to be read again> 
                   \relax 
l.404 \begin{equation}
                      \label{eq4}pdfTeX warning (ext4): destination with the sa
me identifier (name{equation.A.6}) has been already used, duplicate ignored
<to be read again> 
                   \relax 
l.404 \begin{equation}
                      \label{eq4}pdfTeX warning (ext4): destination with the sa
me identifier (name{equation.A.6}) has been already used, duplicate ignored
<to be read again> 
                   \relax 
l.404 \begin{equation}
                      \label{eq4}pdfTeX warning (ext4): destination with the sa
me identifier (name{equation.A.6}) has been already used, duplicate ignored
<to be read again> 
                   \relax 
l.404 \begin{equation}
                      \label{eq4} [36 <./Figs/BicubicEg.pdf>]pdfTeX warning (ex
t4): destination with the same identifier (name{equation.A.7}) has been already
 used, duplicate ignored
<to be read again> 
                   \relax 
l.408 \begin{equation}
                      \label{eq5}pdfTeX warning (ext4): destination with the sa
me identifier (name{equation.A.7}) has been already used, duplicate ignored
<to be read again> 
                   \relax 
l.408 \begin{equation}
                      \label{eq5}pdfTeX warning (ext4): destination with the sa
me identifier (name{equation.A.7}) has been already used, duplicate ignored
<to be read again> 
                   \relax 
l.408 \begin{equation}
                      \label{eq5}pdfTeX warning (ext4): destination with the sa
me identifier (name{equation.A.7}) has been already used, duplicate ignored
<to be read again> 
                   \relax 
l.408 \begin{equation}
                      \label{eq5}pdfTeX warning (ext4): destination with the sa
me identifier (name{equation.A.8}) has been already used, duplicate ignored
<to be read again> 
                   \relax 
l.420 \end{align}
                  [37]pdfTeX warning (ext4): destination with the same identifi
er (name{equation.A.9}) has been already used, duplicate ignored
<to be read again> 
                   \relax 
l.437 \begin{equation}
                      \label{eq7}pdfTeX warning (ext4): destination with the sa
me identifier (name{equation.A.9}) has been already used, duplicate ignored
<to be read again> 
                   \relax 
l.437 \begin{equation}
                      \label{eq7}pdfTeX warning (ext4): destination with the sa
me identifier (name{equation.A.9}) has been already used, duplicate ignored
<to be read again> 
                   \relax 
l.437 \begin{equation}
                      \label{eq7}pdfTeX warning (ext4): destination with the sa
me identifier (name{equation.A.9}) has been already used, duplicate ignored
<to be read again> 
                   \relax 
l.437 \begin{equation}
                      \label{eq7}pdfTeX warning (ext4): destination with the sa
me identifier (name{equation.A.10}) has been already used, duplicate ignored
<to be read again> 
                   \relax 
l.445 \begin{equation}
                      \label{eq8}pdfTeX warning (ext4): destination with the sa
me identifier (name{equation.A.10}) has been already used, duplicate ignored
<to be read again> 
                   \relax 
l.445 \begin{equation}
                      \label{eq8}pdfTeX warning (ext4): destination with the sa
me identifier (name{equation.A.10}) has been already used, duplicate ignored
<to be read again> 
                   \relax 
l.445 \begin{equation}
                      \label{eq8}pdfTeX warning (ext4): destination with the sa
me identifier (name{equation.A.10}) has been already used, duplicate ignored
<to be read again> 
                   \relax 
l.445 \begin{equation}
                      \label{eq8}pdfTeX warning (ext4): destination with the sa
me identifier (name{equation.A.11}) has been already used, duplicate ignored
<to be read again> 
                   \relax 
l.458 \begin{equation}
                      \label{eq9}pdfTeX warning (ext4): destination with the sa
me identifier (name{equation.A.11}) has been already used, duplicate ignored
<to be read again> 
                   \relax 
l.458 \begin{equation}
                      \label{eq9}pdfTeX warning (ext4): destination with the sa
me identifier (name{equation.A.11}) has been already used, duplicate ignored
<to be read again> 
                   \relax 
l.458 \begin{equation}
                      \label{eq9}pdfTeX warning (ext4): destination with the sa
me identifier (name{equation.A.11}) has been already used, duplicate ignored
<to be read again> 
                   \relax 
l.458 \begin{equation}
                      \label{eq9}pdfTeX warning (ext4): destination with the sa
me identifier (name{equation.A.12}) has been already used, duplicate ignored
<to be read again> 
                   \relax 
l.464 \begin{equation}
                      \label{eq10}pdfTeX warning (ext4): destination with the s
ame identifier (name{equation.A.12}) has been already used, duplicate ignored
<to be read again> 
                   \relax 
l.464 \begin{equation}
                      \label{eq10}pdfTeX warning (ext4): destination with the s
ame identifier (name{equation.A.12}) has been already used, duplicate ignored
<to be read again> 
                   \relax 
l.464 \begin{equation}
                      \label{eq10}pdfTeX warning (ext4): destination with the s
ame identifier (name{equation.A.12}) has been already used, duplicate ignored
<to be read again> 
                   \relax 
l.464 \begin{equation}
                      \label{eq10}pdfTeX warning (ext4): destination with the s
ame identifier (name{equation.A.13}) has been already used, duplicate ignored
<to be read again> 
                   \relax 
l.474 \end{align}
                 pdfTeX warning (ext4): destination with the same identifier (n
ame{equation.A.14}) has been already used, duplicate ignored
<to be read again> 
                   \relax 
l.474 \end{align}
                  [38]pdfTeX warning (ext4): destination with the same identifi
er (name{equation.A.15}) has been already used, duplicate ignored
<to be read again> 
                   \relax 
l.495 \begin{equation}
                      \label{eq11}pdfTeX warning (ext4): destination with the s
ame identifier (name{equation.A.15}) has been already used, duplicate ignored
<to be read again> 
                   \relax 
l.495 \begin{equation}
                      \label{eq11}pdfTeX warning (ext4): destination with the s
ame identifier (name{equation.A.15}) has been already used, duplicate ignored
<to be read again> 
                   \relax 
l.495 \begin{equation}
                      \label{eq11}pdfTeX warning (ext4): destination with the s
ame identifier (name{equation.A.15}) has been already used, duplicate ignored
<to be read again> 
                   \relax 
l.495 \begin{equation}
                      \label{eq11} [39]
<Figs/priorexample.pdf, id=1011, 556.0775pt x 459.7175pt>
File: Figs/priorexample.pdf Graphic file (type pdf)

<use Figs/priorexample.pdf> [40] [41 <./Figs/priorexample.pdf>])
(./Appendix1.tex (../../Examples/qciHerring/QCIHerring2010.dat [42

])
(../../Examples/qciHerring/QCIHerring2010.ctl) [43]
(../../Examples/prdHerring/PRDHerring2010.dat [44

])
(../../Examples/PRDHerring/PRDHerring2010.ctl) [45]
(../../Examples/ccHerring/CCHerring2010.dat [46

])
(../../Examples/CCHerring/CCHerring2010.ctl) [47]
(../../Examples/sogHerring/SOGHerring2010.dat [48

])
(../../Examples/sogHerring/SOGHerring2010.ctl [49]) [50]
(../../Examples/wcviHerring/WCVIHerring2010.dat [51

]
Overfull \hbox (19.81288pt too wide) in paragraph at lines 260--260
[]\OT1/cmtt/m/n/5 1951 0.0503000 0.0873000 0.1144000 0.1339000 0.1489000 0.1600
000 0.2050000 0.1960000 0.1586000[] 
 []


Overfull \hbox (19.81288pt too wide) in paragraph at lines 261--261
[]\OT1/cmtt/m/n/5 1952 0.0536000 0.0896000 0.1144000 0.1386000 0.1569000 0.1699
000 0.1781000 0.1900000 0.1586000[] 
 []


Overfull \hbox (19.81288pt too wide) in paragraph at lines 262--262
[]\OT1/cmtt/m/n/5 1953 0.0446000 0.0799000 0.1001000 0.1210000 0.1473000 0.1455
000 0.1594143 0.1656286 0.1586000[] 
 []


Overfull \hbox (19.81288pt too wide) in paragraph at lines 263--263
[]\OT1/cmtt/m/n/5 1954 0.0542000 0.0854000 0.1056000 0.1258000 0.1474000 0.1658
000 0.1550000 0.1656286 0.1586000[] 
 []


Overfull \hbox (19.81288pt too wide) in paragraph at lines 264--264
[]\OT1/cmtt/m/n/5 1955 0.0579000 0.0827000 0.1070000 0.1249000 0.1514000 0.1310
000 0.1594143 0.1656286 0.1586000[] 
 []


Overfull \hbox (19.81288pt too wide) in paragraph at lines 265--265
[]\OT1/cmtt/m/n/5 1956 0.0577000 0.0860000 0.1064000 0.1192000 0.1389000 0.1440
000 0.1594143 0.1400000 0.1586000[] 
 []


Overfull \hbox (19.81288pt too wide) in paragraph at lines 266--266
[]\OT1/cmtt/m/n/5 1957 0.0543000 0.0775000 0.1016000 0.1139000 0.1360000 0.1440
000 0.1420000 0.1400000 0.1586000[] 
 []


Overfull \hbox (19.81288pt too wide) in paragraph at lines 267--267
[]\OT1/cmtt/m/n/5 1958 0.0503000 0.0693000 0.0965000 0.1093000 0.1248000 0.1281
000 0.1383000 0.1690000 0.1586000[] 
 []


Overfull \hbox (19.81288pt too wide) in paragraph at lines 268--268
[]\OT1/cmtt/m/n/5 1959 0.0508000 0.0808000 0.0970000 0.1130000 0.1241000 0.1332
000 0.1371000 0.1499000 0.1527000[] 
 []


Overfull \hbox (19.81288pt too wide) in paragraph at lines 269--269
[]\OT1/cmtt/m/n/5 1960 0.0594000 0.0897000 0.1060000 0.1212000 0.1336000 0.1446
000 0.1604000 0.1745000 0.1645000[] 
 []


Overfull \hbox (19.81288pt too wide) in paragraph at lines 270--270
[]\OT1/cmtt/m/n/5 1961 0.0583000 0.0908000 0.1159000 0.1410000 0.1730000 0.1484
429 0.1594143 0.1656286 0.1586000[] 
 []


Overfull \hbox (19.81288pt too wide) in paragraph at lines 271--271
[]\OT1/cmtt/m/n/5 1962 0.0567000 0.0922000 0.1093000 0.1241000 0.1282000 0.1484
429 0.1594143 0.1656286 0.1586000[] 
 []


Overfull \hbox (19.81288pt too wide) in paragraph at lines 272--272
[]\OT1/cmtt/m/n/5 1963 0.0562000 0.0883000 0.1116000 0.1222000 0.1366000 0.1448
000 0.1594143 0.1656286 0.1586000[] 
 []


Overfull \hbox (19.81288pt too wide) in paragraph at lines 273--273
[]\OT1/cmtt/m/n/5 1964 0.0650000 0.0931000 0.1145000 0.1362000 0.1452000 0.1300
000 0.1594143 0.1656286 0.1586000[] 
 []


Overfull \hbox (19.81288pt too wide) in paragraph at lines 274--274
[]\OT1/cmtt/m/n/5 1965 0.0683000 0.1040000 0.1292000 0.1474000 0.1733000 0.1580
000 0.1594143 0.1656286 0.1586000[] 
 []


Overfull \hbox (19.81288pt too wide) in paragraph at lines 275--275
[]\OT1/cmtt/m/n/5 1966 0.0420000 0.1128000 0.1351000 0.1489000 0.1627000 0.1793
000 0.1594143 0.1656286 0.1586000[] 
 []


Overfull \hbox (19.81288pt too wide) in paragraph at lines 276--276
[]\OT1/cmtt/m/n/5 1967 0.0549750 0.0880875 0.1102875 0.1275375 0.1455187 0.1484
429 0.1594143 0.1656286 0.1586000[] 
 []


Overfull \hbox (19.81288pt too wide) in paragraph at lines 277--277
[]\OT1/cmtt/m/n/5 1968 0.0549750 0.0880875 0.1102875 0.1275375 0.1455187 0.1484
429 0.1594143 0.1656286 0.1586000[] 
 []


Overfull \hbox (19.81288pt too wide) in paragraph at lines 278--278
[]\OT1/cmtt/m/n/5 1969 0.0549750 0.0880875 0.1102875 0.1275375 0.1455187 0.1484
429 0.1594143 0.1656286 0.1586000[] 
 []


Overfull \hbox (19.81288pt too wide) in paragraph at lines 279--279
[]\OT1/cmtt/m/n/5 1970 0.0639778 0.0949000 0.1248556 0.1501222 0.1697500 0.1844
389 0.1957944 0.2034412 0.2082571[] 
 []


Overfull \hbox (19.81288pt too wide) in paragraph at lines 280--280
[]\OT1/cmtt/m/n/5 1971 0.0640000 0.1174000 0.1485000 0.1660000 0.1689000 0.1991
000 0.2175000 0.2034412 0.2082571[] 
 []


Overfull \hbox (19.81288pt too wide) in paragraph at lines 281--281
[]\OT1/cmtt/m/n/5 1972 0.0642000 0.1036000 0.1382000 0.1596000 0.1737000 0.1807
000 0.2032000 0.1600000 0.2082571[] 
 []


Overfull \hbox (19.81288pt too wide) in paragraph at lines 282--282
[]\OT1/cmtt/m/n/5 1973 0.0633000 0.1037000 0.1349000 0.1598000 0.1836000 0.1924
000 0.1903000 0.2540000 0.2082571[] 
 []


Overfull \hbox (19.81288pt too wide) in paragraph at lines 283--283
[]\OT1/cmtt/m/n/5 1974 0.0617000 0.0854000 0.1234000 0.1487000 0.1717000 0.1856
000 0.1836000 0.2175000 0.2310000[] 
 []


Overfull \hbox (19.81288pt too wide) in paragraph at lines 284--284
[]\OT1/cmtt/m/n/5 1975 0.0547000 0.0918000 0.1279000 0.1652000 0.1893000 0.2071
000 0.2202000 0.2406000 0.2070000[] 
 []


Overfull \hbox (19.81288pt too wide) in paragraph at lines 285--285
[]\OT1/cmtt/m/n/5 1976 0.0536000 0.0873000 0.1202000 0.1518000 0.1811000 0.1951
000 0.2112000 0.2223000 0.2082571[] 
 []


Overfull \hbox (19.81288pt too wide) in paragraph at lines 286--286
[]\OT1/cmtt/m/n/5 1977 0.0628000 0.0885000 0.1253000 0.1435000 0.1695000 0.1828
000 0.1918000 0.1962000 0.2153000[] 
 []


Overfull \hbox (19.81288pt too wide) in paragraph at lines 287--287
[]\OT1/cmtt/m/n/5 1978 0.0591000 0.0797000 0.1082000 0.1341000 0.1539000 0.1736
000 0.1883000 0.2038000 0.2244000[] 
 []


Overfull \hbox (19.81288pt too wide) in paragraph at lines 288--288
[]\OT1/cmtt/m/n/5 1979 0.0621000 0.0831000 0.1104000 0.1412000 0.1672000 0.1835
000 0.2003000 0.2034000 0.1995000[] 
 []


Overfull \hbox (19.81288pt too wide) in paragraph at lines 289--289
[]\OT1/cmtt/m/n/5 1980 0.0669000 0.0825000 0.1079000 0.1314000 0.1590000 0.1789
000 0.1928000 0.2083000 0.2180000[] 
 []


Overfull \hbox (19.81288pt too wide) in paragraph at lines 290--290
[]\OT1/cmtt/m/n/5 1981 0.0630000 0.0906000 0.1104000 0.1377000 0.1527000 0.1755
000 0.1830000 0.1879000 0.1891000[] 
 []


Overfull \hbox (19.81288pt too wide) in paragraph at lines 291--291
[]\OT1/cmtt/m/n/5 1982 0.0708000 0.0892000 0.1094000 0.1251000 0.1423000 0.1500
000 0.1712000 0.1795000 0.1774000[] 
 []


Overfull \hbox (19.81288pt too wide) in paragraph at lines 292--292
[]\OT1/cmtt/m/n/5 1983 0.0611000 0.0938000 0.1190000 0.1405000 0.1552000 0.1660
000 0.1737000 0.1954000 0.1936000[] 
 []


Overfull \hbox (19.81288pt too wide) in paragraph at lines 293--293
[]\OT1/cmtt/m/n/5 1984 0.0692000 0.1013000 0.1306000 0.1535000 0.1662000 0.1767
000 0.1863000 0.1891000 0.2112000[] 
 []


Overfull \hbox (19.81288pt too wide) in paragraph at lines 294--294
[]\OT1/cmtt/m/n/5 1985 0.0694000 0.1016000 0.1351000 0.1609000 0.1818000 0.1857
000 0.2076000 0.1848000 0.1997000[] 
 []


Overfull \hbox (19.81288pt too wide) in paragraph at lines 295--295
[]\OT1/cmtt/m/n/5 1986 0.0683000 0.1028000 0.1311000 0.1601000 0.1809000 0.1919
000 0.1984000 0.2045000 0.2217000[] 
 []


Overfull \hbox (19.81288pt too wide) in paragraph at lines 296--296
[]\OT1/cmtt/m/n/5 1987 0.0695000 0.1026000 0.1367000 0.1634000 0.1810000 0.2001
000 0.2030000 0.2050000 0.2139000[] 
 []


Overfull \hbox (19.81288pt too wide) in paragraph at lines 297--297
[]\OT1/cmtt/m/n/5 1988 0.0679000 0.1033000 0.1302000 0.1597000 0.1775000 0.1952
000 0.2019000 0.2062000 0.2138000[] 
 []


Overfull \hbox (19.81288pt too wide) in paragraph at lines 298--298
[]\OT1/cmtt/m/n/5 1989 0.0649000 0.0967000 0.1268000 0.1476000 0.1700000 0.1869
000 0.1936000 0.1966000 0.2050000[] 
 []


Overfull \hbox (19.81288pt too wide) in paragraph at lines 299--299
[]\OT1/cmtt/m/n/5 1990 0.0620000 0.1008000 0.1295000 0.1542000 0.1721000 0.1881
000 0.1993000 0.2148000 0.1963000[] 
 []


Overfull \hbox (19.81288pt too wide) in paragraph at lines 300--300
[]\OT1/cmtt/m/n/5 1991 0.0662000 0.0942000 0.1235000 0.1412000 0.1608000 0.1773
000 0.1858000 0.1978000 0.2065000[] 
 []


Overfull \hbox (19.81288pt too wide) in paragraph at lines 301--301
[]\OT1/cmtt/m/n/5 1992 0.0687000 0.1006000 0.1256000 0.1493000 0.1638000 0.1773
000 0.1879000 0.1973000 0.2082000[] 
 []


Overfull \hbox (19.81288pt too wide) in paragraph at lines 302--302
[]\OT1/cmtt/m/n/5 1993 0.0685000 0.0973000 0.1217000 0.1406000 0.1593000 0.1694
000 0.1784000 0.1873000 0.1979000[] 
 []


Overfull \hbox (19.81288pt too wide) in paragraph at lines 303--303
[]\OT1/cmtt/m/n/5 1994 0.0648000 0.0949000 0.1194000 0.1358000 0.1498000 0.1605
000 0.1642000 0.1748000 0.1779000[] 
 []


Overfull \hbox (19.81288pt too wide) in paragraph at lines 304--304
[]\OT1/cmtt/m/n/5 1995 0.0693000 0.0979000 0.1216000 0.1432000 0.1599000 0.1749
000 0.1823000 0.1888000 0.1874000[] 
 []


Overfull \hbox (19.81288pt too wide) in paragraph at lines 305--305
[]\OT1/cmtt/m/n/5 1996 0.0695000 0.0855000 0.1160000 0.1363000 0.1520000 0.1646
000 0.1766000 0.1814000 0.1921000[] 
 []


Overfull \hbox (19.81288pt too wide) in paragraph at lines 306--306
[]\OT1/cmtt/m/n/5 1997 0.0641000 0.0914000 0.1055000 0.1316000 0.1492000 0.1610
000 0.1756000 0.1729000 0.1794000[] 
 []


Overfull \hbox (19.81288pt too wide) in paragraph at lines 307--307
[]\OT1/cmtt/m/n/5 1998 0.0589000 0.0796000 0.1037000 0.1133000 0.1321000 0.1424
000 0.1494000 0.1557000 0.1575000[] 
 []


Overfull \hbox (19.81288pt too wide) in paragraph at lines 308--308
[]\OT1/cmtt/m/n/5 1999 0.0536000 0.0832000 0.0991000 0.1195000 0.1257000 0.1440
000 0.1521000 0.1634000 0.1562000[] 
 []


Overfull \hbox (19.81288pt too wide) in paragraph at lines 309--309
[]\OT1/cmtt/m/n/5 2000 0.0578000 0.0868000 0.1074000 0.1301000 0.1468000 0.1584
000 0.1609000 0.1681000 0.1771000[] 
 []


Overfull \hbox (19.81288pt too wide) in paragraph at lines 310--310
[]\OT1/cmtt/m/n/5 2001 0.0659000 0.0885000 0.1074000 0.1242000 0.1408000 0.1564
000 0.1563000 0.1478000 0.1983000[] 
 []


Overfull \hbox (19.81288pt too wide) in paragraph at lines 311--311
[]\OT1/cmtt/m/n/5 2002 0.0634000 0.0840000 0.1032000 0.1249000 0.1440000 0.1566
000 0.1704000 0.1868000 0.2180000[] 
 []


Overfull \hbox (19.81288pt too wide) in paragraph at lines 312--312
[]\OT1/cmtt/m/n/5 2003 0.0609000 0.0934000 0.1031000 0.1207000 0.1387000 0.1544
000 0.1763000 0.1670000 0.1920000[] 
 []


Overfull \hbox (19.81288pt too wide) in paragraph at lines 313--313
[]\OT1/cmtt/m/n/5 2004 0.0635000 0.0814000 0.1028000 0.1100000 0.1242000 0.1340
000 0.1557000 0.1657000 0.1852235[] 
 []


Overfull \hbox (19.81288pt too wide) in paragraph at lines 314--314
[]\OT1/cmtt/m/n/5 2005 0.0559000 0.0755000 0.0913000 0.1122000 0.1204000 0.1332
000 0.1375000 0.1525000 0.1370000[] 
 []


Overfull \hbox (19.81288pt too wide) in paragraph at lines 315--315
[]\OT1/cmtt/m/n/5 2006 0.0548000 0.0693000 0.0877000 0.1020000 0.1169000 0.1103
000 0.1280000 0.1754278 0.1852235[] 
 []


Overfull \hbox (19.81288pt too wide) in paragraph at lines 316--316
[]\OT1/cmtt/m/n/5 2007 0.0546000 0.0727000 0.0805000 0.0924000 0.0981000 0.1313
000 0.1642400 0.1754278 0.1852235[] 
 []


Overfull \hbox (19.81288pt too wide) in paragraph at lines 317--317
[]\OT1/cmtt/m/n/5 2008 0.0565000 0.0603000 0.0877000 0.1034000 0.1156000 0.1315
000 0.1450000 0.1390000 0.1620000[] 
 []


Overfull \hbox (19.81288pt too wide) in paragraph at lines 318--318
[]\OT1/cmtt/m/n/5 2009 0.0461000 0.0753000 0.0777000 0.1038000 0.1101000 0.1138
000 0.1642400 0.1754278 0.1852235[] 
 []


Overfull \hbox (19.81288pt too wide) in paragraph at lines 319--319
[]\OT1/cmtt/m/n/5 2010 0.0490000 0.0714000 0.0855000 0.0923000 0.1069000 0.1170
000 0.1095000 0.1754278 0.1852235[] 
 []

) (../../Examples/wcviHerring/WCVIHerring2010.ctl) [52])
(./Tables/CatchTable.tex [53


] [54]) (./Tables/SurveyTable.tex [55


])
(./Tables/RefPointsTableq1.tex) (./Tables/DecisionTableq1.tex)
(./Tables/DecisionTableq1b.tex) [56] (./Tables/RefPointsTableq587.tex)
(./Tables/DecisionTableq587.tex) (./Tables/DecisionTableq587b.tex) [57


]
(./BCHerring2011.aux)

LaTeX Warning: There were undefined references.


LaTeX Warning: There were multiply-defined labels.

 ) 
Here is how much of TeX's memory you used:
 9624 strings out of 493876
 143226 string characters out of 1150567
 426994 words of memory out of 3000000
 12408 multiletter control sequences out of 10000+50000
 31695 words of font info for 90 fonts, out of 3000000 for 5000
 714 hyphenation exceptions out of 8191
 44i,21n,45p,1558b,596s stack positions out of 5000i,500n,10000p,200000b,50000s
{/usr/local/texlive/2008/texmf-dist/fonts/enc/dvips/base/8r.enc}</usr/local/t
exlive/2008/texmf-dist/fonts/type1/bluesky/cm/cmex10.pfb></usr/local/texlive/20
08/texmf-dist/fonts/type1/bluesky/cm/cmmi10.pfb></usr/local/texlive/2008/texmf-
dist/fonts/type1/bluesky/cm/cmmi5.pfb></usr/local/texlive/2008/texmf-dist/fonts
/type1/bluesky/cm/cmmi7.pfb></usr/local/texlive/2008/texmf-dist/fonts/type1/blu
esky/cm/cmmi8.pfb></usr/local/texlive/2008/texmf-dist/fonts/type1/bluesky/cm/cm
mi9.pfb></usr/local/texlive/2008/texmf-dist/fonts/type1/bluesky/cm/cmr10.pfb></
usr/local/texlive/2008/texmf-dist/fonts/type1/bluesky/cm/cmr5.pfb></usr/local/t
exlive/2008/texmf-dist/fonts/type1/bluesky/cm/cmr6.pfb></usr/local/texlive/2008
/texmf-dist/fonts/type1/bluesky/cm/cmr7.pfb></usr/local/texlive/2008/texmf-dist
/fonts/type1/bluesky/cm/cmr8.pfb></usr/local/texlive/2008/texmf-dist/fonts/type
1/bluesky/cm/cmsy10.pfb></usr/local/texlive/2008/texmf-dist/fonts/type1/bluesky
/cm/cmsy5.pfb></usr/local/texlive/2008/texmf-dist/fonts/type1/bluesky/cm/cmsy7.
pfb></usr/local/texlive/2008/texmf-dist/fonts/type1/bluesky/cm/cmtt10.pfb></usr
/local/texlive/2008/texmf-dist/fonts/type1/bluesky/cm/cmtt12.pfb></usr/local/te
xlive/2008/texmf-dist/fonts/type1/bluesky/cm/cmtt8.pfb></usr/local/texlive/2008
/texmf-dist/fonts/type1/bluesky/ams/msbm10.pfb></usr/local/texlive/2008/texmf-d
ist/fonts/type1/urw/palatino/uplb8a.pfb></usr/local/texlive/2008/texmf-dist/fon
ts/type1/urw/palatino/uplr8a.pfb></usr/local/texlive/2008/texmf-dist/fonts/type
1/urw/palatino/uplri8a.pfb>
Output written on BCHerring2011.pdf (63 pages, 5587740 bytes).
PDF statistics:
 1221 PDF objects out of 1440 (max. 8388607)
 194 named destinations out of 1000 (max. 131072)
 618 words of extra memory for PDF output out of 10000 (max. 10000000)

