
This is pdfTeXk, Version 3.1415926-1.40.9 (Web2C 7.5.7)
 file:line:error style messages enabled.
 %&-line parsing enabled.
entering extended mode

(/private/var/folders/6x/6xkLW0-9EO0g+R9VgTVV9U+++TM/-Tmp-/RtmpoWhklg/Rd2pdf5f8
439cd/Rd2.tex
LaTeX2e <2005/12/01>
Babel <v3.8l> and hyphenation patterns for english, usenglishmax, dumylang, noh
yphenation, german-x-2008-06-18, ngerman-x-2008-06-18, ancientgreek, ibycus, ar
abic, basque, bulgarian, catalan, pinyin, coptic, croatian, czech, danish, dutc
h, esperanto, estonian, farsi, finnish, french, galician, german, ngerman, mono
greek, greek, hungarian, icelandic, indonesian, interlingua, irish, italian, la
tin, lithuanian, mongolian, mongolian2a, bokmal, nynorsk, polish, portuguese, r
omanian, russian, sanskrit, serbian, slovak, slovenian, spanish, swedish, turki
sh, ukenglish, ukrainian, uppersorbian, welsh, loaded.

(/usr/local/texlive/2008/texmf-dist/tex/latex/base/book.cls
Document Class: book 2005/09/16 v1.4f Standard LaTeX document class
(/usr/local/texlive/2008/texmf-dist/tex/latex/base/bk10.clo))
(/Library/Frameworks/R.framework/Resources/share/texmf/tex/latex/Rd.sty
(/usr/local/texlive/2008/texmf-dist/tex/latex/base/ifthen.sty)
(/usr/local/texlive/2008/texmf-dist/tex/latex/tools/longtable.sty)
(/usr/local/texlive/2008/texmf-dist/tex/latex/tools/bm.sty)
(/usr/local/texlive/2008/texmf-dist/tex/latex/base/alltt.sty)
(/usr/local/texlive/2008/texmf-dist/tex/latex/tools/verbatim.sty)
(/usr/local/texlive/2008/texmf-dist/tex/latex/ltxmisc/url.sty)
(/Library/Frameworks/R.framework/Resources/share/texmf/tex/latex/upquote.sty
(/usr/local/texlive/2008/texmf-dist/tex/latex/base/textcomp.sty
(/usr/local/texlive/2008/texmf-dist/tex/latex/base/ts1enc.def)))
NOT loading ae (/usr/local/texlive/2008/texmf-dist/tex/latex/base/fontenc.sty
(/usr/local/texlive/2008/texmf-dist/tex/latex/base/t1enc.def))
(/usr/local/texlive/2008/texmf-dist/tex/latex/psnfss/times.sty)
NOT loading lmodern
(/usr/local/texlive/2008/texmf-dist/tex/latex/graphics/color.sty
(/usr/local/texlive/2008/texmf/tex/latex/config/color.cfg)
(/usr/local/texlive/2008/texmf-dist/tex/latex/pdftex-def/pdftex.def))
(/usr/local/texlive/2008/texmf-dist/tex/latex/hyperref/hyperref.sty
(/usr/local/texlive/2008/texmf-dist/tex/latex/graphics/keyval.sty)
(/usr/local/texlive/2008/texmf-dist/tex/generic/oberdiek/ifpdf.sty)
(/usr/local/texlive/2008/texmf-dist/tex/generic/oberdiek/ifvtex.sty)
(/usr/local/texlive/2008/texmf-dist/tex/generic/ifxetex/ifxetex.sty)
(/usr/local/texlive/2008/texmf-dist/tex/latex/oberdiek/hycolor.sty
(/usr/local/texlive/2008/texmf-dist/tex/latex/oberdiek/xcolor-patch.sty))
(/usr/local/texlive/2008/texmf-dist/tex/latex/hyperref/pd1enc.def)
(/usr/local/texlive/2008/texmf-dist/tex/generic/oberdiek/etexcmds.sty
(/usr/local/texlive/2008/texmf-dist/tex/generic/oberdiek/infwarerr.sty))
(/usr/local/texlive/2008/texmf/tex/latex/config/hyperref.cfg)
(/usr/local/texlive/2008/texmf-dist/tex/latex/oberdiek/kvoptions.sty)
Implicit mode ON; LaTeX internals redefined
(/usr/local/texlive/2008/texmf-dist/tex/generic/oberdiek/bitset.sty
(/usr/local/texlive/2008/texmf-dist/tex/generic/oberdiek/intcalc.sty)
(/usr/local/texlive/2008/texmf-dist/tex/generic/oberdiek/bigintcalc.sty
(/usr/local/texlive/2008/texmf-dist/tex/generic/oberdiek/pdftexcmds.sty)))
(/usr/local/texlive/2008/texmf-dist/tex/generic/oberdiek/kvsetkeys.sty)
(/usr/local/texlive/2008/texmf-dist/tex/generic/oberdiek/atbegshi.sty))
*hyperref using default driver hpdftex*
(/usr/local/texlive/2008/texmf-dist/tex/latex/hyperref/hpdftex.def)

Package hyperref Warning: Option `hyperindex' has already been used,
(hyperref)                setting the option has no effect on input line 332.


Package hyperref Warning: Option `pagebackref' has already been used,
(hyperref)                setting the option has no effect on input line 332.

) (/usr/local/texlive/2008/texmf-dist/tex/latex/base/makeidx.sty)
(/usr/local/texlive/2008/texmf-dist/tex/latex/base/inputenc.sty
(/usr/local/texlive/2008/texmf-dist/tex/latex/base/utf8.def
(/usr/local/texlive/2008/texmf-dist/tex/latex/base/t1enc.dfu)
(/usr/local/texlive/2008/texmf-dist/tex/latex/base/ot1enc.dfu)
(/usr/local/texlive/2008/texmf-dist/tex/latex/base/omsenc.dfu)
(/usr/local/texlive/2008/texmf-dist/tex/latex/base/ts1enc.dfu))
(/usr/local/texlive/2008/texmf-dist/tex/latex/base/latin1.def))
Writing index file Rd2.idx
No file Rd2.aux.
(/usr/local/texlive/2008/texmf-dist/tex/latex/base/ts1cmr.fd)
(/usr/local/texlive/2008/texmf-dist/tex/latex/psnfss/t1ptm.fd)
(/usr/local/texlive/2008/texmf-dist/tex/context/base/supp-pdf.tex
[Loading MPS to PDF converter (version 2006.09.02).]
) (/usr/local/texlive/2008/texmf-dist/tex/latex/hyperref/nameref.sty
(/usr/local/texlive/2008/texmf-dist/tex/latex/oberdiek/refcount.sty))
(/usr/local/texlive/2008/texmf-dist/tex/latex/psnfss/t1phv.fd)
(/usr/local/texlive/2008/texmf-dist/tex/latex/psnfss/t1pcr.fd)
(/usr/local/texlive/2008/texmf-dist/tex/latex/base/utf8.def)
(/usr/local/texlive/2008/texmf-dist/tex/latex/base/utf8.def) [1{/usr/local/texl
ive/2008/texmf-var/fonts/map/pdftex/updmap/pdftex.map}]
(/usr/local/texlive/2008/texmf-dist/tex/latex/base/utf8.def) [2]
(/usr/local/texlive/2008/texmf-dist/tex/latex/psnfss/ts1pcr.fd) [3]
No file Rd2.ind.
[4] (./Rd2.aux) )pdfTeX warning (dest): name{Rfn.<pkg>} has been referenced but
 does not exist, replaced by a fixed one

{/usr/local/texlive/2008/texmf-dist/fonts/enc/dvips/base/8r.enc}</usr/local/tex
live/2008/texmf-dist/fonts/type1/urw/courier/ucrr8a.pfb></usr/local/texlive/200
8/texmf-dist/fonts/type1/urw/helvetic/uhvr8a.pfb></usr/local/texlive/2008/texmf
-dist/fonts/type1/urw/times/utmb8a.pfb></usr/local/texlive/2008/texmf-dist/font
s/type1/urw/times/utmr8a.pfb></usr/local/texlive/2008/texmf-dist/fonts/type1/ur
w/times/utmr8a.pfb></usr/local/texlive/2008/texmf-dist/fonts/type1/urw/times/ut
mri8a.pfb>
Output written on Rd2.pdf (4 pages, 78487 bytes).
Transcript written on Rd2.log.
This is makeindex, version 2.15 [20-Nov-2007] (kpathsea + Thai support).
Scanning input file ./Rd2.idx....done (12 entries accepted, 0 rejected).
Sorting entries....done (41 comparisons).
Generating output file ./Rd2.ind....done (30 lines written, 0 warnings).
Output written in ./Rd2.ind.
Transcript written in ./Rd2.ilg.
This is pdfTeXk, Version 3.1415926-1.40.9 (Web2C 7.5.7)
 file:line:error style messages enabled.
 %&-line parsing enabled.
entering extended mode

(/private/var/folders/6x/6xkLW0-9EO0g+R9VgTVV9U+++TM/-Tmp-/RtmpoWhklg/Rd2pdf5f8
439cd/Rd2.tex
LaTeX2e <2005/12/01>
Babel <v3.8l> and hyphenation patterns for english, usenglishmax, dumylang, noh
yphenation, german-x-2008-06-18, ngerman-x-2008-06-18, ancientgreek, ibycus, ar
abic, basque, bulgarian, catalan, pinyin, coptic, croatian, czech, danish, dutc
h, esperanto, estonian, farsi, finnish, french, galician, german, ngerman, mono
greek, greek, hungarian, icelandic, indonesian, interlingua, irish, italian, la
tin, lithuanian, mongolian, mongolian2a, bokmal, nynorsk, polish, portuguese, r
omanian, russian, sanskrit, serbian, slovak, slovenian, spanish, swedish, turki
sh, ukenglish, ukrainian, uppersorbian, welsh, loaded.

(/usr/local/texlive/2008/texmf-dist/tex/latex/base/book.cls
Document Class: book 2005/09/16 v1.4f Standard LaTeX document class
(/usr/local/texlive/2008/texmf-dist/tex/latex/base/bk10.clo))
(/Library/Frameworks/R.framework/Resources/share/texmf/tex/latex/Rd.sty
(/usr/local/texlive/2008/texmf-dist/tex/latex/base/ifthen.sty)
(/usr/local/texlive/2008/texmf-dist/tex/latex/tools/longtable.sty)
(/usr/local/texlive/2008/texmf-dist/tex/latex/tools/bm.sty)
(/usr/local/texlive/2008/texmf-dist/tex/latex/base/alltt.sty)
(/usr/local/texlive/2008/texmf-dist/tex/latex/tools/verbatim.sty)
(/usr/local/texlive/2008/texmf-dist/tex/latex/ltxmisc/url.sty)
(/Library/Frameworks/R.framework/Resources/share/texmf/tex/latex/upquote.sty
(/usr/local/texlive/2008/texmf-dist/tex/latex/base/textcomp.sty
(/usr/local/texlive/2008/texmf-dist/tex/latex/base/ts1enc.def)))
NOT loading ae (/usr/local/texlive/2008/texmf-dist/tex/latex/base/fontenc.sty
(/usr/local/texlive/2008/texmf-dist/tex/latex/base/t1enc.def))
(/usr/local/texlive/2008/texmf-dist/tex/latex/psnfss/times.sty)
NOT loading lmodern
(/usr/local/texlive/2008/texmf-dist/tex/latex/graphics/color.sty
(/usr/local/texlive/2008/texmf/tex/latex/config/color.cfg)
(/usr/local/texlive/2008/texmf-dist/tex/latex/pdftex-def/pdftex.def))
(/usr/local/texlive/2008/texmf-dist/tex/latex/hyperref/hyperref.sty
(/usr/local/texlive/2008/texmf-dist/tex/latex/graphics/keyval.sty)
(/usr/local/texlive/2008/texmf-dist/tex/generic/oberdiek/ifpdf.sty)
(/usr/local/texlive/2008/texmf-dist/tex/generic/oberdiek/ifvtex.sty)
(/usr/local/texlive/2008/texmf-dist/tex/generic/ifxetex/ifxetex.sty)
(/usr/local/texlive/2008/texmf-dist/tex/latex/oberdiek/hycolor.sty
(/usr/local/texlive/2008/texmf-dist/tex/latex/oberdiek/xcolor-patch.sty))
(/usr/local/texlive/2008/texmf-dist/tex/latex/hyperref/pd1enc.def)
(/usr/local/texlive/2008/texmf-dist/tex/generic/oberdiek/etexcmds.sty
(/usr/local/texlive/2008/texmf-dist/tex/generic/oberdiek/infwarerr.sty))
(/usr/local/texlive/2008/texmf/tex/latex/config/hyperref.cfg)
(/usr/local/texlive/2008/texmf-dist/tex/latex/oberdiek/kvoptions.sty)
Implicit mode ON; LaTeX internals redefined
(/usr/local/texlive/2008/texmf-dist/tex/generic/oberdiek/bitset.sty
(/usr/local/texlive/2008/texmf-dist/tex/generic/oberdiek/intcalc.sty)
(/usr/local/texlive/2008/texmf-dist/tex/generic/oberdiek/bigintcalc.sty
(/usr/local/texlive/2008/texmf-dist/tex/generic/oberdiek/pdftexcmds.sty)))
(/usr/local/texlive/2008/texmf-dist/tex/generic/oberdiek/kvsetkeys.sty)
(/usr/local/texlive/2008/texmf-dist/tex/generic/oberdiek/atbegshi.sty))
*hyperref using default driver hpdftex*
(/usr/local/texlive/2008/texmf-dist/tex/latex/hyperref/hpdftex.def)

Package hyperref Warning: Option `hyperindex' has already been used,
(hyperref)                setting the option has no effect on input line 332.


Package hyperref Warning: Option `pagebackref' has already been used,
(hyperref)                setting the option has no effect on input line 332.

) (/usr/local/texlive/2008/texmf-dist/tex/latex/base/makeidx.sty)
(/usr/local/texlive/2008/texmf-dist/tex/latex/base/inputenc.sty
(/usr/local/texlive/2008/texmf-dist/tex/latex/base/utf8.def
(/usr/local/texlive/2008/texmf-dist/tex/latex/base/t1enc.dfu)
(/usr/local/texlive/2008/texmf-dist/tex/latex/base/ot1enc.dfu)
(/usr/local/texlive/2008/texmf-dist/tex/latex/base/omsenc.dfu)
(/usr/local/texlive/2008/texmf-dist/tex/latex/base/ts1enc.dfu))
(/usr/local/texlive/2008/texmf-dist/tex/latex/base/latin1.def))
Writing index file Rd2.idx
(./Rd2.aux) (/usr/local/texlive/2008/texmf-dist/tex/latex/base/ts1cmr.fd)
(/usr/local/texlive/2008/texmf-dist/tex/latex/psnfss/t1ptm.fd)
(/usr/local/texlive/2008/texmf-dist/tex/context/base/supp-pdf.tex
[Loading MPS to PDF converter (version 2006.09.02).]
) (/usr/local/texlive/2008/texmf-dist/tex/latex/hyperref/nameref.sty
(/usr/local/texlive/2008/texmf-dist/tex/latex/oberdiek/refcount.sty))
(./Rd2.out) (./Rd2.out)
(/usr/local/texlive/2008/texmf-dist/tex/latex/psnfss/t1phv.fd)
(/usr/local/texlive/2008/texmf-dist/tex/latex/psnfss/t1pcr.fd) (./Rd2.toc)
(/usr/local/texlive/2008/texmf-dist/tex/latex/base/utf8.def)
(/usr/local/texlive/2008/texmf-dist/tex/latex/base/utf8.def) [1{/usr/local/texl
ive/2008/texmf-var/fonts/map/pdftex/updmap/pdftex.map}]
(/usr/local/texlive/2008/texmf-dist/tex/latex/base/utf8.def) [2]
(/usr/local/texlive/2008/texmf-dist/tex/latex/psnfss/ts1pcr.fd) [3] (./Rd2.ind
[4] [5]) (./Rd2.aux) )pdfTeX warning (dest): name{Rfn.<pkg>} has been reference
d but does not exist, replaced by a fixed one

{/usr/local/texlive/2008/texmf-dist/fonts/enc/dvips/base/8r.enc}</usr/local/tex
live/2008/texmf-dist/fonts/type1/bluesky/cm/cmsy10.pfb></usr/local/texlive/2008
/texmf-dist/fonts/type1/urw/courier/ucrr8a.pfb></usr/local/texlive/2008/texmf-d
ist/fonts/type1/urw/courier/ucrro8a.pfb></usr/local/texlive/2008/texmf-dist/fon
ts/type1/urw/helvetic/uhvr8a.pfb></usr/local/texlive/2008/texmf-dist/fonts/type
1/urw/times/utmb8a.pfb></usr/local/texlive/2008/texmf-dist/fonts/type1/urw/time
s/utmr8a.pfb></usr/local/texlive/2008/texmf-dist/fonts/type1/urw/times/utmr8a.p
fb></usr/local/texlive/2008/texmf-dist/fonts/type1/urw/times/utmri8a.pfb>
Output written on Rd2.pdf (5 pages, 93803 bytes).
Transcript written on Rd2.log.
This is makeindex, version 2.15 [20-Nov-2007] (kpathsea + Thai support).
Scanning input file ./Rd2.idx....done (12 entries accepted, 0 rejected).
Sorting entries....done (41 comparisons).
Generating output file ./Rd2.ind....done (30 lines written, 0 warnings).
Output written in ./Rd2.ind.
Transcript written in ./Rd2.ilg.
This is pdfTeXk, Version 3.1415926-1.40.9 (Web2C 7.5.7)
 file:line:error style messages enabled.
 %&-line parsing enabled.
entering extended mode

(/private/var/folders/6x/6xkLW0-9EO0g+R9VgTVV9U+++TM/-Tmp-/RtmpoWhklg/Rd2pdf5f8
439cd/Rd2.tex
LaTeX2e <2005/12/01>
Babel <v3.8l> and hyphenation patterns for english, usenglishmax, dumylang, noh
yphenation, german-x-2008-06-18, ngerman-x-2008-06-18, ancientgreek, ibycus, ar
abic, basque, bulgarian, catalan, pinyin, coptic, croatian, czech, danish, dutc
h, esperanto, estonian, farsi, finnish, french, galician, german, ngerman, mono
greek, greek, hungarian, icelandic, indonesian, interlingua, irish, italian, la
tin, lithuanian, mongolian, mongolian2a, bokmal, nynorsk, polish, portuguese, r
omanian, russian, sanskrit, serbian, slovak, slovenian, spanish, swedish, turki
sh, ukenglish, ukrainian, uppersorbian, welsh, loaded.

(/usr/local/texlive/2008/texmf-dist/tex/latex/base/book.cls
Document Class: book 2005/09/16 v1.4f Standard LaTeX document class
(/usr/local/texlive/2008/texmf-dist/tex/latex/base/bk10.clo))
(/Library/Frameworks/R.framework/Resources/share/texmf/tex/latex/Rd.sty
(/usr/local/texlive/2008/texmf-dist/tex/latex/base/ifthen.sty)
(/usr/local/texlive/2008/texmf-dist/tex/latex/tools/longtable.sty)
(/usr/local/texlive/2008/texmf-dist/tex/latex/tools/bm.sty)
(/usr/local/texlive/2008/texmf-dist/tex/latex/base/alltt.sty)
(/usr/local/texlive/2008/texmf-dist/tex/latex/tools/verbatim.sty)
(/usr/local/texlive/2008/texmf-dist/tex/latex/ltxmisc/url.sty)
(/Library/Frameworks/R.framework/Resources/share/texmf/tex/latex/upquote.sty
(/usr/local/texlive/2008/texmf-dist/tex/latex/base/textcomp.sty
(/usr/local/texlive/2008/texmf-dist/tex/latex/base/ts1enc.def)))
NOT loading ae (/usr/local/texlive/2008/texmf-dist/tex/latex/base/fontenc.sty
(/usr/local/texlive/2008/texmf-dist/tex/latex/base/t1enc.def))
(/usr/local/texlive/2008/texmf-dist/tex/latex/psnfss/times.sty)
NOT loading lmodern
(/usr/local/texlive/2008/texmf-dist/tex/latex/graphics/color.sty
(/usr/local/texlive/2008/texmf/tex/latex/config/color.cfg)
(/usr/local/texlive/2008/texmf-dist/tex/latex/pdftex-def/pdftex.def))
(/usr/local/texlive/2008/texmf-dist/tex/latex/hyperref/hyperref.sty
(/usr/local/texlive/2008/texmf-dist/tex/latex/graphics/keyval.sty)
(/usr/local/texlive/2008/texmf-dist/tex/generic/oberdiek/ifpdf.sty)
(/usr/local/texlive/2008/texmf-dist/tex/generic/oberdiek/ifvtex.sty)
(/usr/local/texlive/2008/texmf-dist/tex/generic/ifxetex/ifxetex.sty)
(/usr/local/texlive/2008/texmf-dist/tex/latex/oberdiek/hycolor.sty
(/usr/local/texlive/2008/texmf-dist/tex/latex/oberdiek/xcolor-patch.sty))
(/usr/local/texlive/2008/texmf-dist/tex/latex/hyperref/pd1enc.def)
(/usr/local/texlive/2008/texmf-dist/tex/generic/oberdiek/etexcmds.sty
(/usr/local/texlive/2008/texmf-dist/tex/generic/oberdiek/infwarerr.sty))
(/usr/local/texlive/2008/texmf/tex/latex/config/hyperref.cfg)
(/usr/local/texlive/2008/texmf-dist/tex/latex/oberdiek/kvoptions.sty)
Implicit mode ON; LaTeX internals redefined
(/usr/local/texlive/2008/texmf-dist/tex/generic/oberdiek/bitset.sty
(/usr/local/texlive/2008/texmf-dist/tex/generic/oberdiek/intcalc.sty)
(/usr/local/texlive/2008/texmf-dist/tex/generic/oberdiek/bigintcalc.sty
(/usr/local/texlive/2008/texmf-dist/tex/generic/oberdiek/pdftexcmds.sty)))
(/usr/local/texlive/2008/texmf-dist/tex/generic/oberdiek/kvsetkeys.sty)
(/usr/local/texlive/2008/texmf-dist/tex/generic/oberdiek/atbegshi.sty))
*hyperref using default driver hpdftex*
(/usr/local/texlive/2008/texmf-dist/tex/latex/hyperref/hpdftex.def)

Package hyperref Warning: Option `hyperindex' has already been used,
(hyperref)                setting the option has no effect on input line 332.


Package hyperref Warning: Option `pagebackref' has already been used,
(hyperref)                setting the option has no effect on input line 332.

) (/usr/local/texlive/2008/texmf-dist/tex/latex/base/makeidx.sty)
(/usr/local/texlive/2008/texmf-dist/tex/latex/base/inputenc.sty
(/usr/local/texlive/2008/texmf-dist/tex/latex/base/utf8.def
(/usr/local/texlive/2008/texmf-dist/tex/latex/base/t1enc.dfu)
(/usr/local/texlive/2008/texmf-dist/tex/latex/base/ot1enc.dfu)
(/usr/local/texlive/2008/texmf-dist/tex/latex/base/omsenc.dfu)
(/usr/local/texlive/2008/texmf-dist/tex/latex/base/ts1enc.dfu))
(/usr/local/texlive/2008/texmf-dist/tex/latex/base/latin1.def))
Writing index file Rd2.idx
(./Rd2.aux) (/usr/local/texlive/2008/texmf-dist/tex/latex/base/ts1cmr.fd)
(/usr/local/texlive/2008/texmf-dist/tex/latex/psnfss/t1ptm.fd)
(/usr/local/texlive/2008/texmf-dist/tex/context/base/supp-pdf.tex
[Loading MPS to PDF converter (version 2006.09.02).]
) (/usr/local/texlive/2008/texmf-dist/tex/latex/hyperref/nameref.sty
(/usr/local/texlive/2008/texmf-dist/tex/latex/oberdiek/refcount.sty))
(./Rd2.out) (./Rd2.out)
(/usr/local/texlive/2008/texmf-dist/tex/latex/psnfss/t1phv.fd)
(/usr/local/texlive/2008/texmf-dist/tex/latex/psnfss/t1pcr.fd) (./Rd2.toc)
(/usr/local/texlive/2008/texmf-dist/tex/latex/base/utf8.def)
(/usr/local/texlive/2008/texmf-dist/tex/latex/base/utf8.def) [1{/usr/local/texl
ive/2008/texmf-var/fonts/map/pdftex/updmap/pdftex.map}]
(/usr/local/texlive/2008/texmf-dist/tex/latex/base/utf8.def) [2]
(/usr/local/texlive/2008/texmf-dist/tex/latex/psnfss/ts1pcr.fd) [3] (./Rd2.ind
[4] [5]) (./Rd2.aux) )pdfTeX warning (dest): name{Rfn.<pkg>} has been reference
d but does not exist, replaced by a fixed one

{/usr/local/texlive/2008/texmf-dist/fonts/enc/dvips/base/8r.enc}</usr/local/tex
live/2008/texmf-dist/fonts/type1/bluesky/cm/cmsy10.pfb></usr/local/texlive/2008
/texmf-dist/fonts/type1/urw/courier/ucrr8a.pfb></usr/local/texlive/2008/texmf-d
ist/fonts/type1/urw/courier/ucrro8a.pfb></usr/local/texlive/2008/texmf-dist/fon
ts/type1/urw/helvetic/uhvr8a.pfb></usr/local/texlive/2008/texmf-dist/fonts/type
1/urw/times/utmb8a.pfb></usr/local/texlive/2008/texmf-dist/fonts/type1/urw/time
s/utmr8a.pfb></usr/local/texlive/2008/texmf-dist/fonts/type1/urw/times/utmr8a.p
fb></usr/local/texlive/2008/texmf-dist/fonts/type1/urw/times/utmri8a.pfb>
Output written on Rd2.pdf (5 pages, 94352 bytes).
Transcript written on Rd2.log.
Saving output to 'Riscam-manual.pdf' ...
Done
You may want to clean up by 'rm -rf /var/folders/6x/6xkLW0-9EO0g+R9VgTVV9U+++TM/-Tmp-//RtmpoWhklg/Rd2pdf5f8439cd'
