This is pdfTeXk, Version 3.1415926-1.40.9 (Web2C 7.5.7) (format=pdflatex 2008.12.28)  15 JUL 2011 17:03
entering extended mode
\write18 enabled.
 %&-line parsing enabled.
**iscamGuide.tex
(./iscamGuide.tex
LaTeX2e <2005/12/01>
Babel <v3.8l> and hyphenation patterns for english, usenglishmax, dumylang, noh
yphenation, german-x-2008-06-18, ngerman-x-2008-06-18, ancientgreek, ibycus, ar
abic, basque, bulgarian, catalan, pinyin, coptic, croatian, czech, danish, dutc
h, esperanto, estonian, farsi, finnish, french, galician, german, ngerman, mono
greek, greek, hungarian, icelandic, indonesian, interlingua, irish, italian, la
tin, lithuanian, mongolian, mongolian2a, bokmal, nynorsk, polish, portuguese, r
omanian, russian, sanskrit, serbian, slovak, slovenian, spanish, swedish, turki
sh, ukenglish, ukrainian, uppersorbian, welsh, loaded.
(/usr/local/texlive/2008/texmf-dist/tex/latex/base/article.cls
Document Class: article 2005/09/16 v1.4f Standard LaTeX document class
(/usr/local/texlive/2008/texmf-dist/tex/latex/base/size10.clo
File: size10.clo 2005/09/16 v1.4f Standard LaTeX file (size option)
)
\c@part=\count79
\c@section=\count80
\c@subsection=\count81
\c@subsubsection=\count82
\c@paragraph=\count83
\c@subparagraph=\count84
\c@figure=\count85
\c@table=\count86
\abovecaptionskip=\skip41
\belowcaptionskip=\skip42
\bibindent=\dimen102
)
(/usr/local/texlive/2008/texmf-dist/tex/latex/graphics/graphicx.sty
Package: graphicx 1999/02/16 v1.0f Enhanced LaTeX Graphics (DPC,SPQR)

(/usr/local/texlive/2008/texmf-dist/tex/latex/graphics/keyval.sty
Package: keyval 1999/03/16 v1.13 key=value parser (DPC)
\KV@toks@=\toks14
)
(/usr/local/texlive/2008/texmf-dist/tex/latex/graphics/graphics.sty
Package: graphics 2006/02/20 v1.0o Standard LaTeX Graphics (DPC,SPQR)

(/usr/local/texlive/2008/texmf-dist/tex/latex/graphics/trig.sty
Package: trig 1999/03/16 v1.09 sin cos tan (DPC)
)
(/usr/local/texlive/2008/texmf/tex/latex/config/graphics.cfg
File: graphics.cfg 2007/01/18 v1.5 graphics configuration of teTeX/TeXLive
)
Package graphics Info: Driver file: pdftex.def on input line 90.

(/usr/local/texlive/2008/texmf-dist/tex/latex/pdftex-def/pdftex.def
File: pdftex.def 2008/09/08 v0.04l Graphics/color for pdfTeX
\Gread@gobject=\count87
))
\Gin@req@height=\dimen103
\Gin@req@width=\dimen104
)
(/usr/local/texlive/2008/texmf-dist/tex/latex/oberdiek/epstopdf.sty
Package: epstopdf 2008/05/06 v1.7 Conversion with epstopdf on the fly (HO)

(/usr/local/texlive/2008/texmf-dist/tex/generic/oberdiek/infwarerr.sty
Package: infwarerr 2007/09/09 v1.2 Providing info/warning/message (HO)
)
(/usr/local/texlive/2008/texmf-dist/tex/latex/oberdiek/grfext.sty
Package: grfext 2007/09/30 v1.0 Managing graphics extensions (HO)
)
(/usr/local/texlive/2008/texmf-dist/tex/latex/oberdiek/kvoptions.sty
Package: kvoptions 2007/10/18 v3.0 Keyval support for LaTeX options (HO)
)
(/usr/local/texlive/2008/texmf-dist/tex/generic/oberdiek/pdftexcmds.sty
Package: pdftexcmds 2007/12/12 v0.3 LuaTeX support for pdfTeX utility functions
 (HO)
Package pdftexcmds Info: LuaTeX not detected on input line 139.
)
Package grfext Info: Graphics extension search list:
(grfext)             [.png,.pdf,.jpg,.mps,.jpeg,.jbig2,.jb2,.PNG,.PDF,.JPG,.JPE
G,.JBIG2,.JB2,.eps]
(grfext)             \AppendGraphicsExtensions on input line 323.
)
(/usr/local/texlive/2008/texmf-dist/tex/latex/psfrag/psfrag.sty
Package: psfrag 1998/04/11 v3.04 PSfrag (MCG)
\pfg@pcount=\count88
\pfg@scount=\count89
\pfg@temp=\write3
)
(/usr/local/texlive/2008/texmf-dist/tex/latex/natbib/natbib.sty
Package: natbib 2009/02/02 8.3 (PWD, AO)
\bibhang=\skip43
\bibsep=\skip44
LaTeX Info: Redefining \cite on input line 694.
\c@NAT@ctr=\count90
)
(/usr/local/texlive/2008/texmf-dist/tex/latex/tools/longtable.sty
Package: longtable 2004/02/01 v4.11 Multi-page Table package (DPC)
\LTleft=\skip45
\LTright=\skip46
\LTpre=\skip47
\LTpost=\skip48
\LTchunksize=\count91
\LTcapwidth=\dimen105
\LT@head=\box26
\LT@firsthead=\box27
\LT@foot=\box28
\LT@lastfoot=\box29
\LT@cols=\count92
\LT@rows=\count93
\c@LT@tables=\count94
\c@LT@chunks=\count95
\LT@p@ftn=\toks15
)
(/usr/local/texlive/2008/texmf-dist/tex/latex/rotating/rotating.sty
Package: rotating 2008/10/05 v2.15c rotated objects in LaTeX

(/usr/local/texlive/2008/texmf-dist/tex/latex/base/ifthen.sty
Package: ifthen 2001/05/26 v1.1c Standard LaTeX ifthen package (DPC)
)
\c@r@tfl@t=\count96
\rotFPtop=\skip49
\rotFPbot=\skip50
\rot@float@box=\box30
\rot@mess@toks=\toks16
)
(/usr/local/texlive/2008/texmf-dist/tex/generic/dvips/rotate.sty
\@rotdimen=\dimen106
\@rotbox=\box31
)
(/usr/local/texlive/2008/texmf-dist/tex/latex/graphics/lscape.sty
Package: lscape 2000/10/22 v3.01 Landscape Pages (DPC)
)
(/usr/local/texlive/2008/texmf-dist/tex/latex/amsfonts/amssymb.sty
Package: amssymb 2002/01/22 v2.2d

(/usr/local/texlive/2008/texmf-dist/tex/latex/amsfonts/amsfonts.sty
Package: amsfonts 2001/10/25 v2.2f
\@emptytoks=\toks17
\symAMSa=\mathgroup4
\symAMSb=\mathgroup5
LaTeX Font Info:    Overwriting math alphabet `\mathfrak' in version `bold'
(Font)                  U/euf/m/n --> U/euf/b/n on input line 132.
))
(/usr/local/texlive/2008/texmf-dist/tex/latex/amsmath/amsmath.sty
Package: amsmath 2000/07/18 v2.13 AMS math features
\@mathmargin=\skip51

For additional information on amsmath, use the `?' option.
(/usr/local/texlive/2008/texmf-dist/tex/latex/amsmath/amstext.sty
Package: amstext 2000/06/29 v2.01

(/usr/local/texlive/2008/texmf-dist/tex/latex/amsmath/amsgen.sty
File: amsgen.sty 1999/11/30 v2.0
\@emptytoks=\toks18
\ex@=\dimen107
))
(/usr/local/texlive/2008/texmf-dist/tex/latex/amsmath/amsbsy.sty
Package: amsbsy 1999/11/29 v1.2d
\pmbraise@=\dimen108
)
(/usr/local/texlive/2008/texmf-dist/tex/latex/amsmath/amsopn.sty
Package: amsopn 1999/12/14 v2.01 operator names
)
\inf@bad=\count97
LaTeX Info: Redefining \frac on input line 211.
\uproot@=\count98
\leftroot@=\count99
LaTeX Info: Redefining \overline on input line 307.
\classnum@=\count100
\DOTSCASE@=\count101
LaTeX Info: Redefining \ldots on input line 379.
LaTeX Info: Redefining \dots on input line 382.
LaTeX Info: Redefining \cdots on input line 467.
\Mathstrutbox@=\box32
\strutbox@=\box33
\big@size=\dimen109
LaTeX Font Info:    Redeclaring font encoding OML on input line 567.
LaTeX Font Info:    Redeclaring font encoding OMS on input line 568.
\macc@depth=\count102
\c@MaxMatrixCols=\count103
\dotsspace@=\muskip10
\c@parentequation=\count104
\dspbrk@lvl=\count105
\tag@help=\toks19
\row@=\count106
\column@=\count107
\maxfields@=\count108
\andhelp@=\toks20
\eqnshift@=\dimen110
\alignsep@=\dimen111
\tagshift@=\dimen112
\tagwidth@=\dimen113
\totwidth@=\dimen114
\lineht@=\dimen115
\@envbody=\toks21
\multlinegap=\skip52
\multlinetaggap=\skip53
\mathdisplay@stack=\toks22
LaTeX Info: Redefining \[ on input line 2666.
LaTeX Info: Redefining \] on input line 2667.
)
(/usr/local/texlive/2008/texmf-dist/tex/latex/hyperref/hyperref.sty
Package: hyperref 2009/02/22 v6.78p Hypertext links for LaTeX

(/usr/local/texlive/2008/texmf-dist/tex/generic/oberdiek/ifpdf.sty
Package: ifpdf 2007/12/12 v1.6 Provides the ifpdf switch (HO)
Package ifpdf Info: pdfTeX in pdf mode detected.
)
(/usr/local/texlive/2008/texmf-dist/tex/generic/oberdiek/ifvtex.sty
Package: ifvtex 2008/11/04 v1.4 Switches for detecting VTeX and its modes (HO)
Package ifvtex Info: VTeX not detected.
)
(/usr/local/texlive/2008/texmf-dist/tex/generic/ifxetex/ifxetex.sty
Package: ifxetex 2009/01/23 v0.5 Provides ifxetex conditional
)
(/usr/local/texlive/2008/texmf-dist/tex/latex/oberdiek/hycolor.sty
Package: hycolor 2008/09/08 v1.4 Code for color options of hyperref/bookmark (H
O)

(/usr/local/texlive/2008/texmf-dist/tex/latex/oberdiek/xcolor-patch.sty
Package: xcolor-patch 2008/09/08 xcolor patch
))
\@linkdim=\dimen116
\Hy@linkcounter=\count109
\Hy@pagecounter=\count110

(/usr/local/texlive/2008/texmf-dist/tex/latex/hyperref/pd1enc.def
File: pd1enc.def 2009/02/22 v6.78p Hyperref: PDFDocEncoding definition (HO)
)
(/usr/local/texlive/2008/texmf-dist/tex/generic/oberdiek/etexcmds.sty
Package: etexcmds 2007/12/12 v1.2 Prefix for e-TeX command names (HO)
Package etexcmds Info: Could not find \expanded.
(etexcmds)             That can mean that you are not using pdfTeX 1.50 or
(etexcmds)             that some package has redefined \expanded.
(etexcmds)             In the latter case, load this package earlier.
)
(/usr/local/texlive/2008/texmf/tex/latex/config/hyperref.cfg
File: hyperref.cfg 2002/06/06 v1.2 hyperref configuration of TeXLive
)
Package hyperref Info: Option `colorlinks' set `true' on input line 2824.
Package hyperref Info: Option `bookmarks' set `true' on input line 2824.
Package hyperref Info: Hyper figures OFF on input line 2935.
Package hyperref Info: Link nesting OFF on input line 2940.
Package hyperref Info: Hyper index ON on input line 2943.
Package hyperref Info: Plain pages OFF on input line 2950.
Package hyperref Info: Backreferencing OFF on input line 2955.

Implicit mode ON; LaTeX internals redefined
Package hyperref Info: Bookmarks ON on input line 3145.
(/usr/local/texlive/2008/texmf-dist/tex/latex/ltxmisc/url.sty
\Urlmuskip=\muskip11
Package: url 2006/04/12  ver 3.3  Verb mode for urls, etc.
)
LaTeX Info: Redefining \url on input line 3382.

(/usr/local/texlive/2008/texmf-dist/tex/generic/oberdiek/bitset.sty
Package: bitset 2007/09/28 v1.0 Data type bit set (HO)

(/usr/local/texlive/2008/texmf-dist/tex/generic/oberdiek/intcalc.sty
Package: intcalc 2007/09/27 v1.1 Expandable integer calculations (HO)
)
(/usr/local/texlive/2008/texmf-dist/tex/generic/oberdiek/bigintcalc.sty
Package: bigintcalc 2007/11/11 v1.1 Expandable big integer calculations (HO)
))
(/usr/local/texlive/2008/texmf-dist/tex/generic/oberdiek/kvsetkeys.sty
Package: kvsetkeys 2007/09/29 v1.3 Key value parser with default handler suppor
t (HO)
)
\Fld@menulength=\count111
\Field@Width=\dimen117
\Fld@charsize=\dimen118
\Field@toks=\toks23
Package hyperref Info: Hyper figures OFF on input line 4299.
Package hyperref Info: Link nesting OFF on input line 4304.
Package hyperref Info: Hyper index ON on input line 4307.
Package hyperref Info: backreferencing OFF on input line 4314.
Package hyperref Info: Link coloring ON on input line 4317.
Package hyperref Info: Link coloring with OCG OFF on input line 4324.
Package hyperref Info: PDF/A mode OFF on input line 4329.

(/usr/local/texlive/2008/texmf-dist/tex/generic/oberdiek/atbegshi.sty
Package: atbegshi 2008/07/31 v1.9 At begin shipout hook (HO)
)
\Hy@abspage=\count112
\c@Item=\count113
\c@Hfootnote=\count114
)
*hyperref using default driver hpdftex*
(/usr/local/texlive/2008/texmf-dist/tex/latex/hyperref/hpdftex.def
File: hpdftex.def 2009/02/22 v6.78p Hyperref driver for pdfTeX
\Fld@listcount=\count115
)
(/usr/local/texlive/2008/texmf-dist/tex/latex/graphics/color.sty
Package: color 2005/11/14 v1.0j Standard LaTeX Color (DPC)

(/usr/local/texlive/2008/texmf/tex/latex/config/color.cfg
File: color.cfg 2007/01/18 v1.5 color configuration of teTeX/TeXLive
)
Package color Info: Driver file: pdftex.def on input line 130.
)
(/usr/local/texlive/2008/texmf-dist/tex/latex/tools/multicol.sty
Package: multicol 2006/05/18 v1.6g multicolumn formatting (FMi)
\c@tracingmulticols=\count116
\mult@box=\box34
\multicol@leftmargin=\dimen119
\c@unbalance=\count117
\c@collectmore=\count118
\doublecol@number=\count119
\multicoltolerance=\count120
\multicolpretolerance=\count121
\full@width=\dimen120
\page@free=\dimen121
\premulticols=\dimen122
\postmulticols=\dimen123
\multicolsep=\skip54
\multicolbaselineskip=\skip55
\partial@page=\box35
\last@line=\box36
\mult@rightbox=\box37
\mult@grightbox=\box38
\mult@gfirstbox=\box39
\mult@firstbox=\box40
\@tempa=\box41
\@tempa=\box42
\@tempa=\box43
\@tempa=\box44
\@tempa=\box45
\@tempa=\box46
\@tempa=\box47
\@tempa=\box48
\@tempa=\box49
\@tempa=\box50
\@tempa=\box51
\@tempa=\box52
\@tempa=\box53
\@tempa=\box54
\@tempa=\box55
\@tempa=\box56
\@tempa=\box57
\c@columnbadness=\count122
\c@finalcolumnbadness=\count123
\last@try=\dimen124
\multicolovershoot=\dimen125
\multicolundershoot=\dimen126
\mult@nat@firstbox=\box58
\colbreak@box=\box59
)
(/usr/local/texlive/2008/texmf-dist/tex/latex/base/alltt.sty
Package: alltt 1997/06/16 v2.0g defines alltt environment
)
(/usr/local/texlive/2008/texmf-dist/tex/latex/listings/listings.sty
\lst@mode=\count124
\lst@gtempboxa=\box60
\lst@token=\toks24
\lst@length=\count125
\lst@currlwidth=\dimen127
\lst@column=\count126
\lst@pos=\count127
\lst@lostspace=\dimen128
\lst@width=\dimen129
\lst@newlines=\count128
\lst@lineno=\count129
\lst@maxwidth=\dimen130

(/usr/local/texlive/2008/texmf-dist/tex/latex/listings/lstmisc.sty
File: lstmisc.sty 2007/02/22 1.4 (Carsten Heinz)
\c@lstnumber=\count130
\lst@skipnumbers=\count131
\lst@framebox=\box61
)
(/usr/local/texlive/2008/texmf-dist/tex/latex/listings/listings.cfg
File: listings.cfg 2007/02/22 1.4 listings configuration
))
Package: listings 2007/02/22 1.4 (Carsten Heinz)

(/usr/local/texlive/2008/texmf-dist/tex/latex/listings/lstlang1.sty
File: lstlang1.sty 2004/09/05 1.3 listings language file
)
(/usr/local/texlive/2008/texmf-dist/tex/latex/listings/lstlang2.sty
File: lstlang2.sty 2004/09/05 1.3 listings language file
)
(/usr/local/texlive/2008/texmf-dist/tex/latex/listings/lstlang3.sty
File: lstlang3.sty 2004/09/05 1.3 listings language file
)
(/usr/local/texlive/2008/texmf-dist/tex/generic/babel/babel.sty
Package: babel 2008/07/06 v3.8l The Babel package

(/usr/local/texlive/2008/texmf-dist/tex/generic/babel/frenchb.ldf
Language: frenchb 2008/05/08 v2.2a French support from the babel system

(/usr/local/texlive/2008/texmf-dist/tex/generic/babel/babel.def
File: babel.def 2008/07/06 v3.8l Babel common definitions
\babel@savecnt=\count132
\U@D=\dimen131
)
Package babel Info: Making : an active character on input line 119.
Package babel Info: Making ; an active character on input line 120.
Package babel Info: Making ! an active character on input line 121.
Package babel Info: Making ? an active character on input line 122.
\FB@Mht=\dimen132
\std@mcc=\count133
\dec@mcc=\count134
\parindentFFN=\dimen133

*************************************
* Local config file frenchb.cfg used
*
(/usr/local/texlive/2008/texmf-dist/tex/generic/babel/frenchb.cfg))
(/usr/local/texlive/2008/texmf-dist/tex/generic/babel/english.ldf
Language: english 2005/03/30 v3.3o English support from the babel system
\l@canadian = a dialect from \language\l@american 
\l@australian = a dialect from \language\l@british 
\l@newzealand = a dialect from \language\l@british 
))
(/usr/local/texlive/2008/texmf-dist/tex/latex/carlisle/scalefnt.sty)
(/usr/local/texlive/2008/texmf-dist/tex/latex/fancyhdr/fancyhdr.sty
\fancy@headwidth=\skip56
\f@ncyO@elh=\skip57
\f@ncyO@erh=\skip58
\f@ncyO@olh=\skip59
\f@ncyO@orh=\skip60
\f@ncyO@elf=\skip61
\f@ncyO@erf=\skip62
\f@ncyO@olf=\skip63
\f@ncyO@orf=\skip64
)
\c@saveEq=\count135

(./iscamGuide.aux)
\openout1 = `iscamGuide.aux'.

LaTeX Font Info:    Checking defaults for OML/cmm/m/it on input line 169.
LaTeX Font Info:    ... okay on input line 169.
LaTeX Font Info:    Checking defaults for T1/cmr/m/n on input line 169.
LaTeX Font Info:    ... okay on input line 169.
LaTeX Font Info:    Checking defaults for OT1/cmr/m/n on input line 169.
LaTeX Font Info:    ... okay on input line 169.
LaTeX Font Info:    Checking defaults for OMS/cmsy/m/n on input line 169.
LaTeX Font Info:    ... okay on input line 169.
LaTeX Font Info:    Checking defaults for OMX/cmex/m/n on input line 169.
LaTeX Font Info:    ... okay on input line 169.
LaTeX Font Info:    Checking defaults for U/cmr/m/n on input line 169.
LaTeX Font Info:    ... okay on input line 169.
LaTeX Font Info:    Checking defaults for PD1/pdf/m/n on input line 169.
LaTeX Font Info:    ... okay on input line 169.
LaTeX Font Info:    Try loading font information for OT1+ppl on input line 169.


(/usr/local/texlive/2008/texmf-dist/tex/latex/psnfss/ot1ppl.fd
File: ot1ppl.fd 2001/06/04 font definitions for OT1/ppl.
)
(/usr/local/texlive/2008/texmf-dist/tex/context/base/supp-pdf.tex
[Loading MPS to PDF converter (version 2006.09.02).]
\scratchcounter=\count136
\scratchdimen=\dimen134
\scratchbox=\box62
\nofMPsegments=\count137
\nofMParguments=\count138
\everyMPshowfont=\toks25
\MPscratchCnt=\count139
\MPscratchDim=\dimen135
\MPnumerator=\count140
\everyMPtoPDFconversion=\toks26
)
Package hyperref Info: Link coloring ON on input line 169.
 (/usr/local/texlive/2008/texmf-dist/tex/latex/hyperref/nameref.sty
Package: nameref 2007/05/29 v2.31 Cross-referencing by name of section

(/usr/local/texlive/2008/texmf-dist/tex/latex/oberdiek/refcount.sty
Package: refcount 2008/08/11 v3.1 Data extraction from references (HO)
)
\c@section@level=\count141
)
LaTeX Info: Redefining \ref on input line 169.
LaTeX Info: Redefining \pageref on input line 169.

(./iscamGuide.out) (./iscamGuide.out)
\@outlinefile=\write4
\openout4 = `iscamGuide.out'.

\AtBeginShipoutBox=\box63
\c@lstlisting=\count142
LaTeX Info: Redefining \degres on input line 169.
LaTeX Info: Redefining \dots on input line 169.
LaTeX Info: Redefining \up on input line 169.


Package frenchb.ldf Warning: OT1 encoding should not be used for French. 
(frenchb.ldf)                Add \usepackage[T1]{fontenc} to the preamble
(frenchb.ldf)                of your document, on input line 169.

system(epstopdf iscamlogo.eps)...executed.

<iscamlogo.pdf, id=178, 433.62pt x 216.81pt>
File: iscamlogo.pdf Graphic file (type pdf)
 <use iscamlogo.pdf>
LaTeX Font Info:    Try loading font information for U+msa on input line 173.

(/usr/local/texlive/2008/texmf-dist/tex/latex/amsfonts/umsa.fd
File: umsa.fd 2002/01/19 v2.2g AMS font definitions
)
LaTeX Font Info:    Try loading font information for U+msb on input line 173.

(/usr/local/texlive/2008/texmf-dist/tex/latex/amsfonts/umsb.fd
File: umsb.fd 2002/01/19 v2.2g AMS font definitions
)
LaTeX Font Info:    Try loading font information for OMS+ppl on input line 173.


(/usr/local/texlive/2008/texmf-dist/tex/latex/psnfss/omsppl.fd
File: omsppl.fd 
)
LaTeX Font Info:    Font shape `OMS/ppl/m/n' in size <9> not available
(Font)              Font shape `OMS/cmsy/m/n' tried instead on input line 173.
 [1
Non-PDF special ignored!

{/usr/local/texlive/2008/texmf-var/fonts/map/pdftex/updmap/pdftex.map} <./iscam
logo.pdf>]
LaTeX Font Info:    Font shape `OT1/ppl/bx/n' in size <14.4> not available
(Font)              Font shape `OT1/ppl/b/n' tried instead on input line 201.
system(epstopdf iscamlogo.eps)...executed.

File: iscamlogo.pdf Graphic file (type pdf)
 <use iscamlogo.pdf>pdfTeX warning (ext4): destination with the same identifier
 (name{page.i}) has been already used, duplicate ignored
<to be read again> 
                   \relax 
l.213 \newpage
               [1

] (./iscamGuide.toc
LaTeX Font Info:    Font shape `OT1/ppl/bx/n' in size <10> not available
(Font)              Font shape `OT1/ppl/b/n' tried instead on input line 6.
LaTeX Font Info:    Font shape `OT1/ppl/bx/n' in size <9> not available
(Font)              Font shape `OT1/ppl/b/n' tried instead on input line 9.
LaTeX Font Info:    Font shape `OT1/ppl/bx/n' in size <8> not available
(Font)              Font shape `OT1/ppl/b/n' tried instead on input line 9.
LaTeX Font Info:    Font shape `OT1/ppl/bx/n' in size <7> not available
(Font)              Font shape `OT1/ppl/b/n' tried instead on input line 9.
LaTeX Font Info:    Font shape `OT1/ppl/bx/n' in size <5> not available
(Font)              Font shape `OT1/ppl/b/n' tried instead on input line 9.
)
\tf@toc=\write5
\openout5 = `iscamGuide.toc'.

system(epstopdf iscamlogo.eps)...executed.

File: iscamlogo.pdf Graphic file (type pdf)
 <use iscamlogo.pdf> [2]
(./Introduction.tex
LaTeX Font Info:    Font shape `OT1/ppl/bx/n' in size <12> not available
(Font)              Font shape `OT1/ppl/b/n' tried instead on input line 8.
LaTeX Font Info:    Font shape `OT1/ppl/bx/n' in size <6> not available
(Font)              Font shape `OT1/ppl/b/n' tried instead on input line 8.


Package hyperref Warning: Token not allowed in a PDF string (PDFDocEncoding):
(hyperref)                removing `math shift' on input line 8.


Package hyperref Warning: Token not allowed in a PDF string (PDFDocEncoding):
(hyperref)                removing `superscript' on input line 8.


Package hyperref Warning: Token not allowed in a PDF string (PDFDocEncoding):
(hyperref)                removing `math shift' on input line 8.


Package hyperref Warning: Token not allowed in a PDF string (PDFDocEncoding):
(hyperref)                removing `math shift' on input line 8.


Package hyperref Warning: Token not allowed in a PDF string (PDFDocEncoding):
(hyperref)                removing `subscript' on input line 8.


Package hyperref Warning: Token not allowed in a PDF string (PDFDocEncoding):
(hyperref)                removing `math shift' on input line 8.


Package hyperref Warning: Token not allowed in a PDF string (PDFDocEncoding):
(hyperref)                removing `math shift' on input line 23.


Package hyperref Warning: Token not allowed in a PDF string (PDFDocEncoding):
(hyperref)                removing `superscript' on input line 23.


Package hyperref Warning: Token not allowed in a PDF string (PDFDocEncoding):
(hyperref)                removing `math shift' on input line 23.


Package hyperref Warning: Token not allowed in a PDF string (PDFDocEncoding):
(hyperref)                removing `math shift' on input line 23.


Package hyperref Warning: Token not allowed in a PDF string (PDFDocEncoding):
(hyperref)                removing `subscript' on input line 23.


Package hyperref Warning: Token not allowed in a PDF string (PDFDocEncoding):
(hyperref)                removing `math shift' on input line 23.

) (./InputFiles.tex

Package hyperref Warning: Token not allowed in a PDF string (PDFDocEncoding):
(hyperref)                removing `math shift' on input line 2.


Package hyperref Warning: Token not allowed in a PDF string (PDFDocEncoding):
(hyperref)                removing `superscript' on input line 2.


Package hyperref Warning: Token not allowed in a PDF string (PDFDocEncoding):
(hyperref)                removing `math shift' on input line 2.


Package hyperref Warning: Token not allowed in a PDF string (PDFDocEncoding):
(hyperref)                removing `math shift' on input line 2.


Package hyperref Warning: Token not allowed in a PDF string (PDFDocEncoding):
(hyperref)                removing `subscript' on input line 2.


Package hyperref Warning: Token not allowed in a PDF string (PDFDocEncoding):
(hyperref)                removing `math shift' on input line 2.


Underfull \hbox (badness 10000) in paragraph at lines 6--7
[]\OT1/ppl/m/n/10 There are three re-quired in-put files for
 []

LaTeX Font Info:    Font shape `OT1/cmtt/bx/n' in size <12> not available
(Font)              Font shape `OT1/cmtt/m/n' tried instead on input line 10.
system(epstopdf iscamlogo.eps)...executed.

File: iscamlogo.pdf Graphic file (type pdf)
<use iscamlogo.pdf> [1]
system(epstopdf iscamlogo.eps)...executed.

File: iscamlogo.pdf Graphic file (type pdf)
 <use iscamlogo.pdf> [2]
system(epstopdf iscamlogo.eps)...executed.

File: iscamlogo.pdf Graphic file (type pdf)
 <use iscamlogo.pdf> [3]

LaTeX Warning: Float too large for page by 23.52992pt on input line 183.

system(epstopdf iscamlogo.eps)...executed.

File: iscamlogo.pdf Graphic file (type pdf)
<use iscamlogo.pdf> [4]
<iscamFigs/betaPriors.pdf, id=276, 556.0775pt x 459.7175pt>
File: iscamFigs/betaPriors.pdf Graphic file (type pdf)

<use iscamFigs/betaPriors.pdf>
system(epstopdf iscamlogo.eps)...executed.

File: iscamlogo.pdf Graphic file (type pdf)
 <use iscamlogo.pdf> [5


 <./iscamFigs/betaPriors.pdf>]
system(epstopdf iscamlogo.eps)...executed.

File: iscamlogo.pdf Graphic file (type pdf)
 <use iscamlogo.pdf> [6]) (./ModelDocumentation.tex
Underfull \hbox (badness 10000) in paragraph at lines 3--4
[]\OT1/ppl/m/n/10 The sec-tion con-tains the doc-u-men-ta-tion
 []

system(epstopdf iscamlogo.eps)...executed.

File: iscamlogo.pdf Graphic file (type pdf)
<use iscamlogo.pdf> [7]
Overfull \hbox (17.70345pt too wide) in paragraph at lines 81--81
[] 
 []

system(epstopdf iscamlogo.eps)...executed.

File: iscamlogo.pdf Graphic file (type pdf)
<use iscamlogo.pdf> [8]
system(epstopdf iscamFigs/Fig1Quadplot.eps)...executed.


<iscamFigs/Fig1Quadplot.pdf, id=371, 505.89pt x 505.89pt>
File: iscamFigs/Fig1Quadplot.pdf Graphic file (type pdf)

<use iscamFigs/Fig1Quadplot.pdf>pdfTeX warning (ext4): destination with the sam
e identifier (name{equation.3.1}) has been already used, duplicate ignored
<to be read again> 
                   \relax 
l.184     \end{gather}
                      pdfTeX warning (ext4): destination with the same identifi
er (name{equation.3.2}) has been already used, duplicate ignored
<to be read again> 
                   \relax 
l.184     \end{gather}
                      pdfTeX warning (ext4): destination with the same identifi
er (name{equation.3.3}) has been already used, duplicate ignored
<to be read again> 
                   \relax 
l.184     \end{gather}
                      pdfTeX warning (ext4): destination with the same identifi
er (name{equation.3.4}) has been already used, duplicate ignored
<to be read again> 
                   \relax 
l.184     \end{gather}
                      pdfTeX warning (ext4): destination with the same identifi
er (name{equation.3.5}) has been already used, duplicate ignored
<to be read again> 
                   \relax 
l.184     \end{gather}
                      pdfTeX warning (ext4): destination with the same identifi
er (name{equation.3.6}) has been already used, duplicate ignored
<to be read again> 
                   \relax 
l.184     \end{gather}
                      
Overfull \hbox (9.80705pt too wide) in paragraph at lines 184--184
 [] 
 []

system(epstopdf iscamlogo.eps)...executed.

File: iscamlogo.pdf Graphic file (type pdf)
<use iscamlogo.pdf> [9pdfTeX warning (ext4): destination with the same identifi
er (name{equation.3.1}) has been already used, duplicate ignored

\AtBegShi@Output ...ipout \box \AtBeginShipoutBox 
                                                  \fi \fi 
l.202 T
       he initial numbers-at-age in the first year \eqref{T4.4} and the annu...
 <./iscamFigs/Fig1Quadplot.pdf>]pdfTeX warning (ext4): destination with the sam
e identifier (name{equation.3.1}) has been already used, duplicate ignored
<to be read again> 
                   \relax 
l.274     \end{align}
                     pdfTeX warning (ext4): destination with the same identifie
r (name{equation.3.2}) has been already used, duplicate ignored
<to be read again> 
                   \relax 
l.274     \end{align}
                     pdfTeX warning (ext4): destination with the same identifie
r (name{equation.3.3}) has been already used, duplicate ignored
<to be read again> 
                   \relax 
l.274     \end{align}
                     pdfTeX warning (ext4): destination with the same identifie
r (name{equation.3.4}) has been already used, duplicate ignored
<to be read again> 
                   \relax 
l.274     \end{align}
                     pdfTeX warning (ext4): destination with the same identifie
r (name{equation.3.5}) has been already used, duplicate ignored
<to be read again> 
                   \relax 
l.274     \end{align}
                     pdfTeX warning (ext4): destination with the same identifie
r (name{equation.3.6}) has been already used, duplicate ignored
<to be read again> 
                   \relax 
l.274     \end{align}
                     pdfTeX warning (ext4): destination with the same identifie
r (name{equation.3.7}) has been already used, duplicate ignored
<to be read again> 
                   \relax 
l.274     \end{align}
                     pdfTeX warning (ext4): destination with the same identifie
r (name{equation.3.8}) has been already used, duplicate ignored
<to be read again> 
                   \relax 
l.274     \end{align}
                     pdfTeX warning (ext4): destination with the same identifie
r (name{equation.3.9}) has been already used, duplicate ignored
<to be read again> 
                   \relax 
l.274     \end{align}
                     pdfTeX warning (ext4): destination with the same identifie
r (name{equation.3.10}) has been already used, duplicate ignored
<to be read again> 
                   \relax 
l.274     \end{align}
                     pdfTeX warning (ext4): destination with the same identifie
r (name{equation.3.11}) has been already used, duplicate ignored
<to be read again> 
                   \relax 
l.274     \end{align}
                     pdfTeX warning (ext4): destination with the same identifie
r (name{equation.3.12}) has been already used, duplicate ignored
<to be read again> 
                   \relax 
l.274     \end{align}
                     pdfTeX warning (ext4): destination with the same identifie
r (name{equation.3.13}) has been already used, duplicate ignored
<to be read again> 
                   \relax 
l.274     \end{align}
                     pdfTeX warning (ext4): destination with the same identifie
r (name{equation.3.14}) has been already used, duplicate ignored
<to be read again> 
                   \relax 
l.274     \end{align}
                     

Package hyperref Warning: Token not allowed in a PDF string (PDFDocEncoding):
(hyperref)                removing `math shift' on input line 282.


Package hyperref Warning: Token not allowed in a PDF string (PDFDocEncoding):
(hyperref)                removing `subscript' on input line 282.


Package hyperref Warning: Token not allowed in a PDF string (PDFDocEncoding):
(hyperref)                removing `math shift' on input line 282.

system(epstopdf iscamlogo.eps)...executed.

File: iscamlogo.pdf Graphic file (type pdf)
<use iscamlogo.pdf> [10]
Underfull \hbox (badness 5217) in paragraph at lines 294--295
\OT1/ppl/m/n/10 op-tion also as-sumes that se-lec-tiv-ity is time-
 []

system(epstopdf iscamFigs/SplineEg.eps)...executed.

<iscamFigs/SplineEg.pdf, id=411, 505.89pt x 505.89pt>
File: iscamFigs/SplineEg.pdf Graphic file (type pdf)

<use iscamFigs/SplineEg.pdf>
system(epstopdf iscamlogo.eps)...executed.

File: iscamlogo.pdf Graphic file (type pdf)
 <use iscamlogo.pdf> [11 <./iscamFigs/SplineEg.pdf>]
system(epstopdf iscamFigs/BicubicEg.eps)...executed.

 <iscamFigs/BicubicEg.pdf, id=427, 811.03pt x 488.82625pt>
File: iscamFigs/BicubicEg.pdf Graphic file (type pdf)

<use iscamFigs/BicubicEg.pdf>pdfTeX warning (ext4): destination with the same i
dentifier (name{equation.3.2}) has been already used, duplicate ignored
<to be read again> 
                   \relax 
l.347 \begin{equation}
                      \label{eq2}pdfTeX warning (ext4): destination with the sa
me identifier (name{equation.3.2}) has been already used, duplicate ignored
<to be read again> 
                   \relax 
l.347 \begin{equation}
                      \label{eq2}pdfTeX warning (ext4): destination with the sa
me identifier (name{equation.3.2}) has been already used, duplicate ignored
<to be read again> 
                   \relax 
l.347 \begin{equation}
                      \label{eq2}pdfTeX warning (ext4): destination with the sa
me identifier (name{equation.3.2}) has been already used, duplicate ignored
<to be read again> 
                   \relax 
l.347 \begin{equation}
                      \label{eq2}pdfTeX warning (ext4): destination with the sa
me identifier (name{equation.3.3}) has been already used, duplicate ignored
<to be read again> 
                   \relax 
l.351 \begin{equation}
                      \label{eq3}pdfTeX warning (ext4): destination with the sa
me identifier (name{equation.3.3}) has been already used, duplicate ignored
<to be read again> 
                   \relax 
l.351 \begin{equation}
                      \label{eq3}pdfTeX warning (ext4): destination with the sa
me identifier (name{equation.3.3}) has been already used, duplicate ignored
<to be read again> 
                   \relax 
l.351 \begin{equation}
                      \label{eq3}pdfTeX warning (ext4): destination with the sa
me identifier (name{equation.3.3}) has been already used, duplicate ignored
<to be read again> 
                   \relax 
l.351 \begin{equation}
                      \label{eq3}pdfTeX warning (ext4): destination with the sa
me identifier (name{equation.3.4}) has been already used, duplicate ignored
<to be read again> 
                   \relax 
l.359 \begin{equation}
                      \label{eq4}pdfTeX warning (ext4): destination with the sa
me identifier (name{equation.3.4}) has been already used, duplicate ignored
<to be read again> 
                   \relax 
l.359 \begin{equation}
                      \label{eq4}pdfTeX warning (ext4): destination with the sa
me identifier (name{equation.3.4}) has been already used, duplicate ignored
<to be read again> 
                   \relax 
l.359 \begin{equation}
                      \label{eq4}pdfTeX warning (ext4): destination with the sa
me identifier (name{equation.3.4}) has been already used, duplicate ignored
<to be read again> 
                   \relax 
l.359 \begin{equation}
                      \label{eq4}pdfTeX warning (ext4): destination with the sa
me identifier (name{equation.3.5}) has been already used, duplicate ignored
<to be read again> 
                   \relax 
l.363 \begin{equation}
                      \label{eq5}pdfTeX warning (ext4): destination with the sa
me identifier (name{equation.3.5}) has been already used, duplicate ignored
<to be read again> 
                   \relax 
l.363 \begin{equation}
                      \label{eq5}pdfTeX warning (ext4): destination with the sa
me identifier (name{equation.3.5}) has been already used, duplicate ignored
<to be read again> 
                   \relax 
l.363 \begin{equation}
                      \label{eq5}pdfTeX warning (ext4): destination with the sa
me identifier (name{equation.3.5}) has been already used, duplicate ignored
<to be read again> 
                   \relax 
l.363 \begin{equation}
                      \label{eq5}pdfTeX warning (ext4): destination with the sa
me identifier (name{equation.3.6}) has been already used, duplicate ignored
<to be read again> 
                   \relax 
l.375 \end{align}
                 
system(epstopdf iscamlogo.eps)...executed.

File: iscamlogo.pdf Graphic file (type pdf)
 <use iscamlogo.pdf> [12]pdfTeX warning (ext4): destination with the same ident
ifier (name{equation.3.7}) has been already used, duplicate ignored
<to be read again> 
                   \relax 
l.388 \begin{equation}
                      \label{eq7}pdfTeX warning (ext4): destination with the sa
me identifier (name{equation.3.7}) has been already used, duplicate ignored
<to be read again> 
                   \relax 
l.388 \begin{equation}
                      \label{eq7}pdfTeX warning (ext4): destination with the sa
me identifier (name{equation.3.7}) has been already used, duplicate ignored
<to be read again> 
                   \relax 
l.388 \begin{equation}
                      \label{eq7}pdfTeX warning (ext4): destination with the sa
me identifier (name{equation.3.7}) has been already used, duplicate ignored
<to be read again> 
                   \relax 
l.388 \begin{equation}
                      \label{eq7}pdfTeX warning (ext4): destination with the sa
me identifier (name{equation.3.8}) has been already used, duplicate ignored
<to be read again> 
                   \relax 
l.396 \begin{equation}
                      \label{eq8}pdfTeX warning (ext4): destination with the sa
me identifier (name{equation.3.8}) has been already used, duplicate ignored
<to be read again> 
                   \relax 
l.396 \begin{equation}
                      \label{eq8}pdfTeX warning (ext4): destination with the sa
me identifier (name{equation.3.8}) has been already used, duplicate ignored
<to be read again> 
                   \relax 
l.396 \begin{equation}
                      \label{eq8}pdfTeX warning (ext4): destination with the sa
me identifier (name{equation.3.8}) has been already used, duplicate ignored
<to be read again> 
                   \relax 
l.396 \begin{equation}
                      \label{eq8}
system(epstopdf iscamlogo.eps)...executed.

File: iscamlogo.pdf Graphic file (type pdf)
 <use iscamlogo.pdf> [13 <./iscamFigs/BicubicEg.pdf>]pdfTeX warning (ext4): des
tination with the same identifier (name{equation.3.9}) has been already used, d
uplicate ignored
<to be read again> 
                   \relax 
l.409 \begin{equation}
                      \label{eq9}pdfTeX warning (ext4): destination with the sa
me identifier (name{equation.3.9}) has been already used, duplicate ignored
<to be read again> 
                   \relax 
l.409 \begin{equation}
                      \label{eq9}pdfTeX warning (ext4): destination with the sa
me identifier (name{equation.3.9}) has been already used, duplicate ignored
<to be read again> 
                   \relax 
l.409 \begin{equation}
                      \label{eq9}pdfTeX warning (ext4): destination with the sa
me identifier (name{equation.3.9}) has been already used, duplicate ignored
<to be read again> 
                   \relax 
l.409 \begin{equation}
                      \label{eq9}pdfTeX warning (ext4): destination with the sa
me identifier (name{equation.3.10}) has been already used, duplicate ignored
<to be read again> 
                   \relax 
l.415 \begin{equation}
                      \label{eq10}pdfTeX warning (ext4): destination with the s
ame identifier (name{equation.3.10}) has been already used, duplicate ignored
<to be read again> 
                   \relax 
l.415 \begin{equation}
                      \label{eq10}pdfTeX warning (ext4): destination with the s
ame identifier (name{equation.3.10}) has been already used, duplicate ignored
<to be read again> 
                   \relax 
l.415 \begin{equation}
                      \label{eq10}pdfTeX warning (ext4): destination with the s
ame identifier (name{equation.3.10}) has been already used, duplicate ignored
<to be read again> 
                   \relax 
l.415 \begin{equation}
                      \label{eq10}pdfTeX warning (ext4): destination with the s
ame identifier (name{equation.3.11}) has been already used, duplicate ignored
<to be read again> 
                   \relax 
l.425 \end{align}
                 pdfTeX warning (ext4): destination with the same identifier (n
ame{equation.3.12}) has been already used, duplicate ignored
<to be read again> 
                   \relax 
l.425 \end{align}
                 ) (./Example.tex
system(epstopdf iscamfigs/pHerringFig1.eps)...executed.


<iscamfigs/pHerringFig1.pdf, id=475, 556.0775pt x 460.72125pt>
File: iscamfigs/pHerringFig1.pdf Graphic file (type pdf)

<use iscamfigs/pHerringFig1.pdf>
Overfull \hbox (15.0pt too wide) in paragraph at lines 13--14
[][] 
 []


Underfull \hbox (badness 10000) in paragraph at lines 13--14

 []

system(epstopdf iscamlogo.eps)...executed.

File: iscamlogo.pdf Graphic file (type pdf)
<use iscamlogo.pdf> [14]
<iscamfigs/pHerringFig3.pdf, id=484, 760.8425pt x 413.545pt>
File: iscamfigs/pHerringFig3.pdf Graphic file (type pdf)

<use iscamfigs/pHerringFig3.pdf>
(../../Examples/sogHerring/SOGHerring2010sim.ctl
system(epstopdf iscamlogo.eps)...executed.

File: iscamlogo.pdf Graphic file (type pdf)
 <use iscamlogo.pdf> [15 <./iscamfigs/pHerringFig1.pdf> <./iscamfigs/pHerringFi
g3.pdf>])
system(epstopdf iscamfigs/pHerringFig2.eps)...executed.


<iscamfigs/pHerringFig2.pdf, id=501, 556.0775pt x 460.72125pt>
File: iscamfigs/pHerringFig2.pdf Graphic file (type pdf)

<use iscamfigs/pHerringFig2.pdf>
Overfull \hbox (15.0pt too wide) in paragraph at lines 57--58
[][] 
 []


Underfull \hbox (badness 10000) in paragraph at lines 57--58

 []

system(epstopdf iscamlogo.eps)...executed.

File: iscamlogo.pdf Graphic file (type pdf)
<use iscamlogo.pdf> [16 <./iscamfigs/pHerringFig2.pdf>]
(../../Examples/NamibianHake/NamibianHake.ctl)
(../../Examples/NamibianHake/NamibianHake.dat
system(epstopdf iscamlogo.eps)...executed.

File: iscamlogo.pdf Graphic file (type pdf)
 <use iscamlogo.pdf> [17])
system(epstopdf iscamFigs/NhakeFigs.eps)...executed.


<iscamFigs/NhakeFigs.pdf, id=525, 289.08pt x 578.16pt>
File: iscamFigs/NhakeFigs.pdf Graphic file (type pdf)

<use iscamFigs/NhakeFigs.pdf>
system(epstopdf iscamlogo.eps)...executed.

File: iscamlogo.pdf Graphic file (type pdf)
 <use iscamlogo.pdf> [18 <./iscamFigs/NhakeFigs.pdf>] <iscamFigs/nHakeparameter
s.pdf, id=541, 556.0775pt x 459.7175pt>
File: iscamFigs/nHakeparameters.pdf Graphic file (type pdf)

<use iscamFigs/nHakeparameters.pdf>
<iscamFigs/nHakerefpoints.pdf, id=544, 556.0775pt x 459.7175pt>
File: iscamFigs/nHakerefpoints.pdf Graphic file (type pdf)

<use iscamFigs/nHakerefpoints.pdf>
<iscamFigs/NhakeKobeplot.pdf, id=545, 556.0775pt x 459.7175pt>
File: iscamFigs/NhakeKobeplot.pdf Graphic file (type pdf)

<use iscamFigs/NhakeKobeplot.pdf>
system(epstopdf iscamlogo.eps)...executed.

File: iscamlogo.pdf Graphic file (type pdf)
 <use iscamlogo.pdf> [19 <./iscamFigs/nHakeparameters.pdf> <./iscamFigs/nHakere
fpoints.pdf> <./iscamFigs/NhakeKobeplot.pdf>]
system(epstopdf iscamFigs/phakefig15.eps)...executed.


<iscamFigs/phakefig15.pdf, id=572, 578.16pt x 578.16pt>
File: iscamFigs/phakefig15.pdf Graphic file (type pdf)

<use iscamFigs/phakefig15.pdf>
Underfull \hbox (badness 10000) in paragraph at lines 181--184

 []

(../../Examples/PacificHake/PHake2010.ctl)
system(epstopdf iscamlogo.eps)...executed.

File: iscamlogo.pdf Graphic file (type pdf)
 <use iscamlogo.pdf> [20 <./iscamFigs/phakefig15.pdf>]
system(epstopdf iscamFigs/phakefig2.eps)...executed.

 <iscamFigs/phakefig2.pdf, id=588, 578.16pt x 578.16pt>
File: iscamFigs/phakefig2.pdf Graphic file (type pdf)

<use iscamFigs/phakefig2.pdf>
system(epstopdf iscamFigs/phakefig14.eps)...executed.


<iscamFigs/phakefig14.pdf, id=592, 578.16pt x 578.16pt>
File: iscamFigs/phakefig14.pdf Graphic file (type pdf)

<use iscamFigs/phakefig14.pdf>
system(epstopdf iscamFigs/phakefig8.eps)...executed.


<iscamFigs/phakefig8.pdf, id=594, 578.16pt x 578.16pt>
File: iscamFigs/phakefig8.pdf Graphic file (type pdf)

<use iscamFigs/phakefig8.pdf>
system(epstopdf iscamlogo.eps)...executed.

File: iscamlogo.pdf Graphic file (type pdf)
 <use iscamlogo.pdf> [21 <./iscamFigs/phakefig2.pdf> <./iscamFigs/phakefig14.pd
f>]
system(epstopdf iscamFigs/phakefig11.eps)...executed.


<iscamFigs/phakefig11.pdf, id=614, 578.16pt x 578.16pt>
File: iscamFigs/phakefig11.pdf Graphic file (type pdf)

<use iscamFigs/phakefig11.pdf>
system(epstopdf iscamFigs/phakefig9a.eps)...executed.


<iscamFigs/phakefig9a.pdf, id=617, 578.16pt x 578.16pt>
File: iscamFigs/phakefig9a.pdf Graphic file (type pdf)

<use iscamFigs/phakefig9a.pdf>
system(epstopdf iscamlogo.eps)...executed.

File: iscamlogo.pdf Graphic file (type pdf)
 <use iscamlogo.pdf> [22 <./iscamFigs/phakefig8.pdf> <./iscamFigs/phakefig11.pd
f>]
system(epstopdf iscamFigs/phakefig13a.eps)...executed.


<iscamFigs/phakefig13a.pdf, id=637, 578.16pt x 578.16pt>
File: iscamFigs/phakefig13a.pdf Graphic file (type pdf)

<use iscamFigs/phakefig13a.pdf>
system(epstopdf iscamFigs/phakefig5.eps)...executed.


<iscamFigs/phakefig5.pdf, id=641, 578.16pt x 578.16pt>
File: iscamFigs/phakefig5.pdf Graphic file (type pdf)

<use iscamFigs/phakefig5.pdf>
system(epstopdf iscamlogo.eps)...executed.

File: iscamlogo.pdf Graphic file (type pdf)
 <use iscamlogo.pdf> [23 <./iscamFigs/phakefig9a.pdf> <./iscamFigs/phakefig13a.
pdf>] (./iscamTables/iscam.Table1.tex)
system(epstopdf iscamFigs/phakefig12.eps)...executed.


<iscamFigs/phakefig12.pdf, id=660, 578.16pt x 578.16pt>
File: iscamFigs/phakefig12.pdf Graphic file (type pdf)

<use iscamFigs/phakefig12.pdf> (./iscamTables/iscam.Table2.tex)
(../../Examples/PacificHake/PHake2010.dat
system(epstopdf iscamlogo.eps)...executed.

File: iscamlogo.pdf Graphic file (type pdf)
 <use iscamlogo.pdf> [24 <./iscamFigs/phakefig5.pdf> <./iscamFigs/phakefig12.pd
f>]
system(epstopdf iscamlogo.eps)...executed.

File: iscamlogo.pdf Graphic file (type pdf)
 <use iscamlogo.pdf> [25]))
system(epstopdf iscamlogo.eps)...executed.

File: iscamlogo.pdf Graphic file (type pdf)

<use iscamlogo.pdf> [26] (./iscamGuide.bbl)
system(epstopdf iscamlogo.eps)...executed.

File: iscamlogo.pdf Graphic file (type pdf)
 <use iscamlogo.pdf> [27

]
(./Stats.tex
system(epstopdf iscamlogo.eps)...executed.

File: iscamlogo.pdf Graphic file (type pdf)
 <use iscamlogo.pdf> [28]
LaTeX Font Info:    Font shape `OMS/ppl/m/n' in size <8> not available
(Font)              Font shape `OMS/cmsy/m/n' tried instead on input line 79.
 (../../src/r-code/read.admb.R
LaTeX Font Info:    Try loading font information for OML+ppl on input line 1.

(/usr/local/texlive/2008/texmf-dist/tex/latex/psnfss/omlppl.fd
File: omlppl.fd 
)

LaTeX Font Warning: Font shape `OML/ppl/bx/n' undefined
(Font)              using `OML/ppl/m/it' instead
(Font)              for symbol `textless' on input line 1.

LaTeX Font Info:    Font shape `OML/ppl/m/it' in size <8> not available
(Font)              Font shape `OML/cmm/m/it' tried instead on input line 1.
LaTeX Font Info:    Font shape `OML/ppl/bx/n' in size <8> not available
(Font)              Font shape `OML/cmm/m/it' tried instead on input line 17.
system(epstopdf iscamlogo.eps)...executed.

File: iscamlogo.pdf Graphic file (type pdf)
<use iscamlogo.pdf> [29]

LaTeX Font Warning: Font shape `OMS/ppl/bx/n' undefined
(Font)              using `OMS/ppl/m/n' instead
(Font)              for symbol `textasteriskcentered' on input line 45.

LaTeX Font Info:    Font shape `OMS/ppl/m/it' in size <8> not available
(Font)              Font shape `OMS/cmsy/m/n' tried instead on input line 57.
LaTeX Font Info:    Font shape `OML/ppl/m/n' in size <8> not available
(Font)              Font shape `OML/cmm/m/it' tried instead on input line 76.
system(epstopdf iscamlogo.eps)...executed.

File: iscamlogo.pdf Graphic file (type pdf)
<use iscamlogo.pdf> [30]
LaTeX Font Info:    Font shape `OMS/ppl/bx/n' in size <8> not available
(Font)              Font shape `OMS/cmsy/m/n' tried instead on input line 96.
))
system(epstopdf iscamlogo.eps)...executed.

File: iscamlogo.pdf Graphic file (type pdf)
 <use iscamlogo.pdf> [31] (./iscamGuide.aux)

LaTeX Font Warning: Some font shapes were not available, defaults substituted.

 ) 
Here is how much of TeX's memory you used:
 9342 strings out of 493876
 129986 string characters out of 1150567
 795329 words of memory out of 3000000
 12085 multiletter control sequences out of 10000+50000
 35261 words of font info for 101 fonts, out of 3000000 for 5000
 714 hyphenation exceptions out of 8191
 37i,19n,43p,1378b,1805s stack positions out of 5000i,500n,10000p,200000b,50000s
{/usr/local/texlive/2008/texmf-dist/fonts/enc/dvips/base/8r.enc}</usr/local/t
exlive/2008/texmf-dist/fonts/type1/bluesky/cm/cmex10.pfb></usr/local/texlive/20
08/texmf-dist/fonts/type1/bluesky/cm/cmmi10.pfb></usr/local/texlive/2008/texmf-
dist/fonts/type1/bluesky/cm/cmmi12.pfb></usr/local/texlive/2008/texmf-dist/font
s/type1/bluesky/cm/cmmi5.pfb></usr/local/texlive/2008/texmf-dist/fonts/type1/bl
uesky/cm/cmmi7.pfb></usr/local/texlive/2008/texmf-dist/fonts/type1/bluesky/cm/c
mmi8.pfb></usr/local/texlive/2008/texmf-dist/fonts/type1/bluesky/cm/cmr10.pfb><
/usr/local/texlive/2008/texmf-dist/fonts/type1/bluesky/cm/cmr5.pfb></usr/local/
texlive/2008/texmf-dist/fonts/type1/bluesky/cm/cmr7.pfb></usr/local/texlive/200
8/texmf-dist/fonts/type1/bluesky/cm/cmsy10.pfb></usr/local/texlive/2008/texmf-d
ist/fonts/type1/bluesky/cm/cmsy5.pfb></usr/local/texlive/2008/texmf-dist/fonts/
type1/bluesky/cm/cmsy6.pfb></usr/local/texlive/2008/texmf-dist/fonts/type1/blue
sky/cm/cmsy7.pfb></usr/local/texlive/2008/texmf-dist/fonts/type1/bluesky/cm/cms
y8.pfb></usr/local/texlive/2008/texmf-dist/fonts/type1/bluesky/cm/cmtt10.pfb></
usr/local/texlive/2008/texmf-dist/fonts/type1/bluesky/cm/cmtt12.pfb></usr/local
/texlive/2008/texmf-dist/fonts/type1/bluesky/cm/cmtt8.pfb></usr/local/texlive/2
008/texmf-dist/fonts/type1/bluesky/ams/msbm10.pfb></usr/local/texlive/2008/texm
f-dist/fonts/type1/urw/palatino/uplb8a.pfb></usr/local/texlive/2008/texmf-dist/
fonts/type1/urw/palatino/uplr8a.pfb></usr/local/texlive/2008/texmf-dist/fonts/t
ype1/urw/palatino/uplri8a.pfb>
Output written on iscamGuide.pdf (34 pages, 851281 bytes).
PDF statistics:
 958 PDF objects out of 1000 (max. 8388607)
 272 named destinations out of 1000 (max. 131072)
 462 words of extra memory for PDF output out of 10000 (max. 10000000)

