\BOOKMARK [2][-]{section*.1}{Preface}{}% 1
\BOOKMARK [2][-]{section*.2}{Preface}{}% 2
\BOOKMARK [2][-]{section*.3}{Contents}{}% 3
\BOOKMARK [1][-]{section.1}{Introduction}{}% 4
\BOOKMARK [2][-]{subsection.1.1}{Overview of \040iSCAM}{section.1}% 5
\BOOKMARK [2][-]{subsection.1.2}{Obtaining \040iSCAM}{section.1}% 6
\BOOKMARK [1][-]{section.2}{Running \040iSCAM; input files \046 command line options}{}% 7
\BOOKMARK [2][-]{subsection.2.1}{The iscam.dat file}{section.2}% 8
\BOOKMARK [2][-]{subsection.2.2}{The data file}{section.2}% 9
\BOOKMARK [2][-]{subsection.2.3}{The control file \(still under development\)}{section.2}% 10
\BOOKMARK [3][-]{subsubsection.2.3.1}{Prior type distributions}{subsection.2.3}% 11
\BOOKMARK [3][-]{subsubsection.2.3.2}{Selectivity controls}{subsection.2.3}% 12
\BOOKMARK [3][-]{subsubsection.2.3.3}{Priors for survey catchability}{subsection.2.3}% 13
\BOOKMARK [3][-]{subsubsection.2.3.4}{Other miscellaneous controls}{subsection.2.3}% 14
\BOOKMARK [2][-]{subsection.2.4}{Command line options}{section.2}% 15
\BOOKMARK [3][-]{subsubsection.2.4.1}{Running the simulation model}{subsection.2.4}% 16
\BOOKMARK [1][-]{section.3}{Model Documentation}{}% 17
\BOOKMARK [2][-]{subsection.3.1}{Age-structured population model: equilibrium considerations}{section.3}% 18
\BOOKMARK [3][-]{subsubsection.3.1.1}{MSY based reference points}{subsection.3.1}% 19
\BOOKMARK [2][-]{subsection.3.2}{Age-structured population model: state-dynamics}{section.3}% 20
\BOOKMARK [3][-]{subsubsection.3.2.1}{Options for selectivity \(vk,t,a\)}{subsection.3.2}% 21
\BOOKMARK [2][-]{subsection.3.3}{Residuals, likelihoods \046 objective function value components}{section.3}% 22
\BOOKMARK [3][-]{subsubsection.3.3.1}{Catch data}{subsection.3.3}% 23
\BOOKMARK [3][-]{subsubsection.3.3.2}{Relative abundance data}{subsection.3.3}% 24
\BOOKMARK [3][-]{subsubsection.3.3.3}{Age composition data}{subsection.3.3}% 25
\BOOKMARK [3][-]{subsubsection.3.3.4}{Stock-recruitment}{subsection.3.3}% 26
\BOOKMARK [1][-]{section.4}{Example: Simulation based on Strait of Georgia Pacific herring}{}% 27
\BOOKMARK [2][-]{subsection.4.1}{Introduction \046 purpose}{section.4}% 28
