\BOOKMARK [2][-]{section*.1}{Preface}{}
\BOOKMARK [2][-]{section*.2}{Preface}{}
\BOOKMARK [2][-]{section*.3}{Contents}{}
\BOOKMARK [1][-]{section.1}{Introduction}{}
\BOOKMARK [2][-]{subsection.1.1}{Overview of \040iSCAM}{section.1}
\BOOKMARK [2][-]{subsection.1.2}{Obtaining \040iSCAM}{section.1}
\BOOKMARK [1][-]{section.2}{Running \040iSCAM; input files \046 command line options}{}
\BOOKMARK [2][-]{subsection.2.1}{The iscam.dat file}{section.2}
\BOOKMARK [2][-]{subsection.2.2}{The data file}{section.2}
\BOOKMARK [2][-]{subsection.2.3}{The control file \(still under development\)}{section.2}
\BOOKMARK [3][-]{subsubsection.2.3.1}{Prior type distributions}{subsection.2.3}
\BOOKMARK [3][-]{subsubsection.2.3.2}{Selectivity controls}{subsection.2.3}
\BOOKMARK [3][-]{subsubsection.2.3.3}{Priors for survey catchability}{subsection.2.3}
\BOOKMARK [3][-]{subsubsection.2.3.4}{Other miscellaneous controls}{subsection.2.3}
\BOOKMARK [2][-]{subsection.2.4}{Command line options}{section.2}
\BOOKMARK [3][-]{subsubsection.2.4.1}{Running the simulation model}{subsection.2.4}
\BOOKMARK [1][-]{section.3}{Model Documentation}{}
\BOOKMARK [2][-]{subsection.3.1}{Age-structured population model: equilibrium considerations}{section.3}
\BOOKMARK [3][-]{subsubsection.3.1.1}{MSY based reference points}{subsection.3.1}
\BOOKMARK [2][-]{subsection.3.2}{Age-structured population model: state-dynamics}{section.3}
\BOOKMARK [3][-]{subsubsection.3.2.1}{Options for selectivity \(vk,t,a\)}{subsection.3.2}
\BOOKMARK [2][-]{subsection.3.3}{Residuals, likelihoods \046 objective function value components}{section.3}
\BOOKMARK [3][-]{subsubsection.3.3.1}{Catch data}{subsection.3.3}
\BOOKMARK [3][-]{subsubsection.3.3.2}{Relative abundance data}{subsection.3.3}
\BOOKMARK [3][-]{subsubsection.3.3.3}{Age composition data}{subsection.3.3}
\BOOKMARK [3][-]{subsubsection.3.3.4}{Stock-recruitment}{subsection.3.3}
\BOOKMARK [1][-]{section.4}{Example: Simulation based on Strait of Georgia Pacific herring}{}
\BOOKMARK [2][-]{subsection.4.1}{Introduction \046 purpose}{section.4}
\BOOKMARK [2][-]{subsection.4.2}{Data \046 control files}{section.4}
\BOOKMARK [2][-]{subsection.4.3}{Results}{section.4}
\BOOKMARK [1][-]{section.5}{Example Assessment: the Namibian hake case study}{}
\BOOKMARK [2][-]{subsection.5.1}{Maximum likelihood estimates of the model parameters}{section.5}
\BOOKMARK [2][-]{subsection.5.2}{Bayesian analysis of model parameters \046 policy parameters}{section.5}
\BOOKMARK [1][-]{section.6}{Example Assessment: the Pacific hake fishery}{}
\BOOKMARK [2][-]{subsection.6.1}{Data \046 assumptions}{section.6}
\BOOKMARK [2][-]{subsection.6.2}{Maximum likelihood estimates}{section.6}
\BOOKMARK [2][-]{subsection.6.3}{Time-varying selectivity}{section.6}
\BOOKMARK [2][-]{subsection.6.4}{Bayesian implementation}{section.6}
\BOOKMARK [1][-]{table.7}{References}{}
\BOOKMARK [1][-]{appendix.A}{Statistical functions \046 probability distributions}{}
\BOOKMARK [1][-]{appendix.B}{Scripts}{}
\BOOKMARK [2][-]{subsection.B.1}{Bash script for creating the iscamArchive.zip \046 .tar.gz files}{appendix.B}
\BOOKMARK [1][-]{appendix.C}{R-code for figures and Tables}{}
