This is pdfTeX, Version 3.1415926-2.3-1.40.12 (TeX Live 2011) (format=pdflatex 2011.7.3)  7 NOV 2011 09:10
entering extended mode
 restricted \write18 enabled.
 file:line:error style messages enabled.
 %&-line parsing enabled.
**BCHerring2011.tex
(./BCHerring2011.tex
LaTeX2e <2009/09/24>
Babel <v3.8l> and hyphenation patterns for english, dumylang, nohyphenation, ge
rman-x-2009-06-19, ngerman-x-2009-06-19, afrikaans, ancientgreek, ibycus, arabi
c, armenian, basque, bulgarian, catalan, pinyin, coptic, croatian, czech, danis
h, dutch, ukenglish, usenglishmax, esperanto, estonian, ethiopic, farsi, finnis
h, french, galician, german, ngerman, swissgerman, monogreek, greek, hungarian,
 icelandic, assamese, bengali, gujarati, hindi, kannada, malayalam, marathi, or
iya, panjabi, tamil, telugu, indonesian, interlingua, irish, italian, kurmanji,
 lao, latin, latvian, lithuanian, mongolian, mongolianlmc, bokmal, nynorsk, pol
ish, portuguese, romanian, russian, sanskrit, serbian, serbianc, slovak, sloven
ian, spanish, swedish, turkish, turkmen, ukrainian, uppersorbian, welsh, loaded
.
(/usr/local/texlive/2011/texmf-dist/tex/latex/base/report.cls
Document Class: report 2007/10/19 v1.4h Standard LaTeX document class
(/usr/local/texlive/2011/texmf-dist/tex/latex/base/size10.clo
File: size10.clo 2007/10/19 v1.4h Standard LaTeX file (size option)
)
\c@part=\count79
\c@chapter=\count80
\c@section=\count81
\c@subsection=\count82
\c@subsubsection=\count83
\c@paragraph=\count84
\c@subparagraph=\count85
\c@figure=\count86
\c@table=\count87
\abovecaptionskip=\skip41
\belowcaptionskip=\skip42
\bibindent=\dimen102
)
(/usr/local/texlive/2011/texmf-dist/tex/latex/graphics/graphicx.sty
Package: graphicx 1999/02/16 v1.0f Enhanced LaTeX Graphics (DPC,SPQR)

(/usr/local/texlive/2011/texmf-dist/tex/latex/graphics/keyval.sty
Package: keyval 1999/03/16 v1.13 key=value parser (DPC)
\KV@toks@=\toks14
)
(/usr/local/texlive/2011/texmf-dist/tex/latex/graphics/graphics.sty
Package: graphics 2009/02/05 v1.0o Standard LaTeX Graphics (DPC,SPQR)

(/usr/local/texlive/2011/texmf-dist/tex/latex/graphics/trig.sty
Package: trig 1999/03/16 v1.09 sin cos tan (DPC)
)
(/usr/local/texlive/2011/texmf-dist/tex/latex/latexconfig/graphics.cfg
File: graphics.cfg 2010/04/23 v1.9 graphics configuration of TeX Live
)
Package graphics Info: Driver file: pdftex.def on input line 91.

(/usr/local/texlive/2011/texmf-dist/tex/latex/pdftex-def/pdftex.def
File: pdftex.def 2011/05/27 v0.06d Graphics/color for pdfTeX

(/usr/local/texlive/2011/texmf-dist/tex/generic/oberdiek/infwarerr.sty
Package: infwarerr 2010/04/08 v1.3 Providing info/warning/message (HO)
)
(/usr/local/texlive/2011/texmf-dist/tex/generic/oberdiek/ltxcmds.sty
Package: ltxcmds 2011/04/18 v1.20 LaTeX kernel commands for general use (HO)
)
\Gread@gobject=\count88
))
\Gin@req@height=\dimen103
\Gin@req@width=\dimen104
)
(/usr/local/texlive/2011/texmf-dist/tex/latex/subfig/subfig.sty
Package: subfig 2005/06/28 ver: 1.3 subfig package

(/usr/local/texlive/2011/texmf-dist/tex/latex/caption/caption.sty
Package: caption 2010/01/09 v3.1m Customizing captions (AR)

(/usr/local/texlive/2011/texmf-dist/tex/latex/caption/caption3.sty
Package: caption3 2010/01/14 v3.1m caption3 kernel (AR)
\captionmargin=\dimen105
\captionmargin@=\dimen106
\captionwidth=\dimen107
\caption@indent=\dimen108
\caption@parindent=\dimen109
\caption@hangindent=\dimen110
)
\c@ContinuedFloat=\count89
)
\c@KVtest=\count90
\sf@farskip=\skip43
\sf@captopadj=\dimen111
\sf@capskip=\skip44
\sf@nearskip=\skip45
\c@subfigure=\count91
\c@subfigure@save=\count92
\c@lofdepth=\count93
\c@subtable=\count94
\c@subtable@save=\count95
\c@lotdepth=\count96
\sf@top=\skip46
\sf@bottom=\skip47
)
(/usr/local/texlive/2011/texmf-dist/tex/latex/oberdiek/epstopdf.sty
Package: epstopdf 2010/02/09 v2.5 Conversion with epstopdf on the fly (HO)

(/usr/local/texlive/2011/texmf-dist/tex/latex/oberdiek/epstopdf-base.sty
Package: epstopdf-base 2010/02/09 v2.5 Base part for package epstopdf

(/usr/local/texlive/2011/texmf-dist/tex/latex/oberdiek/grfext.sty
Package: grfext 2010/08/19 v1.1 Managing graphics extensions (HO)

(/usr/local/texlive/2011/texmf-dist/tex/generic/oberdiek/kvdefinekeys.sty
Package: kvdefinekeys 2011/04/07 v1.3 Defining keys (HO)
))
(/usr/local/texlive/2011/texmf-dist/tex/latex/oberdiek/kvoptions.sty
Package: kvoptions 2010/12/23 v3.10 Keyval support for LaTeX options (HO)

(/usr/local/texlive/2011/texmf-dist/tex/generic/oberdiek/kvsetkeys.sty
Package: kvsetkeys 2011/04/07 v1.13 Key value parser (HO)

(/usr/local/texlive/2011/texmf-dist/tex/generic/oberdiek/etexcmds.sty
Package: etexcmds 2011/02/16 v1.5 Prefix for e-TeX command names (HO)

(/usr/local/texlive/2011/texmf-dist/tex/generic/oberdiek/ifluatex.sty
Package: ifluatex 2010/03/01 v1.3 Provides the ifluatex switch (HO)
Package ifluatex Info: LuaTeX not detected.
)
Package etexcmds Info: Could not find \expanded.
(etexcmds)             That can mean that you are not using pdfTeX 1.50 or
(etexcmds)             that some package has redefined \expanded.
(etexcmds)             In the latter case, load this package earlier.
)))
(/usr/local/texlive/2011/texmf-dist/tex/generic/oberdiek/pdftexcmds.sty
Package: pdftexcmds 2011/04/22 v0.16 Utilities of pdfTeX for LuaTeX (HO)

(/usr/local/texlive/2011/texmf-dist/tex/generic/oberdiek/ifpdf.sty
Package: ifpdf 2011/01/30 v2.3 Provides the ifpdf switch (HO)
Package ifpdf Info: pdfTeX in PDF mode is detected.
)
Package pdftexcmds Info: LuaTeX not detected.
Package pdftexcmds Info: \pdf@primitive is available.
Package pdftexcmds Info: \pdf@ifprimitive is available.
Package pdftexcmds Info: \pdfdraftmode found.
)
Package grfext Info: Graphics extension search list:
(grfext)             [.png,.pdf,.jpg,.mps,.jpeg,.jbig2,.jb2,.PNG,.PDF,.JPG,.JPE
G,.JBIG2,.JB2,.eps]
(grfext)             \AppendGraphicsExtensions on input line 452.

(/usr/local/texlive/2011/texmf-dist/tex/latex/latexconfig/epstopdf-sys.cfg
File: epstopdf-sys.cfg 2010/07/13 v1.3 Configuration of (r)epstopdf for TeX Liv
e
)))
(/usr/local/texlive/2011/texmf-dist/tex/latex/psfrag/psfrag.sty
Package: psfrag 1998/04/11 v3.04 PSfrag (MCG)
\pfg@pcount=\count97
\pfg@scount=\count98
\pfg@temp=\write3
)
(/usr/local/texlive/2011/texmf-dist/tex/latex/natbib/natbib.sty
Package: natbib 2010/09/13 8.31b (PWD, AO)
\bibhang=\skip48
\bibsep=\skip49
LaTeX Info: Redefining \cite on input line 694.
\c@NAT@ctr=\count99
)
(/usr/local/texlive/2011/texmf-dist/tex/latex/tools/longtable.sty
Package: longtable 2004/02/01 v4.11 Multi-page Table package (DPC)
\LTleft=\skip50
\LTright=\skip51
\LTpre=\skip52
\LTpost=\skip53
\LTchunksize=\count100
\LTcapwidth=\dimen112
\LT@head=\box26
\LT@firsthead=\box27
\LT@foot=\box28
\LT@lastfoot=\box29
\LT@cols=\count101
\LT@rows=\count102
\c@LT@tables=\count103
\c@LT@chunks=\count104
\LT@p@ftn=\toks15
)
(/usr/local/texlive/2011/texmf-dist/tex/latex/rotating/rotating.sty
Package: rotating 2009/03/28 v2.16a rotated objects in LaTeX

(/usr/local/texlive/2011/texmf-dist/tex/latex/base/ifthen.sty
Package: ifthen 2001/05/26 v1.1c Standard LaTeX ifthen package (DPC)
)
\c@r@tfl@t=\count105
\rotFPtop=\skip54
\rotFPbot=\skip55
\rot@float@box=\box30
\rot@mess@toks=\toks16
)
(/usr/local/texlive/2011/texmf-dist/tex/generic/dvips/rotate.sty
\@rotdimen=\dimen113
\@rotbox=\box31
)
(/usr/local/texlive/2011/texmf-dist/tex/latex/graphics/lscape.sty
Package: lscape 2000/10/22 v3.01 Landscape Pages (DPC)
)
(/usr/local/texlive/2011/texmf-dist/tex/latex/amsfonts/amssymb.sty
Package: amssymb 2009/06/22 v3.00

(/usr/local/texlive/2011/texmf-dist/tex/latex/amsfonts/amsfonts.sty
Package: amsfonts 2009/06/22 v3.00 Basic AMSFonts support
\@emptytoks=\toks17
\symAMSa=\mathgroup4
\symAMSb=\mathgroup5
LaTeX Font Info:    Overwriting math alphabet `\mathfrak' in version `bold'
(Font)                  U/euf/m/n --> U/euf/b/n on input line 96.
))
(/usr/local/texlive/2011/texmf-dist/tex/latex/amsmath/amsmath.sty
Package: amsmath 2000/07/18 v2.13 AMS math features
\@mathmargin=\skip56

For additional information on amsmath, use the `?' option.
(/usr/local/texlive/2011/texmf-dist/tex/latex/amsmath/amstext.sty
Package: amstext 2000/06/29 v2.01

(/usr/local/texlive/2011/texmf-dist/tex/latex/amsmath/amsgen.sty
File: amsgen.sty 1999/11/30 v2.0
\@emptytoks=\toks18
\ex@=\dimen114
))
(/usr/local/texlive/2011/texmf-dist/tex/latex/amsmath/amsbsy.sty
Package: amsbsy 1999/11/29 v1.2d
\pmbraise@=\dimen115
)
(/usr/local/texlive/2011/texmf-dist/tex/latex/amsmath/amsopn.sty
Package: amsopn 1999/12/14 v2.01 operator names
)
\inf@bad=\count106
LaTeX Info: Redefining \frac on input line 211.
\uproot@=\count107
\leftroot@=\count108
LaTeX Info: Redefining \overline on input line 307.
\classnum@=\count109
\DOTSCASE@=\count110
LaTeX Info: Redefining \ldots on input line 379.
LaTeX Info: Redefining \dots on input line 382.
LaTeX Info: Redefining \cdots on input line 467.
\Mathstrutbox@=\box32
\strutbox@=\box33
\big@size=\dimen116
LaTeX Font Info:    Redeclaring font encoding OML on input line 567.
LaTeX Font Info:    Redeclaring font encoding OMS on input line 568.
\macc@depth=\count111
\c@MaxMatrixCols=\count112
\dotsspace@=\muskip10
\c@parentequation=\count113
\dspbrk@lvl=\count114
\tag@help=\toks19
\row@=\count115
\column@=\count116
\maxfields@=\count117
\andhelp@=\toks20
\eqnshift@=\dimen117
\alignsep@=\dimen118
\tagshift@=\dimen119
\tagwidth@=\dimen120
\totwidth@=\dimen121
\lineht@=\dimen122
\@envbody=\toks21
\multlinegap=\skip57
\multlinetaggap=\skip58
\mathdisplay@stack=\toks22
LaTeX Info: Redefining \[ on input line 2666.
LaTeX Info: Redefining \] on input line 2667.
)
(/usr/local/texlive/2011/texmf-dist/tex/latex/hyperref/hyperref.sty
Package: hyperref 2011/04/17 v6.82g Hypertext links for LaTeX

(/usr/local/texlive/2011/texmf-dist/tex/generic/oberdiek/hobsub-hyperref.sty
Package: hobsub-hyperref 2011/04/23 v1.4 Bundle oberdiek, subset hyperref (HO)

(/usr/local/texlive/2011/texmf-dist/tex/generic/oberdiek/hobsub-generic.sty
Package: hobsub-generic 2011/04/23 v1.4 Bundle oberdiek, subset generic (HO)
Package: hobsub 2011/04/23 v1.4 Subsetting bundle oberdiek (HO)
Package hobsub Info: Skipping package `infwarerr' (already loaded).
Package hobsub Info: Skipping package `ltxcmds' (already loaded).
Package hobsub Info: Skipping package `ifluatex' (already loaded).
Package: ifvtex 2010/03/01 v1.5 Switches for detecting VTeX and its modes (HO)
Package ifvtex Info: VTeX not detected.
Package: intcalc 2007/09/27 v1.1 Expandable integer calculations (HO)
Package hobsub Info: Skipping package `ifpdf' (already loaded).
Package hobsub Info: Skipping package `etexcmds' (already loaded).
Package hobsub Info: Skipping package `kvsetkeys' (already loaded).
Package hobsub Info: Skipping package `kvdefinekeys' (already loaded).
Package hobsub Info: Skipping package `pdftexcmds' (already loaded).
Package: pdfescape 2011/04/04 v1.12 Provides string conversions (HO)
Package: bigintcalc 2011/01/30 v1.2 Expandable big integer calculations (HO)
Package: bitset 2011/01/30 v1.1 Data type bit set (HO)
Package: uniquecounter 2011/01/30 v1.2 Provides unlimited unique counter (HO)
)
Package hobsub Info: Skipping package `hobsub' (already loaded).
Package: letltxmacro 2010/09/02 v1.4 Let assignment for LaTeX macros (HO)
Package: hopatch 2011/01/30 v1.0 Wrapper for package hooks (HO)
Package: xcolor-patch 2011/01/30 xcolor patch
Package: atveryend 2011/04/23 v1.7 Hooks at very end of document (HO)
Package atveryend Info: \enddocument detected (standard).
Package: atbegshi 2011/01/30 v1.15 At begin shipout hook (HO)
Package: refcount 2010/12/01 v3.2 Data extraction from references (HO)
Package: hycolor 2011/01/30 v1.7 Color options of hyperref/bookmark (HO)
)
(/usr/local/texlive/2011/texmf-dist/tex/generic/ifxetex/ifxetex.sty
Package: ifxetex 2010/09/12 v0.6 Provides ifxetex conditional
)
\@linkdim=\dimen123
\Hy@linkcounter=\count118
\Hy@pagecounter=\count119

(/usr/local/texlive/2011/texmf-dist/tex/latex/hyperref/pd1enc.def
File: pd1enc.def 2011/04/17 v6.82g Hyperref: PDFDocEncoding definition (HO)
)
\Hy@SavedSpaceFactor=\count120

(/usr/local/texlive/2011/texmf-dist/tex/latex/latexconfig/hyperref.cfg
File: hyperref.cfg 2002/06/06 v1.2 hyperref configuration of TeXLive
)
Package hyperref Info: Option `colorlinks' set `true' on input line 3905.
Package hyperref Info: Option `bookmarks' set `true' on input line 3905.
Package hyperref Info: Hyper figures OFF on input line 4026.
Package hyperref Info: Link nesting OFF on input line 4031.
Package hyperref Info: Hyper index ON on input line 4034.
Package hyperref Info: Plain pages OFF on input line 4041.
Package hyperref Info: Backreferencing OFF on input line 4046.
Package hyperref Info: Implicit mode ON; LaTeX internals redefined.
Package hyperref Info: Bookmarks ON on input line 4264.
\c@Hy@tempcnt=\count121

(/usr/local/texlive/2011/texmf-dist/tex/latex/url/url.sty
\Urlmuskip=\muskip11
Package: url 2006/04/12  ver 3.3  Verb mode for urls, etc.
)
LaTeX Info: Redefining \url on input line 4617.
\Fld@menulength=\count122
\Field@Width=\dimen124
\Fld@charsize=\dimen125
Package hyperref Info: Hyper figures OFF on input line 5701.
Package hyperref Info: Link nesting OFF on input line 5706.
Package hyperref Info: Hyper index ON on input line 5709.
Package hyperref Info: backreferencing OFF on input line 5716.
Package hyperref Info: Link coloring ON on input line 5719.
Package hyperref Info: Link coloring with OCG OFF on input line 5726.
Package hyperref Info: PDF/A mode OFF on input line 5731.
LaTeX Info: Redefining \ref on input line 5771.
LaTeX Info: Redefining \pageref on input line 5775.
\Hy@abspage=\count123
\c@Item=\count124
\c@Hfootnote=\count125
)

Package hyperref Message: Driver (autodetected): hpdftex.

(/usr/local/texlive/2011/texmf-dist/tex/latex/hyperref/hpdftex.def
File: hpdftex.def 2011/04/17 v6.82g Hyperref driver for pdfTeX
\Fld@listcount=\count126
\c@bookmark@seq@number=\count127

(/usr/local/texlive/2011/texmf-dist/tex/latex/oberdiek/rerunfilecheck.sty
Package: rerunfilecheck 2011/04/15 v1.7 Rerun checks for auxiliary files (HO)
Package uniquecounter Info: New unique counter `rerunfilecheck' on input line 2
82.
)
\Hy@SectionHShift=\skip59
)
(/usr/local/texlive/2011/texmf-dist/tex/latex/graphics/color.sty
Package: color 2005/11/14 v1.0j Standard LaTeX Color (DPC)

(/usr/local/texlive/2011/texmf-dist/tex/latex/latexconfig/color.cfg
File: color.cfg 2007/01/18 v1.5 color configuration of teTeX/TeXLive
)
Package color Info: Driver file: pdftex.def on input line 130.
)
(/usr/local/texlive/2011/texmf-dist/tex/latex/tools/multicol.sty
Package: multicol 2008/12/05 v1.6h multicolumn formatting (FMi)
\c@tracingmulticols=\count128
\mult@box=\box34
\multicol@leftmargin=\dimen126
\c@unbalance=\count129
\c@collectmore=\count130
\doublecol@number=\count131
\multicoltolerance=\count132
\multicolpretolerance=\count133
\full@width=\dimen127
\page@free=\dimen128
\premulticols=\dimen129
\postmulticols=\dimen130
\multicolsep=\skip60
\multicolbaselineskip=\skip61
\partial@page=\box35
\last@line=\box36
\mult@rightbox=\box37
\mult@grightbox=\box38
\mult@gfirstbox=\box39
\mult@firstbox=\box40
\@tempa=\box41
\@tempa=\box42
\@tempa=\box43
\@tempa=\box44
\@tempa=\box45
\@tempa=\box46
\@tempa=\box47
\@tempa=\box48
\@tempa=\box49
\@tempa=\box50
\@tempa=\box51
\@tempa=\box52
\@tempa=\box53
\@tempa=\box54
\@tempa=\box55
\@tempa=\box56
\@tempa=\box57
\c@columnbadness=\count134
\c@finalcolumnbadness=\count135
\last@try=\dimen131
\multicolovershoot=\dimen132
\multicolundershoot=\dimen133
\mult@nat@firstbox=\box58
\colbreak@box=\box59
)
(/usr/local/texlive/2011/texmf-dist/tex/latex/base/alltt.sty
Package: alltt 1997/06/16 v2.0g defines alltt environment
)
(/usr/local/texlive/2011/texmf-dist/tex/latex/listings/listings.sty
\lst@mode=\count136
\lst@gtempboxa=\box60
\lst@token=\toks23
\lst@length=\count137
\lst@currlwidth=\dimen134
\lst@column=\count138
\lst@pos=\count139
\lst@lostspace=\dimen135
\lst@width=\dimen136
\lst@newlines=\count140
\lst@lineno=\count141
\lst@maxwidth=\dimen137

(/usr/local/texlive/2011/texmf-dist/tex/latex/listings/lstmisc.sty
File: lstmisc.sty 2007/02/22 1.4 (Carsten Heinz)
\c@lstnumber=\count142
\lst@skipnumbers=\count143
\lst@framebox=\box61
)
(/usr/local/texlive/2011/texmf-dist/tex/latex/listings/listings.cfg
File: listings.cfg 2007/02/22 1.4 listings configuration
))
Package: listings 2007/02/22 1.4 (Carsten Heinz)

(/usr/local/texlive/2011/texmf-dist/tex/latex/listings/lstlang1.sty
File: lstlang1.sty 2004/09/05 1.3 listings language file
)
(/usr/local/texlive/2011/texmf-dist/tex/latex/listings/lstlang2.sty
File: lstlang2.sty 2004/09/05 1.3 listings language file
)
(/usr/local/texlive/2011/texmf-dist/tex/latex/listings/lstlang3.sty
File: lstlang3.sty 2004/09/05 1.3 listings language file
)
(/usr/local/texlive/2011/texmf-dist/tex/generic/babel/babel.sty
Package: babel 2008/07/06 v3.8l The Babel package

(/usr/local/texlive/2011/texmf-dist/tex/generic/babel/frenchb.ldf
Language: frenchb 2009/03/16 v2.3d French support from the babel system

(/usr/local/texlive/2011/texmf-dist/tex/generic/babel/babel.def
File: babel.def 2008/07/06 v3.8l Babel common definitions
\babel@savecnt=\count144
\U@D=\dimen138
)
Package babel Info: Making : an active character on input line 120.
Package babel Info: Making ; an active character on input line 121.
Package babel Info: Making ! an active character on input line 122.
Package babel Info: Making ? an active character on input line 123.
\FB@Mht=\dimen139
\std@mcc=\count145
\dec@mcc=\count146
\parindentFFN=\dimen140

*************************************
* Local config file frenchb.cfg used
*
(/usr/local/texlive/2011/texmf-dist/tex/generic/babel/frenchb.cfg))
(/usr/local/texlive/2011/texmf-dist/tex/generic/babel/english.ldf
Language: english 2005/03/30 v3.3o English support from the babel system
\l@canadian = a dialect from \language\l@american 
\l@australian = a dialect from \language\l@british 
\l@newzealand = a dialect from \language\l@british 
))
(/usr/local/texlive/2011/texmf-dist/tex/latex/carlisle/scalefnt.sty)
(/usr/local/texlive/2011/texmf-dist/tex/latex/eso-pic/eso-pic.sty
Package: eso-pic 2010/10/06 v2.0c eso-pic (RN)
)
(/usr/local/texlive/2011/texmf-dist/tex/latex/type1cm/type1cm.sty
Package: type1cm 2002/09/05 v0.04 BlueSky/Y&Y Type1 CM font definitions (DPC, p
atched RF)
)
(/usr/local/texlive/2011/texmf-dist/tex/latex/float/float.sty
Package: float 2001/11/08 v1.3d Float enhancements (AL)
\c@float@type=\count147
\float@exts=\toks24
\float@box=\box62
\@float@everytoks=\toks25
\@floatcapt=\box63
)
(/usr/local/texlive/2011/texmf-dist/tex/latex/tools/array.sty
Package: array 2008/09/09 v2.4c Tabular extension package (FMi)
\col@sep=\dimen141
\extrarowheight=\dimen142
\NC@list=\toks26
\extratabsurround=\skip62
\backup@length=\skip63
)
\c@saveEq=\count148

(./BCHerring2011.aux (./PART1/PART_I.aux) (./PART2/PART_II.aux))
\openout1 = `BCHerring2011.aux'.

LaTeX Font Info:    Checking defaults for OML/cmm/m/it on input line 168.
LaTeX Font Info:    ... okay on input line 168.
LaTeX Font Info:    Checking defaults for T1/cmr/m/n on input line 168.
LaTeX Font Info:    ... okay on input line 168.
LaTeX Font Info:    Checking defaults for OT1/cmr/m/n on input line 168.
LaTeX Font Info:    ... okay on input line 168.
LaTeX Font Info:    Checking defaults for OMS/cmsy/m/n on input line 168.
LaTeX Font Info:    ... okay on input line 168.
LaTeX Font Info:    Checking defaults for OMX/cmex/m/n on input line 168.
LaTeX Font Info:    ... okay on input line 168.
LaTeX Font Info:    Checking defaults for U/cmr/m/n on input line 168.
LaTeX Font Info:    ... okay on input line 168.
LaTeX Font Info:    Checking defaults for PD1/pdf/m/n on input line 168.
LaTeX Font Info:    ... okay on input line 168.
LaTeX Font Info:    Try loading font information for OT1+ppl on input line 168.


(/usr/local/texlive/2011/texmf-dist/tex/latex/psnfss/ot1ppl.fd
File: ot1ppl.fd 2001/06/04 font definitions for OT1/ppl.
)
(/usr/local/texlive/2011/texmf-dist/tex/context/base/supp-pdf.mkii
[Loading MPS to PDF converter (version 2006.09.02).]
\scratchcounter=\count149
\scratchdimen=\dimen143
\scratchbox=\box64
\nofMPsegments=\count150
\nofMParguments=\count151
\everyMPshowfont=\toks27
\MPscratchCnt=\count152
\MPscratchDim=\dimen144
\MPnumerator=\count153
\makeMPintoPDFobject=\count154
\everyMPtoPDFconversion=\toks28
)
Package caption Info: Begin \AtBeginDocument code.
Package caption3 Info: subfig package 1.2 or 1.3 is loaded.
LaTeX Info: Redefining \subref on input line 168.
Package caption Info: float package is loaded.
Package caption Info: hyperref package is loaded.
Package caption Info: listings package is loaded.
Package caption Info: longtable package is loaded.
 (/usr/local/texlive/2011/texmf-dist/tex/latex/caption/ltcaption.sty
Package: ltcaption 2008/03/28 v1.2 longtable captions (AR)
)
Package caption Info: rotating package is loaded.
Package caption Info: End \AtBeginDocument code.
\AtBeginShipoutBox=\box65
Package hyperref Info: Link coloring ON on input line 168.

(/usr/local/texlive/2011/texmf-dist/tex/latex/hyperref/nameref.sty
Package: nameref 2010/04/30 v2.40 Cross-referencing by name of section

(/usr/local/texlive/2011/texmf-dist/tex/generic/oberdiek/gettitlestring.sty
Package: gettitlestring 2010/12/03 v1.4 Cleanup title references (HO)
)
\c@section@level=\count155
)
LaTeX Info: Redefining \ref on input line 168.
LaTeX Info: Redefining \pageref on input line 168.
LaTeX Info: Redefining \nameref on input line 168.

(./BCHerring2011.out) (./BCHerring2011.out)
\@outlinefile=\write4
\openout4 = `BCHerring2011.out'.

\c@lstlisting=\count156
LaTeX Info: Redefining \degres on input line 168.


Package frenchb.ldf Warning: The definition of \@makecaption has been changed,
(frenchb.ldf)                frenchb will NOT customise it;
(frenchb.ldf)                reported on input line 168.

LaTeX Info: Redefining \dots on input line 168.
LaTeX Info: Redefining \up on input line 168.

Package frenchb.ldf Warning: OT1 encoding should not be used for French. 
(frenchb.ldf)                Add \usepackage[T1]{fontenc} to the preamble
(frenchb.ldf)                of your document, on input line 168.

[1
Non-PDF special ignored!

{/usr/local/texlive/2011/texmf-var/fonts/map/pdftex/updmap/pdftex.map}] (./EXEC
_SUMMARY/ExecutiveSummary.tex
LaTeX Font Info:    Font shape `OT1/ppl/bx/n' in size <14.4> not available
(Font)              Font shape `OT1/ppl/b/n' tried instead on input line 13.
)pdfTeX warning (ext4): destination with the same identifier (name{page.i}) has
 been already used, duplicate ignored
<to be read again> 
                   \relax 
l.202 \newpage
               [1

]
LaTeX Font Info:    Font shape `OT1/ppl/bx/n' in size <24.88> not available
(Font)              Font shape `OT1/ppl/b/n' tried instead on input line 203.
 (./BCHerring2011.toc
LaTeX Font Info:    Font shape `OT1/ppl/bx/n' in size <12> not available
(Font)              Font shape `OT1/ppl/b/n' tried instead on input line 7.
 [2

])
\tf@toc=\write5
\openout5 = `BCHerring2011.toc'.

 [3] (./BCHerring2011.lof [4

]
[5] [6] [7])
\tf@lof=\write6
\openout6 = `BCHerring2011.lof'.

 [8] (./BCHerring2011.lot [9

] [10])
\tf@lot=\write7
\openout7 = `BCHerring2011.lot'.

 [11]
\openout2 = `./PART1/PART_I.aux'.

 (./PART1/PART_I.tex
LaTeX Font Info:    Font shape `OT1/ppl/bx/n' in size <20.74> not available
(Font)              Font shape `OT1/ppl/b/n' tried instead on input line 4.

[1


] (./PART1/Introduction.tex

Package hyperref Warning: Difference (2) between bookmark levels is greater 
(hyperref)                than one, level fixed on input line 4.



pdfTeX warning: pdflatex (file ../FIGS/PBSfigs/Assessment_Regions_2W_27_2010_HG
.pdf): PDF inclusion: found PDF version <1.6>, but at most version <1.5> allowe
d

<../FIGS/PBSfigs/Assessment_Regions_2W_27_2010_HG.pdf, id=884, 614.295pt x 794.
97pt>
File: ../FIGS/PBSfigs/Assessment_Regions_2W_27_2010_HG.pdf Graphic file (type p
df)
 <use ../FIGS/PBSfigs/Assessment_Regions_2W_27_2010_HG.pdf>
Package pdftex.def Info: ../FIGS/PBSfigs/Assessment_Regions_2W_27_2010_HG.pdf u
sed on input line 15.
(pdftex.def)             Requested size: 446.2658pt x 577.5212pt.
)
(./PART1/Methods.tex [2] [3 <../FIGS/PBSfigs/Assessment_Regions_2W_27_2010_HG.p
df>]
LaTeX Font Info:    Font shape `OT1/ppl/bx/n' in size <10> not available
(Font)              Font shape `OT1/ppl/b/n' tried instead on input line 29.
 [4]
LaTeX Font Info:    Font shape `OT1/ppl/bx/n' in size <9> not available
(Font)              Font shape `OT1/ppl/b/n' tried instead on input line 43.
LaTeX Font Info:    Font shape `OT1/ppl/bx/n' in size <8> not available
(Font)              Font shape `OT1/ppl/b/n' tried instead on input line 43.
LaTeX Font Info:    Font shape `OT1/ppl/bx/n' in size <6> not available
(Font)              Font shape `OT1/ppl/b/n' tried instead on input line 43.


Package hyperref Warning: Token not allowed in a PDF string (PDFDocEncoding):
(hyperref)                removing `math shift' on input line 43.


Package hyperref Warning: Token not allowed in a PDF string (PDFDocEncoding):
(hyperref)                removing `superscript' on input line 43.


Package hyperref Warning: Token not allowed in a PDF string (PDFDocEncoding):
(hyperref)                removing `math shift' on input line 43.


Package hyperref Warning: Token not allowed in a PDF string (PDFDocEncoding):
(hyperref)                removing `math shift' on input line 43.


Package hyperref Warning: Token not allowed in a PDF string (PDFDocEncoding):
(hyperref)                removing `subscript' on input line 43.


Package hyperref Warning: Token not allowed in a PDF string (PDFDocEncoding):
(hyperref)                removing `math shift' on input line 43.

[5] [6]) (./PART1/Results.tex
<../Figs/simPlot.pdf, id=969, 556.0775pt x 459.7175pt>
File: ../Figs/simPlot.pdf Graphic file (type pdf)

<use ../Figs/simPlot.pdf>
Package pdftex.def Info: ../Figs/simPlot.pdf used on input line 10.
(pdftex.def)             Requested size: 469.75499pt x 388.36269pt.

Underfull \hbox (badness 10000) in paragraph at lines 10--11

 []

<../Figs/SOGParameterBias.pdf, id=973, 556.0775pt x 459.7175pt>
File: ../Figs/SOGParameterBias.pdf Graphic file (type pdf)

<use ../Figs/SOGParameterBias.pdf>
Package pdftex.def Info: ../Figs/SOGParameterBias.pdf used on input line 24.
(pdftex.def)             Requested size: 469.75499pt x 388.36269pt.

Underfull \hbox (badness 10000) in paragraph at lines 24--25

 []


Package hyperref Warning: Token not allowed in a PDF string (PDFDocEncoding):
(hyperref)                removing `math shift' on input line 33.


Package hyperref Warning: Token not allowed in a PDF string (PDFDocEncoding):
(hyperref)                removing `superscript' on input line 33.


Package hyperref Warning: Token not allowed in a PDF string (PDFDocEncoding):
(hyperref)                removing `math shift' on input line 33.


Package hyperref Warning: Token not allowed in a PDF string (PDFDocEncoding):
(hyperref)                removing `math shift' on input line 33.


Package hyperref Warning: Token not allowed in a PDF string (PDFDocEncoding):
(hyperref)                removing `subscript' on input line 33.


Package hyperref Warning: Token not allowed in a PDF string (PDFDocEncoding):
(hyperref)                removing `math shift' on input line 33.

[7] [8 <../Figs/simPlot.pdf>] [9 <../Figs/SOGParameterBias.pdf>]
<../Figs/iscam_fig_HCAM_SOG_MLE.pdf, id=1011, 556.0775pt x 459.7175pt>
File: ../Figs/iscam_fig_HCAM_SOG_MLE.pdf Graphic file (type pdf)

<use ../Figs/iscam_fig_HCAM_SOG_MLE.pdf>
Package pdftex.def Info: ../Figs/iscam_fig_HCAM_SOG_MLE.pdf used on input line 
65.
(pdftex.def)             Requested size: 469.75499pt x 388.36269pt.

Underfull \hbox (badness 10000) in paragraph at lines 65--66

 []

<../FIGS/iscam_fig_HCAM_SOG_RES.pdf, id=1015, 556.0775pt x 459.7175pt>
File: ../FIGS/iscam_fig_HCAM_SOG_RES.pdf Graphic file (type pdf)

<use ../FIGS/iscam_fig_HCAM_SOG_RES.pdf>
Package pdftex.def Info: ../FIGS/iscam_fig_HCAM_SOG_RES.pdf used on input line 
79.
(pdftex.def)             Requested size: 469.75499pt x 388.36269pt.

Underfull \hbox (badness 10000) in paragraph at lines 79--80

 []

[10] [11 <../Figs/iscam_fig_HCAM_SOG_MLE.pdf>] [12 <../FIGS/iscam_fig_HCAM_SOG_
RES.pdf>]
<../FIGS/iscam_fig_HCAM_qFix_qPrior.pdf, id=1050, 719.68875pt x 468.75125pt>
File: ../FIGS/iscam_fig_HCAM_qFix_qPrior.pdf Graphic file (type pdf)

<use ../FIGS/iscam_fig_HCAM_qFix_qPrior.pdf>
Package pdftex.def Info: ../FIGS/iscam_fig_HCAM_qFix_qPrior.pdf used on input l
ine 133.
(pdftex.def)             Requested size: 469.75499pt x 305.97215pt.

Underfull \hbox (badness 10000) in paragraph at lines 133--134

 []

<../FIGS/iscam_fig_HCAM_qFix_Mfix.pdf, id=1052, 719.68875pt x 468.75125pt>
File: ../FIGS/iscam_fig_HCAM_qFix_Mfix.pdf Graphic file (type pdf)

<use ../FIGS/iscam_fig_HCAM_qFix_Mfix.pdf>
Package pdftex.def Info: ../FIGS/iscam_fig_HCAM_qFix_Mfix.pdf used on input lin
e 144.
(pdftex.def)             Requested size: 469.75499pt x 305.97215pt.

Underfull \hbox (badness 10000) in paragraph at lines 144--145

 []

[13] [14 <../FIGS/iscam_fig_HCAM_qFix_qPrior.pdf>] [15 <../FIGS/iscam_fig_HCAM_
qFix_Mfix.pdf>]
<../FIGS/iscam_fig_HCAM_Ares_qFix_GillFix.pdf, id=1085, 640.3925pt x 491.8375pt
>
File: ../FIGS/iscam_fig_HCAM_Ares_qFix_GillFix.pdf Graphic file (type pdf)
 <use ../FIGS/iscam_fig_HCAM_Ares_qFix_GillFix.pdf>
Package pdftex.def Info: ../FIGS/iscam_fig_HCAM_Ares_qFix_GillFix.pdf used on i
nput line 156.
(pdftex.def)             Requested size: 469.75499pt x 360.787pt.

Underfull \hbox (badness 10000) in paragraph at lines 156--157

 []

[16 <../FIGS/iscam_fig_HCAM_Ares_qFix_GillFix.pdf>]
<../Figs/iscam_fig_SBt_iSCAMvsHCAM.pdf, id=1105, 556.0775pt x 459.7175pt>
File: ../Figs/iscam_fig_SBt_iSCAMvsHCAM.pdf Graphic file (type pdf)

<use ../Figs/iscam_fig_SBt_iSCAMvsHCAM.pdf>
Package pdftex.def Info: ../Figs/iscam_fig_SBt_iSCAMvsHCAM.pdf used on input li
ne 172.
(pdftex.def)             Requested size: 469.75499pt x 388.36269pt.
 [17 <../Figs/iscam_fig_SBt_iSCAMvsHCAM.pdf>]) (./PART1/Discussion.tex [18

])) [19]
\openout2 = `./PART2/PART_II.aux'.

 (./PART2/PART_II.tex [20



]
(./PART2/Introduction.tex

Package hyperref Warning: Difference (2) between bookmark levels is greater 
(hyperref)                than one, level fixed on input line 4.

) (./PART2/Methods.tex [21]
<../Figs/iscam_fig_CatchMajorAreas.pdf, id=1146, 556.0775pt x 459.7175pt>
File: ../Figs/iscam_fig_CatchMajorAreas.pdf Graphic file (type pdf)

<use ../Figs/iscam_fig_CatchMajorAreas.pdf>
Package pdftex.def Info: ../Figs/iscam_fig_CatchMajorAreas.pdf used on input li
ne 14.
(pdftex.def)             Requested size: 469.75499pt x 388.36269pt.

Underfull \hbox (badness 10000) in paragraph at lines 14--15

 []



pdfTeX warning: pdflatex (file ../Figs/PBSfigs/2011_spawn_HG_2E_July13.pdf): PD
F inclusion: found PDF version <1.6>, but at most version <1.5> allowed
<../Figs/PBSfigs/2011_spawn_HG_2E_July13.pdf, id=1152, 614.295pt x 794.97pt>
File: ../Figs/PBSfigs/2011_spawn_HG_2E_July13.pdf Graphic file (type pdf)

<use ../Figs/PBSfigs/2011_spawn_HG_2E_July13.pdf>
Package pdftex.def Info: ../Figs/PBSfigs/2011_spawn_HG_2E_July13.pdf used on in
put line 27.
(pdftex.def)             Requested size: 215.00647pt x 278.24367pt.


pdfTeX warning: pdflatex (file ../Figs/PBSfigs/2011_spawn_HG_2W_July13.pdf): PD
F inclusion: found PDF version <1.6>, but at most version <1.5> allowed
<../Figs/PBSfigs/2011_spawn_HG_2W_July13.pdf, id=1153, 614.295pt x 794.97pt>
File: ../Figs/PBSfigs/2011_spawn_HG_2W_July13.pdf Graphic file (type pdf)

<use ../Figs/PBSfigs/2011_spawn_HG_2W_July13.pdf>
Package pdftex.def Info: ../Figs/PBSfigs/2011_spawn_HG_2W_July13.pdf used on in
put line 28.
(pdftex.def)             Requested size: 215.00647pt x 278.24367pt.


pdfTeX warning: pdflatex (file ../Figs/PBSfigs/2011_spawn_PRD_July13.pdf): PDF 
inclusion: found PDF version <1.6>, but at most version <1.5> allowed
<../Figs/PBSfigs/2011_spawn_PRD_July13.pdf, id=1154, 614.295pt x 794.97pt>
File: ../Figs/PBSfigs/2011_spawn_PRD_July13.pdf Graphic file (type pdf)

<use ../Figs/PBSfigs/2011_spawn_PRD_July13.pdf>
Package pdftex.def Info: ../Figs/PBSfigs/2011_spawn_PRD_July13.pdf used on inpu
t line 29.
(pdftex.def)             Requested size: 215.00647pt x 278.24367pt.


pdfTeX warning: pdflatex (file ../Figs/PBSfigs/2011_spawn_CCJuly13.pdf): PDF in
clusion: found PDF version <1.6>, but at most version <1.5> allowed
<../Figs/PBSfigs/2011_spawn_CCJuly13.pdf, id=1155, 614.295pt x 794.97pt>
File: ../Figs/PBSfigs/2011_spawn_CCJuly13.pdf Graphic file (type pdf)

<use ../Figs/PBSfigs/2011_spawn_CCJuly13.pdf>
Package pdftex.def Info: ../Figs/PBSfigs/2011_spawn_CCJuly13.pdf used on input 
line 36.
(pdftex.def)             Requested size: 215.00647pt x 278.24367pt.


pdfTeX warning: pdflatex (file ../Figs/PBSfigs/2011_spawn_SOG_July13.pdf): PDF 
inclusion: found PDF version <1.6>, but at most version <1.5> allowed
<../Figs/PBSfigs/2011_spawn_SOG_July13.pdf, id=1156, 614.295pt x 794.97pt>
File: ../Figs/PBSfigs/2011_spawn_SOG_July13.pdf Graphic file (type pdf)

<use ../Figs/PBSfigs/2011_spawn_SOG_July13.pdf>
Package pdftex.def Info: ../Figs/PBSfigs/2011_spawn_SOG_July13.pdf used on inpu
t line 38.
(pdftex.def)             Requested size: 215.00647pt x 278.24367pt.


pdfTeX warning: pdflatex (file ../Figs/PBSfigs/2011_spawn_WCVI_August16.pdf): P
DF inclusion: found PDF version <1.6>, but at most version <1.5> allowed
<../Figs/PBSfigs/2011_spawn_WCVI_August16.pdf, id=1157, 614.295pt x 794.97pt>
File: ../Figs/PBSfigs/2011_spawn_WCVI_August16.pdf Graphic file (type pdf)

<use ../Figs/PBSfigs/2011_spawn_WCVI_August16.pdf>
Package pdftex.def Info: ../Figs/PBSfigs/2011_spawn_WCVI_August16.pdf used on i
nput line 39.
(pdftex.def)             Requested size: 215.00647pt x 278.24367pt.

<../Figs/iscam_fig_SurveyMajorAreas.pdf, id=1162, 556.0775pt x 459.7175pt>
File: ../Figs/iscam_fig_SurveyMajorAreas.pdf Graphic file (type pdf)

<use ../Figs/iscam_fig_SurveyMajorAreas.pdf>
Package pdftex.def Info: ../Figs/iscam_fig_SurveyMajorAreas.pdf used on input l
ine 55.
(pdftex.def)             Requested size: 469.75499pt x 388.36269pt.

Underfull \hbox (badness 10000) in paragraph at lines 55--56

 []

[22] [23 <../Figs/iscam_fig_CatchMajorAreas.pdf>] [24 <../Figs/PBSfigs/2011_spa
wn_HG_2E_July13.pdf> <../Figs/PBSfigs/2011_spawn_HG_2W_July13.pdf> <../Figs/PBS
figs/2011_spawn_PRD_July13.pdf>] [25 <../Figs/PBSfigs/2011_spawn_CCJuly13.pdf> 
<../Figs/PBSfigs/2011_spawn_SOG_July13.pdf> <../Figs/PBSfigs/2011_spawn_WCVI_Au
gust16.pdf>] [26 <../Figs/iscam_fig_SurveyMajorAreas.pdf>] [27]
<../Figs/iscam_fig_AgeCompsHG.pdf, id=1325, 721.69624pt x 600.2425pt>
File: ../Figs/iscam_fig_AgeCompsHG.pdf Graphic file (type pdf)

<use ../Figs/iscam_fig_AgeCompsHG.pdf>
Package pdftex.def Info: ../Figs/iscam_fig_AgeCompsHG.pdf used on input line 12
7.
(pdftex.def)             Requested size: 552.86946pt x 459.82513pt.

<../Figs/iscam_fig_AgeCompsPRD.pdf, id=1326, 721.69624pt x 600.2425pt>
File: ../Figs/iscam_fig_AgeCompsPRD.pdf Graphic file (type pdf)

<use ../Figs/iscam_fig_AgeCompsPRD.pdf>
Package pdftex.def Info: ../Figs/iscam_fig_AgeCompsPRD.pdf used on input line 1
34.
(pdftex.def)             Requested size: 552.86946pt x 459.82513pt.

<../Figs/iscam_fig_AgeCompsCC.pdf, id=1327, 721.69624pt x 600.2425pt>
File: ../Figs/iscam_fig_AgeCompsCC.pdf Graphic file (type pdf)

<use ../Figs/iscam_fig_AgeCompsCC.pdf>
Package pdftex.def Info: ../Figs/iscam_fig_AgeCompsCC.pdf used on input line 14
1.
(pdftex.def)             Requested size: 552.86946pt x 459.82513pt.

<../Figs/iscam_fig_AgeCompsSOG.pdf, id=1328, 721.69624pt x 600.2425pt>
File: ../Figs/iscam_fig_AgeCompsSOG.pdf Graphic file (type pdf)

<use ../Figs/iscam_fig_AgeCompsSOG.pdf>
Package pdftex.def Info: ../Figs/iscam_fig_AgeCompsSOG.pdf used on input line 1
48.
(pdftex.def)             Requested size: 552.86946pt x 459.82513pt.

<../Figs/iscam_fig_AgeCompsWCVI.pdf, id=1329, 721.69624pt x 600.2425pt>
File: ../Figs/iscam_fig_AgeCompsWCVI.pdf Graphic file (type pdf)

<use ../Figs/iscam_fig_AgeCompsWCVI.pdf>
Package pdftex.def Info: ../Figs/iscam_fig_AgeCompsWCVI.pdf used on input line 
155.
(pdftex.def)             Requested size: 552.86946pt x 459.82513pt.

<../Figs/iscam_fig_MeanWt.pdf, id=1334, 554.07pt x 566.115pt>
File: ../Figs/iscam_fig_MeanWt.pdf Graphic file (type pdf)

<use ../Figs/iscam_fig_MeanWt.pdf>
Package pdftex.def Info: ../Figs/iscam_fig_MeanWt.pdf used on input line 170.
(pdftex.def)             Requested size: 469.75499pt x 479.96475pt.
 [28] [29 <../Figs/iscam_fig_AgeCompsHG.pdf>] [30 <../Figs/iscam_fig_AgeCompsPR
D.pdf>] [31 <../Figs/iscam_fig_AgeCompsCC.pdf>] [32 <../Figs/iscam_fig_AgeComps
SOG.pdf>] [33 <../Figs/iscam_fig_AgeCompsWCVI.pdf>] [34 <../Figs/iscam_fig_Mean
Wt.pdf>]
LaTeX Font Info:    Try loading font information for OMS+ppl on input line 201.


(/usr/local/texlive/2011/texmf-dist/tex/latex/psnfss/omsppl.fd
File: omsppl.fd 
)
LaTeX Font Info:    Font shape `OMS/ppl/m/n' in size <10> not available
(Font)              Font shape `OMS/cmsy/m/n' tried instead on input line 201.
)
(./PART2/Results.tex
<../FIGS/qPriorFigs/iscam_fig_catchresid.pdf, id=1420, 556.0775pt x 459.7175pt>
File: ../FIGS/qPriorFigs/iscam_fig_catchresid.pdf Graphic file (type pdf)
<use ../FIGS/qPriorFigs/iscam_fig_catchresid.pdf>
Package pdftex.def Info: ../FIGS/qPriorFigs/iscam_fig_catchresid.pdf used on in
put line 13.
(pdftex.def)             Requested size: 469.75499pt x 388.36269pt.

Underfull \hbox (badness 10000) in paragraph at lines 13--14

 []


<../FIGS/qPriorFigs/iscam_fig_surveyresid.pdf, id=1429, 556.0775pt x 459.7175pt
>
File: ../FIGS/qPriorFigs/iscam_fig_surveyresid.pdf Graphic file (type pdf)
 <use ../FIGS/qPriorFigs/iscam_fig_surveyresid.pdf>
Package pdftex.def Info: ../FIGS/qPriorFigs/iscam_fig_surveyresid.pdf used on i
nput line 25.
(pdftex.def)             Requested size: 469.75499pt x 388.36269pt.

Underfull \hbox (badness 10000) in paragraph at lines 25--26

 []

[35] [36 <../FIGS/qPriorFigs/iscam_fig_catchresid.pdf>] [37 <../FIGS/qPriorFigs
/iscam_fig_surveyresid.pdf>]
<../FIGS/qPriorFigs/iscam_fig_surveyfit.pdf, id=1458, 556.0775pt x 459.7175pt>
File: ../FIGS/qPriorFigs/iscam_fig_surveyfit.pdf Graphic file (type pdf)

<use ../FIGS/qPriorFigs/iscam_fig_surveyfit.pdf>
Package pdftex.def Info: ../FIGS/qPriorFigs/iscam_fig_surveyfit.pdf used on inp
ut line 33.
(pdftex.def)             Requested size: 469.75499pt x 388.36269pt.

Underfull \hbox (badness 10000) in paragraph at lines 33--34

 []

[38 <../FIGS/qPriorFigs/iscam_fig_surveyfit.pdf>]
<../FIGS/qPriorFigs/iscam_fig_agecompsresid_HG.pdf, id=1470, 556.0775pt x 459.7
175pt>
File: ../FIGS/qPriorFigs/iscam_fig_agecompsresid_HG.pdf Graphic file (type pdf)

 <use ../FIGS/qPriorFigs/iscam_fig_agecompsresid_HG.pdf>
Package pdftex.def Info: ../FIGS/qPriorFigs/iscam_fig_agecompsresid_HG.pdf used
 on input line 47.
(pdftex.def)             Requested size: 585.38301pt x 483.95221pt.

<../FIGS/qPriorFigs/iscam_fig_agecompsresid_PRD.pdf, id=1472, 556.0775pt x 459.
7175pt>
File: ../FIGS/qPriorFigs/iscam_fig_agecompsresid_PRD.pdf Graphic file (type pdf
)
 <use ../FIGS/qPriorFigs/iscam_fig_agecompsresid_PRD.pdf>
Package pdftex.def Info: ../FIGS/qPriorFigs/iscam_fig_agecompsresid_PRD.pdf use
d on input line 56.
(pdftex.def)             Requested size: 585.38301pt x 483.95221pt.

<../FIGS/qPriorFigs/iscam_fig_agecompsresid_CC.pdf, id=1474, 556.0775pt x 459.7
175pt>
File: ../FIGS/qPriorFigs/iscam_fig_agecompsresid_CC.pdf Graphic file (type pdf)

 <use ../FIGS/qPriorFigs/iscam_fig_agecompsresid_CC.pdf>
Package pdftex.def Info: ../FIGS/qPriorFigs/iscam_fig_agecompsresid_CC.pdf used
 on input line 67.
(pdftex.def)             Requested size: 585.38301pt x 483.95221pt.

<../FIGS/qPriorFigs/iscam_fig_agecompsresid_SOG.pdf, id=1476, 556.0775pt x 459.
7175pt>
File: ../FIGS/qPriorFigs/iscam_fig_agecompsresid_SOG.pdf Graphic file (type pdf
)
 <use ../FIGS/qPriorFigs/iscam_fig_agecompsresid_SOG.pdf>
Package pdftex.def Info: ../FIGS/qPriorFigs/iscam_fig_agecompsresid_SOG.pdf use
d on input line 77.
(pdftex.def)             Requested size: 585.38301pt x 483.95221pt.

<../FIGS/qPriorFigs/iscam_fig_agecompsresid_WCVI.pdf, id=1478, 556.0775pt x 459
.7175pt>
File: ../FIGS/qPriorFigs/iscam_fig_agecompsresid_WCVI.pdf Graphic file (type pd
f)
 <use ../FIGS/qPriorFigs/iscam_fig_agecompsresid_WCVI.pdf>
Package pdftex.def Info: ../FIGS/qPriorFigs/iscam_fig_agecompsresid_WCVI.pdf us
ed on input line 87.
(pdftex.def)             Requested size: 585.38301pt x 483.95221pt.
 [39]
[40 <../FIGS/qPriorFigs/iscam_fig_agecompsresid_HG.pdf>] [41 <../FIGS/qPriorFig
s/iscam_fig_agecompsresid_PRD.pdf>] [42 <../FIGS/qPriorFigs/iscam_fig_agecompsr
esid_CC.pdf>] [43 <../FIGS/qPriorFigs/iscam_fig_agecompsresid_SOG.pdf>]
[44 <../FIGS/qPriorFigs/iscam_fig_agecompsresid_WCVI.pdf>]
(../TABLES/qPriorTables/RefPointsTable.tex)
<../FIGS/qPriorFigs/iscam_fig_biomass.pdf, id=1547, 556.0775pt x 459.7175pt>
File: ../FIGS/qPriorFigs/iscam_fig_biomass.pdf Graphic file (type pdf)

<use ../FIGS/qPriorFigs/iscam_fig_biomass.pdf>
Package pdftex.def Info: ../FIGS/qPriorFigs/iscam_fig_biomass.pdf used on input
 line 113.
(pdftex.def)             Requested size: 469.75499pt x 388.36269pt.

Underfull \hbox (badness 10000) in paragraph at lines 113--114

 []


<../FIGS/qPriorFigs/iscam_fig_depletion.pdf, id=1548, 556.0775pt x 459.7175pt>
File: ../FIGS/qPriorFigs/iscam_fig_depletion.pdf Graphic file (type pdf)

<use ../FIGS/qPriorFigs/iscam_fig_depletion.pdf>
Package pdftex.def Info: ../FIGS/qPriorFigs/iscam_fig_depletion.pdf used on inp
ut line 120.
(pdftex.def)             Requested size: 469.75499pt x 388.36269pt.

Underfull \hbox (badness 10000) in paragraph at lines 120--121

 []


<../FIGS/qPriorFigs/iscam_fig_mortality.pdf, id=1552, 556.0775pt x 459.7175pt>
File: ../FIGS/qPriorFigs/iscam_fig_mortality.pdf Graphic file (type pdf)

<use ../FIGS/qPriorFigs/iscam_fig_mortality.pdf>
Package pdftex.def Info: ../FIGS/qPriorFigs/iscam_fig_mortality.pdf used on inp
ut line 137.
(pdftex.def)             Requested size: 469.75499pt x 388.36269pt.

Underfull \hbox (badness 10000) in paragraph at lines 137--138

 []

[45] [46 <../FIGS/qPriorFigs/iscam_fig_biomass.pdf>] [47 <../FIGS/qPriorFigs/is
cam_fig_depletion.pdf>] [48 <../FIGS/qPriorFigs/iscam_fig_mortality.pdf>]
<../FIGS/qPriorFigs/iscam_fig_sel2d_winter_seine_sel.pdf, id=1597, 556.0775pt x
 459.7175pt>
File: ../FIGS/qPriorFigs/iscam_fig_sel2d_winter_seine_sel.pdf Graphic file (typ
e pdf)
 <use ../FIGS/qPriorFigs/iscam_fig_sel2d_winter_seine_sel.pdf>
Package pdftex.def Info: ../FIGS/qPriorFigs/iscam_fig_sel2d_winter_seine_sel.pd
f used on input line 156.
(pdftex.def)             Requested size: 469.75499pt x 388.36269pt.

Underfull \hbox (badness 10000) in paragraph at lines 156--157

 []


Overfull \hbox (0.42966pt too wide) in paragraph at lines 160--161
[]\OT1/ppl/m/n/10 For the seine-roe fish-ery, max-i-mum like-li-hood es-ti-mate
s of se-lec-tiv-ity were much more con-sis-tent among
 []


<../FIGS/qPriorFigs/iscam_fig_sel2d_seine_roe_sel.pdf, id=1599, 556.0775pt x 45
9.7175pt>
File: ../FIGS/qPriorFigs/iscam_fig_sel2d_seine_roe_sel.pdf Graphic file (type p
df)
 <use ../FIGS/qPriorFigs/iscam_fig_sel2d_seine_roe_sel.pdf>
Package pdftex.def Info: ../FIGS/qPriorFigs/iscam_fig_sel2d_seine_roe_sel.pdf u
sed on input line 164.
(pdftex.def)             Requested size: 469.75499pt x 388.36269pt.

Underfull \hbox (badness 10000) in paragraph at lines 164--165

 []

[49 <../FIGS/qPriorFigs/iscam_fig_sel2d_winter_seine_sel.pdf>]
<../FIGS/qPriorFigs/iscam_fig_gill_net_selectivity.pdf, id=1612, 556.0775pt x 4
59.7175pt>
File: ../FIGS/qPriorFigs/iscam_fig_gill_net_selectivity.pdf Graphic file (type 
pdf)
 <use ../FIGS/qPriorFigs/iscam_fig_gill_net_selectivity.pdf>
Package pdftex.def Info: ../FIGS/qPriorFigs/iscam_fig_gill_net_selectivity.pdf 
used on input line 172.
(pdftex.def)             Requested size: 469.75499pt x 388.36269pt.

Underfull \hbox (badness 10000) in paragraph at lines 172--173

 []

[50 <../FIGS/qPriorFigs/iscam_fig_sel2d_seine_roe_sel.pdf>] [51 <../FIGS/qPrior
Figs/iscam_fig_gill_net_selectivity.pdf>]
<../FIGS/qPriorFigs/iscam_fig_recruitment.pdf, id=1630, 556.0775pt x 459.7175pt
>
File: ../FIGS/qPriorFigs/iscam_fig_recruitment.pdf Graphic file (type pdf)
 <use ../FIGS/qPriorFigs/iscam_fig_recruitment.pdf>
Package pdftex.def Info: ../FIGS/qPriorFigs/iscam_fig_recruitment.pdf used on i
nput line 208.
(pdftex.def)             Requested size: 469.75499pt x 388.36269pt.

Underfull \hbox (badness 10000) in paragraph at lines 208--209

 []

[52 <../FIGS/qPriorFigs/iscam_fig_recruitment.pdf>]
<../FIGS/qPriorFigs/iscam_fig_stockrecruit.pdf, id=1643, 556.0775pt x 459.7175p
t>
File: ../FIGS/qPriorFigs/iscam_fig_stockrecruit.pdf Graphic file (type pdf)
 <use ../FIGS/qPriorFigs/iscam_fig_stockrecruit.pdf>
Package pdftex.def Info: ../FIGS/qPriorFigs/iscam_fig_stockrecruit.pdf used on 
input line 218.
(pdftex.def)             Requested size: 469.75499pt x 388.36269pt.

Underfull \hbox (badness 10000) in paragraph at lines 218--219

 []

<../FIGS/qPriorFigs/iscam_fig_recresid.pdf, id=1645, 556.0775pt x 459.7175pt>
File: ../FIGS/qPriorFigs/iscam_fig_recresid.pdf Graphic file (type pdf)

<use ../FIGS/qPriorFigs/iscam_fig_recresid.pdf>
Package pdftex.def Info: ../FIGS/qPriorFigs/iscam_fig_recresid.pdf used on inpu
t line 228.
(pdftex.def)             Requested size: 469.75499pt x 388.36269pt.

Underfull \hbox (badness 10000) in paragraph at lines 228--229

 []

[53 <../FIGS/qPriorFigs/iscam_fig_stockrecruit.pdf>] [54 <../FIGS/qPriorFigs/is
cam_fig_recresid.pdf>]
<../FIGS/qPriorFigs/iscam_fig_sbt_retrospective.pdf, id=1665, 556.0775pt x 459.
7175pt>
File: ../FIGS/qPriorFigs/iscam_fig_sbt_retrospective.pdf Graphic file (type pdf
)
 <use ../FIGS/qPriorFigs/iscam_fig_sbt_retrospective.pdf>
Package pdftex.def Info: ../FIGS/qPriorFigs/iscam_fig_sbt_retrospective.pdf use
d on input line 239.
(pdftex.def)             Requested size: 469.75499pt x 388.36269pt.

Underfull \hbox (badness 10000) in paragraph at lines 239--240

 []


Overfull \hbox (3.24889pt too wide) in paragraph at lines 247--248
\OT1/ppl/m/n/10 Marginal pos-te-rior dis-tri-bu-tions for es-ti-mated model pa-
ram-e-ters were con-structed us-ing AD Model Builders
 []

[55 <../FIGS/qPriorFigs/iscam_fig_sbt_retrospective.pdf>]
<../FIGS/qPriorFigs/iscam_fig_trace_HG.pdf, id=1680, 721.69624pt x 600.2425pt>
File: ../FIGS/qPriorFigs/iscam_fig_trace_HG.pdf Graphic file (type pdf)

<use ../FIGS/qPriorFigs/iscam_fig_trace_HG.pdf>
Package pdftex.def Info: ../FIGS/qPriorFigs/iscam_fig_trace_HG.pdf used on inpu
t line 257.
(pdftex.def)             Requested size: 585.38301pt x 486.87152pt.

<../FIGS/qPriorFigs/iscam_fig_trace_PRD.pdf, id=1681, 721.69624pt x 600.2425pt>
File: ../FIGS/qPriorFigs/iscam_fig_trace_PRD.pdf Graphic file (type pdf)
<use ../FIGS/qPriorFigs/iscam_fig_trace_PRD.pdf>
Package pdftex.def Info: ../FIGS/qPriorFigs/iscam_fig_trace_PRD.pdf used on inp
ut line 264.
(pdftex.def)             Requested size: 585.38301pt x 486.87152pt.

Underfull \hbox (badness 10000) in paragraph at lines 264--265

 []


<../FIGS/qPriorFigs/iscam_fig_trace_CC.pdf, id=1682, 721.69624pt x 600.2425pt>
File: ../FIGS/qPriorFigs/iscam_fig_trace_CC.pdf Graphic file (type pdf)

<use ../FIGS/qPriorFigs/iscam_fig_trace_CC.pdf>
Package pdftex.def Info: ../FIGS/qPriorFigs/iscam_fig_trace_CC.pdf used on inpu
t line 270.
(pdftex.def)             Requested size: 585.38301pt x 486.87152pt.

Underfull \hbox (badness 10000) in paragraph at lines 270--271

 []


<../FIGS/qPriorFigs/iscam_fig_trace_SOG.pdf, id=1683, 721.69624pt x 600.2425pt>
File: ../FIGS/qPriorFigs/iscam_fig_trace_SOG.pdf Graphic file (type pdf)
<use ../FIGS/qPriorFigs/iscam_fig_trace_SOG.pdf>
Package pdftex.def Info: ../FIGS/qPriorFigs/iscam_fig_trace_SOG.pdf used on inp
ut line 276.
(pdftex.def)             Requested size: 585.38301pt x 486.87152pt.

Underfull \hbox (badness 10000) in paragraph at lines 276--277

 []


<../FIGS/qPriorFigs/iscam_fig_trace_WCVI.pdf, id=1684, 721.69624pt x 600.2425pt
>
File: ../FIGS/qPriorFigs/iscam_fig_trace_WCVI.pdf Graphic file (type pdf)
 <use ../FIGS/qPriorFigs/iscam_fig_trace_WCVI.pdf>
Package pdftex.def Info: ../FIGS/qPriorFigs/iscam_fig_trace_WCVI.pdf used on in
put line 282.
(pdftex.def)             Requested size: 585.38301pt x 486.87152pt.

Underfull \hbox (badness 10000) in paragraph at lines 282--283

 []


<../FIGS/qPriorFigs/iscam_fig_pairs_HG.pdf, id=1688, 797.98125pt x 540.0175pt>
File: ../FIGS/qPriorFigs/iscam_fig_pairs_HG.pdf Graphic file (type pdf)

<use ../FIGS/qPriorFigs/iscam_fig_pairs_HG.pdf>
Package pdftex.def Info: ../FIGS/qPriorFigs/iscam_fig_pairs_HG.pdf used on inpu
t line 296.
(pdftex.def)             Requested size: 469.75499pt x 317.89893pt.

Underfull \hbox (badness 10000) in paragraph at lines 296--297

 []


<../FIGS/qPriorFigs/iscam_fig_pairs_PRD.pdf, id=1689, 797.98125pt x 540.0175pt>
File: ../FIGS/qPriorFigs/iscam_fig_pairs_PRD.pdf Graphic file (type pdf)
<use ../FIGS/qPriorFigs/iscam_fig_pairs_PRD.pdf>
Package pdftex.def Info: ../FIGS/qPriorFigs/iscam_fig_pairs_PRD.pdf used on inp
ut line 303.
(pdftex.def)             Requested size: 469.75499pt x 317.89893pt.

Underfull \hbox (badness 10000) in paragraph at lines 303--304

 []


<../FIGS/qPriorFigs/iscam_fig_pairs_CC.pdf, id=1690, 797.98125pt x 540.0175pt>
File: ../FIGS/qPriorFigs/iscam_fig_pairs_CC.pdf Graphic file (type pdf)

<use ../FIGS/qPriorFigs/iscam_fig_pairs_CC.pdf>
Package pdftex.def Info: ../FIGS/qPriorFigs/iscam_fig_pairs_CC.pdf used on inpu
t line 309.
(pdftex.def)             Requested size: 469.75499pt x 317.89893pt.

Underfull \hbox (badness 10000) in paragraph at lines 309--310

 []


<../FIGS/qPriorFigs/iscam_fig_pairs_SOG.pdf, id=1691, 797.98125pt x 540.0175pt>
File: ../FIGS/qPriorFigs/iscam_fig_pairs_SOG.pdf Graphic file (type pdf)
<use ../FIGS/qPriorFigs/iscam_fig_pairs_SOG.pdf>
Package pdftex.def Info: ../FIGS/qPriorFigs/iscam_fig_pairs_SOG.pdf used on inp
ut line 315.
(pdftex.def)             Requested size: 469.75499pt x 317.89893pt.

Underfull \hbox (badness 10000) in paragraph at lines 315--316

 []


<../FIGS/qPriorFigs/iscam_fig_pairs_WCVI.pdf, id=1692, 797.98125pt x 540.0175pt
>
File: ../FIGS/qPriorFigs/iscam_fig_pairs_WCVI.pdf Graphic file (type pdf)
 <use ../FIGS/qPriorFigs/iscam_fig_pairs_WCVI.pdf>
Package pdftex.def Info: ../FIGS/qPriorFigs/iscam_fig_pairs_WCVI.pdf used on in
put line 321.
(pdftex.def)             Requested size: 469.75499pt x 317.89893pt.

Underfull \hbox (badness 10000) in paragraph at lines 321--322

 []


<../FIGS/qPriorFigs/iscam_fig_marginals_HG.pdf, id=1694, 556.0775pt x 459.7175p
t>
File: ../FIGS/qPriorFigs/iscam_fig_marginals_HG.pdf Graphic file (type pdf)
 <use ../FIGS/qPriorFigs/iscam_fig_marginals_HG.pdf>
Package pdftex.def Info: ../FIGS/qPriorFigs/iscam_fig_marginals_HG.pdf used on 
input line 337.
(pdftex.def)             Requested size: 230.18251pt x 190.29518pt.

<../FIGS/qPriorFigs/iscam_fig_marginals_PRD.pdf, id=1695, 556.0775pt x 459.7175
pt>
File: ../FIGS/qPriorFigs/iscam_fig_marginals_PRD.pdf Graphic file (type pdf)
 <use ../FIGS/qPriorFigs/iscam_fig_marginals_PRD.pdf>
Package pdftex.def Info: ../FIGS/qPriorFigs/iscam_fig_marginals_PRD.pdf used on
 input line 338.
(pdftex.def)             Requested size: 230.18251pt x 190.29518pt.

<../FIGS/qPriorFigs/iscam_fig_marginals_CC.pdf, id=1696, 556.0775pt x 459.7175p
t>
File: ../FIGS/qPriorFigs/iscam_fig_marginals_CC.pdf Graphic file (type pdf)
 <use ../FIGS/qPriorFigs/iscam_fig_marginals_CC.pdf>
Package pdftex.def Info: ../FIGS/qPriorFigs/iscam_fig_marginals_CC.pdf used on 
input line 339.
(pdftex.def)             Requested size: 230.18251pt x 190.29518pt.

<../FIGS/qPriorFigs/iscam_fig_marginals_SOG.pdf, id=1697, 556.0775pt x 459.7175
pt>
File: ../FIGS/qPriorFigs/iscam_fig_marginals_SOG.pdf Graphic file (type pdf)
 <use ../FIGS/qPriorFigs/iscam_fig_marginals_SOG.pdf>
Package pdftex.def Info: ../FIGS/qPriorFigs/iscam_fig_marginals_SOG.pdf used on
 input line 340.
(pdftex.def)             Requested size: 230.18251pt x 190.29518pt.

<../FIGS/qPriorFigs/iscam_fig_marginals_WCVI.pdf, id=1698, 556.0775pt x 459.717
5pt>
File: ../FIGS/qPriorFigs/iscam_fig_marginals_WCVI.pdf Graphic file (type pdf)
 <use ../FIGS/qPriorFigs/iscam_fig_marginals_WCVI.pdf>
Package pdftex.def Info: ../FIGS/qPriorFigs/iscam_fig_marginals_WCVI.pdf used o
n input line 341.
(pdftex.def)             Requested size: 230.18251pt x 190.29518pt.
 [56] [57 <../FIGS/qPriorFigs/iscam_fig_trace_HG.pdf>] [58 <../FIGS/qPriorFigs/
iscam_fig_trace_PRD.pdf>] [59 <../FIGS/qPriorFigs/iscam_fig_trace_CC.pdf>] [60 
<../FIGS/qPriorFigs/iscam_fig_trace_SOG.pdf>] [61 <../FIGS/qPriorFigs/iscam_fig
_trace_WCVI.pdf>]
[62 <../FIGS/qPriorFigs/iscam_fig_pairs_HG.pdf>] [63 <../FIGS/qPriorFigs/iscam_
fig_pairs_PRD.pdf>] [64 <../FIGS/qPriorFigs/iscam_fig_pairs_CC.pdf>] [65 <../FI
GS/qPriorFigs/iscam_fig_pairs_SOG.pdf>] [66 <../FIGS/qPriorFigs/iscam_fig_pairs
_WCVI.pdf>] [67 <../FIGS/qPriorFigs/iscam_fig_marginals_HG.pdf> <../FIGS/qPrior
Figs/iscam_fig_marginals_PRD.pdf> <../FIGS/qPriorFigs/iscam_fig_marginals_CC.pd
f> <../FIGS/qPriorFigs/iscam_fig_marginals_SOG.pdf> <../FIGS/qPriorFigs/iscam_f
ig_marginals_WCVI.pdf>] (../TABLES/qPriorTables/DecisionTableOldCuttoffs.tex)
(../TABLES/qPriorTables/DecisionTableNewCuttoffs.tex) [68]
(../TABLES/qPriorTables/tableRiskHG.tex

LaTeX Warning: Command \textless invalid in math mode on input line 16.

LaTeX Font Info:    Try loading font information for OML+ppl on input line 16.
(/usr/local/texlive/2011/texmf-dist/tex/latex/psnfss/omlppl.fd
File: omlppl.fd 
)
LaTeX Font Info:    Font shape `OML/ppl/m/n' in size <10> not available
(Font)              Font shape `OML/cmm/m/it' tried instead on input line 16.


LaTeX Warning: Command \textless invalid in math mode on input line 16.

) (../TABLES/qPriorTables/tableRiskPRD.tex

LaTeX Warning: Command \textless invalid in math mode on input line 16.


LaTeX Warning: Command \textless invalid in math mode on input line 16.

) (../TABLES/qPriorTables/tableRiskCC.tex

LaTeX Warning: Command \textless invalid in math mode on input line 16.


LaTeX Warning: Command \textless invalid in math mode on input line 16.

) (../TABLES/qPriorTables/tableRiskSOG.tex

LaTeX Warning: Command \textless invalid in math mode on input line 16.


LaTeX Warning: Command \textless invalid in math mode on input line 16.

) (../TABLES/qPriorTables/tableRiskWCVI.tex

LaTeX Warning: Command \textless invalid in math mode on input line 16.


LaTeX Warning: Command \textless invalid in math mode on input line 16.

) <../FIGS/qPriorFigs/iscam_fig_risk_HG.pdf, id=1856, 540.0175pt x 536.0025pt>
File: ../FIGS/qPriorFigs/iscam_fig_risk_HG.pdf Graphic file (type pdf)

<use ../FIGS/qPriorFigs/iscam_fig_risk_HG.pdf>
Package pdftex.def Info: ../FIGS/qPriorFigs/iscam_fig_risk_HG.pdf used on input
 line 399.
(pdftex.def)             Requested size: 208.14235pt x 206.5947pt.

<../FIGS/qPriorFigs/iscam_fig_risk_PRD.pdf, id=1857, 540.0175pt x 536.0025pt>
File: ../FIGS/qPriorFigs/iscam_fig_risk_PRD.pdf Graphic file (type pdf)

<use ../FIGS/qPriorFigs/iscam_fig_risk_PRD.pdf>
Package pdftex.def Info: ../FIGS/qPriorFigs/iscam_fig_risk_PRD.pdf used on inpu
t line 401.
(pdftex.def)             Requested size: 208.14235pt x 206.5947pt.

<../FIGS/qPriorFigs/iscam_fig_risk_CC.pdf, id=1858, 540.0175pt x 536.0025pt>
File: ../FIGS/qPriorFigs/iscam_fig_risk_CC.pdf Graphic file (type pdf)

<use ../FIGS/qPriorFigs/iscam_fig_risk_CC.pdf>
Package pdftex.def Info: ../FIGS/qPriorFigs/iscam_fig_risk_CC.pdf used on input
 line 403.
(pdftex.def)             Requested size: 208.14235pt x 206.5947pt.

<../FIGS/qPriorFigs/iscam_fig_risk_SOG.pdf, id=1859, 540.0175pt x 536.0025pt>
File: ../FIGS/qPriorFigs/iscam_fig_risk_SOG.pdf Graphic file (type pdf)

<use ../FIGS/qPriorFigs/iscam_fig_risk_SOG.pdf>
Package pdftex.def Info: ../FIGS/qPriorFigs/iscam_fig_risk_SOG.pdf used on inpu
t line 405.
(pdftex.def)             Requested size: 208.14235pt x 206.5947pt.

<../FIGS/qPriorFigs/iscam_fig_risk_WCVI.pdf, id=1860, 540.0175pt x 536.0025pt>
File: ../FIGS/qPriorFigs/iscam_fig_risk_WCVI.pdf Graphic file (type pdf)

<use ../FIGS/qPriorFigs/iscam_fig_risk_WCVI.pdf>
Package pdftex.def Info: ../FIGS/qPriorFigs/iscam_fig_risk_WCVI.pdf used on inp
ut line 407.
(pdftex.def)             Requested size: 208.14235pt x 206.5947pt.
)
(./PART2/ResultsMinorAreas.tex
<../FIGS/MinorAreas/iscam_fig_MinorAreaData.pdf, id=1863, 556.0775pt x 459.7175
pt>
File: ../FIGS/MinorAreas/iscam_fig_MinorAreaData.pdf Graphic file (type pdf)
 <use ../FIGS/MinorAreas/iscam_fig_MinorAreaData.pdf>
Package pdftex.def Info: ../FIGS/MinorAreas/iscam_fig_MinorAreaData.pdf used on
 input line 14.
(pdftex.def)             Requested size: 469.75499pt x 388.36269pt.

Underfull \hbox (badness 10000) in paragraph at lines 14--15

 []


<../FIGS/MinorAreas/iscam_fig_AgeCompsMinor.pdf, id=1864, 556.0775pt x 459.7175
pt>
File: ../FIGS/MinorAreas/iscam_fig_AgeCompsMinor.pdf Graphic file (type pdf)
 <use ../FIGS/MinorAreas/iscam_fig_AgeCompsMinor.pdf>
Package pdftex.def Info: ../FIGS/MinorAreas/iscam_fig_AgeCompsMinor.pdf used on
 input line 20.
(pdftex.def)             Requested size: 469.75499pt x 388.36269pt.

Underfull \hbox (badness 10000) in paragraph at lines 20--21

 []


LaTeX Warning: Reference `TableRefPointsMinorAreas' on page 69 undefined on inp
ut line 27.

(../TABLES/MinorAreas/RefPointsTable.tex)
<../FIGS/MinorAreas/iscam_fig_BiomassSpawnSurvey.pdf, id=1866, 556.0775pt x 459
.7175pt>
File: ../FIGS/MinorAreas/iscam_fig_BiomassSpawnSurvey.pdf Graphic file (type pd
f)
 <use ../FIGS/MinorAreas/iscam_fig_BiomassSpawnSurvey.pdf>
Package pdftex.def Info: ../FIGS/MinorAreas/iscam_fig_BiomassSpawnSurvey.pdf us
ed on input line 34.
(pdftex.def)             Requested size: 469.75499pt x 388.36269pt.

Underfull \hbox (badness 10000) in paragraph at lines 34--35

 []

[69

] [70] [71] [72] [73] [74 <../FIGS/qPriorFigs/iscam_fig_risk_HG.pdf> <../FIGS/q
PriorFigs/iscam_fig_risk_PRD.pdf> <../FIGS/qPriorFigs/iscam_fig_risk_CC.pdf> <.
./FIGS/qPriorFigs/iscam_fig_risk_SOG.pdf> <../FIGS/qPriorFigs/iscam_fig_risk_WC
VI.pdf>] [75 <../FIGS/MinorAreas/iscam_fig_MinorAreaData.pdf>] [76 <../FIGS/Min
orAreas/iscam_fig_AgeCompsMinor.pdf>] [77 <../FIGS/MinorAreas/iscam_fig_Biomass
SpawnSurvey.pdf>]
<../FIGS/MinorAreas/iscam_fig_Recruitment.pdf, id=1943, 556.0775pt x 459.7175pt
>
File: ../FIGS/MinorAreas/iscam_fig_Recruitment.pdf Graphic file (type pdf)
 <use ../FIGS/MinorAreas/iscam_fig_Recruitment.pdf>
Package pdftex.def Info: ../FIGS/MinorAreas/iscam_fig_Recruitment.pdf used on i
nput line 43.
(pdftex.def)             Requested size: 469.75499pt x 388.36269pt.

Underfull \hbox (badness 10000) in paragraph at lines 43--44

 []


<../FIGS/MinorAreas/iscam_fig_sbt_retrospective.pdf, id=1945, 657.45625pt x 286
.06876pt>
File: ../FIGS/MinorAreas/iscam_fig_sbt_retrospective.pdf Graphic file (type pdf
)
 <use ../FIGS/MinorAreas/iscam_fig_sbt_retrospective.pdf>
Package pdftex.def Info: ../FIGS/MinorAreas/iscam_fig_sbt_retrospective.pdf use
d on input line 54.
(pdftex.def)             Requested size: 469.75499pt x 204.40228pt.

Underfull \hbox (badness 10000) in paragraph at lines 54--55

 []

[78 <../FIGS/MinorAreas/iscam_fig_Recruitment.pdf>]
<../FIGS/MinorAreas/iscam_fig_traceplots_A2W.pdf, id=1961, 556.0775pt x 459.717
5pt>
File: ../FIGS/MinorAreas/iscam_fig_traceplots_A2W.pdf Graphic file (type pdf)
 <use ../FIGS/MinorAreas/iscam_fig_traceplots_A2W.pdf>
Package pdftex.def Info: ../FIGS/MinorAreas/iscam_fig_traceplots_A2W.pdf used o
n input line 67.
(pdftex.def)             Requested size: 352.31624pt x 291.272pt.

<../FIGS/MinorAreas/iscam_fig_traceplots_A27.pdf, id=1962, 556.0775pt x 459.717
5pt>
File: ../FIGS/MinorAreas/iscam_fig_traceplots_A27.pdf Graphic file (type pdf)
 <use ../FIGS/MinorAreas/iscam_fig_traceplots_A27.pdf>
Package pdftex.def Info: ../FIGS/MinorAreas/iscam_fig_traceplots_A27.pdf used o
n input line 68.
(pdftex.def)             Requested size: 352.31624pt x 291.272pt.

<../FIGS/MinorAreas/iscam_fig_marginals_A2W.pdf, id=1963, 556.0775pt x 459.7175
pt>
File: ../FIGS/MinorAreas/iscam_fig_marginals_A2W.pdf Graphic file (type pdf)
 <use ../FIGS/MinorAreas/iscam_fig_marginals_A2W.pdf>
Package pdftex.def Info: ../FIGS/MinorAreas/iscam_fig_marginals_A2W.pdf used on
 input line 75.
(pdftex.def)             Requested size: 352.31624pt x 291.272pt.

<../FIGS/MinorAreas/iscam_fig_marginals_A27.pdf, id=1964, 556.0775pt x 459.7175
pt>
File: ../FIGS/MinorAreas/iscam_fig_marginals_A27.pdf Graphic file (type pdf)
 <use ../FIGS/MinorAreas/iscam_fig_marginals_A27.pdf>
Package pdftex.def Info: ../FIGS/MinorAreas/iscam_fig_marginals_A27.pdf used on
 input line 76.
(pdftex.def)             Requested size: 352.31624pt x 291.272pt.


LaTeX Warning: Reference `TableCatchAdviceMinorAreas' on page 79 undefined on i
nput line 81.

(../TABLES/MinorAreas/DecisionTable.tex)) (./PART2/OutstandingIssues.tex
[79 <../FIGS/MinorAreas/iscam_fig_sbt_retrospective.pdf>] [80 <../FIGS/MinorAre
as/iscam_fig_traceplots_A2W.pdf> <../FIGS/MinorAreas/iscam_fig_traceplots_A27.p
df>] [81 <../FIGS/MinorAreas/iscam_fig_marginals_A2W.pdf> <../FIGS/MinorAreas/i
scam_fig_marginals_A27.pdf>])) [82] [83

] (./BCHerring2011.bbl [84


]) [85]
[86

] (./APPENDIX_A/Appendix_iSCAMdescription.tex
LaTeX Font Info:    Font shape `OT1/ppl/bx/n' in size <7> not available
(Font)              Font shape `OT1/ppl/b/n' tried instead on input line 2.


Package hyperref Warning: Difference (2) between bookmark levels is greater 
(hyperref)                than one, level fixed on input line 2.


Package hyperref Warning: Token not allowed in a PDF string (PDFDocEncoding):
(hyperref)                removing `math shift' on input line 2.


Package hyperref Warning: Token not allowed in a PDF string (PDFDocEncoding):
(hyperref)                removing `superscript' on input line 2.


Package hyperref Warning: Token not allowed in a PDF string (PDFDocEncoding):
(hyperref)                removing `math shift' on input line 2.


Package hyperref Warning: Token not allowed in a PDF string (PDFDocEncoding):
(hyperref)                removing `math shift' on input line 2.


Package hyperref Warning: Token not allowed in a PDF string (PDFDocEncoding):
(hyperref)                removing `subscript' on input line 2.


Package hyperref Warning: Token not allowed in a PDF string (PDFDocEncoding):
(hyperref)                removing `math shift' on input line 2.


Package hyperref Warning: Difference (2) between bookmark levels is greater 
(hyperref)                than one, level fixed on input line 6.

[87] [88] <../Figs/Fig1Quadplot.pdf, id=2085, 505.89pt x 505.89pt>
File: ../Figs/Fig1Quadplot.pdf Graphic file (type pdf)

<use ../Figs/Fig1Quadplot.pdf>
Package pdftex.def Info: ../Figs/Fig1Quadplot.pdf used on input line 112.
(pdftex.def)             Requested size: 234.87749pt x 234.88132pt.
 [89pdfTeX warning (ext4): destination with the same identifier (name{equation.
A.1.1}) has been already used, duplicate ignored

\AtBegShi@Output ...ipout \box \AtBeginShipoutBox 
                                                  \fi \fi 
l.129 
       <../Figs/Fig1Quadplot.pdf>]pdfTeX warning (ext4): destination with the s
ame identifier (name{equation.A.1.1}) has been already used, duplicate ignored
<to be read again> 
                   \relax 
l.173     \end{gather}
                      pdfTeX warning (ext4): destination with the same identifi
er (name{equation.A.1.2}) has been already used, duplicate ignored
<to be read again> 
                   \relax 
l.173     \end{gather}
                      pdfTeX warning (ext4): destination with the same identifi
er (name{equation.A.1.3}) has been already used, duplicate ignored
<to be read again> 
                   \relax 
l.173     \end{gather}
                      pdfTeX warning (ext4): destination with the same identifi
er (name{equation.A.1.4}) has been already used, duplicate ignored
<to be read again> 
                   \relax 
l.173     \end{gather}
                      pdfTeX warning (ext4): destination with the same identifi
er (name{equation.A.1.5}) has been already used, duplicate ignored
<to be read again> 
                   \relax 
l.173     \end{gather}
                      pdfTeX warning (ext4): destination with the same identifi
er (name{equation.A.1.6}) has been already used, duplicate ignored
<to be read again> 
                   \relax 
l.173     \end{gather}
                      pdfTeX warning (ext4): destination with the same identifi
er (name{equation.A.1.1}) has been already used, duplicate ignored
<to be read again> 
                   \relax 
l.257     \end{align}
                     pdfTeX warning (ext4): destination with the same identifie
r (name{equation.A.1.2}) has been already used, duplicate ignored
<to be read again> 
                   \relax 
l.257     \end{align}
                     pdfTeX warning (ext4): destination with the same identifie
r (name{equation.A.1.3}) has been already used, duplicate ignored
<to be read again> 
                   \relax 
l.257     \end{align}
                     pdfTeX warning (ext4): destination with the same identifie
r (name{equation.A.1.4}) has been already used, duplicate ignored
<to be read again> 
                   \relax 
l.257     \end{align}
                     pdfTeX warning (ext4): destination with the same identifie
r (name{equation.A.1.5}) has been already used, duplicate ignored
<to be read again> 
                   \relax 
l.257     \end{align}
                     pdfTeX warning (ext4): destination with the same identifie
r (name{equation.A.1.6}) has been already used, duplicate ignored
<to be read again> 
                   \relax 
l.257     \end{align}
                     pdfTeX warning (ext4): destination with the same identifie
r (name{equation.A.1.7}) has been already used, duplicate ignored
<to be read again> 
                   \relax 
l.257     \end{align}
                     pdfTeX warning (ext4): destination with the same identifie
r (name{equation.A.1.8}) has been already used, duplicate ignored
<to be read again> 
                   \relax 
l.257     \end{align}
                     pdfTeX warning (ext4): destination with the same identifie
r (name{equation.A.1.9}) has been already used, duplicate ignored
<to be read again> 
                   \relax 
l.257     \end{align}
                     pdfTeX warning (ext4): destination with the same identifie
r (name{equation.A.1.10}) has been already used, duplicate ignored
<to be read again> 
                   \relax 
l.257     \end{align}
                     pdfTeX warning (ext4): destination with the same identifie
r (name{equation.A.1.11}) has been already used, duplicate ignored
<to be read again> 
                   \relax 
l.257     \end{align}
                     pdfTeX warning (ext4): destination with the same identifie
r (name{equation.A.1.12}) has been already used, duplicate ignored
<to be read again> 
                   \relax 
l.257     \end{align}
                     pdfTeX warning (ext4): destination with the same identifie
r (name{equation.A.1.13}) has been already used, duplicate ignored
<to be read again> 
                   \relax 
l.257     \end{align}
                     pdfTeX warning (ext4): destination with the same identifie
r (name{equation.A.1.14}) has been already used, duplicate ignored
<to be read again> 
                   \relax 
l.257     \end{align}
                      [90] [91] [92]pdfTeX warning (ext4): destination with the
 same identifier (name{equation.A.1.2}) has been already used, duplicate ignore
d
<to be read again> 
                   \relax 
l.330 \begin{equation}
                      \label{eq2ndDiff}pdfTeX warning (ext4): destination with 
the same identifier (name{equation.A.1.2}) has been already used, duplicate ign
ored
<to be read again> 
                   \relax 
l.330 \begin{equation}
                      \label{eq2ndDiff}pdfTeX warning (ext4): destination with 
the same identifier (name{equation.A.1.2}) has been already used, duplicate ign
ored
<to be read again> 
                   \relax 
l.330 \begin{equation}
                      \label{eq2ndDiff}pdfTeX warning (ext4): destination with 
the same identifier (name{equation.A.1.2}) has been already used, duplicate ign
ored
<to be read again> 
                   \relax 
l.330 \begin{equation}
                      \label{eq2ndDiff}pdfTeX warning (ext4): destination with 
the same identifier (name{equation.A.1.3}) has been already used, duplicate ign
ored
<to be read again> 
                   \relax 
l.334 \begin{equation}
                      \label{eqDomePenalty}pdfTeX warning (ext4): destination w
ith the same identifier (name{equation.A.1.3}) has been already used, duplicate
 ignored
<to be read again> 
                   \relax 
l.334 \begin{equation}
                      \label{eqDomePenalty}pdfTeX warning (ext4): destination w
ith the same identifier (name{equation.A.1.3}) has been already used, duplicate
 ignored
<to be read again> 
                   \relax 
l.334 \begin{equation}
                      \label{eqDomePenalty}pdfTeX warning (ext4): destination w
ith the same identifier (name{equation.A.1.3}) has been already used, duplicate
 ignored
<to be read again> 
                   \relax 
l.334 \begin{equation}
                      \label{eqDomePenalty}
<../Figs/SplineEg.pdf, id=2131, 505.89pt x 505.89pt>
File: ../Figs/SplineEg.pdf Graphic file (type pdf)

<use ../Figs/SplineEg.pdf>
Package pdftex.def Info: ../Figs/SplineEg.pdf used on input line 356.
(pdftex.def)             Requested size: 187.89912pt x 187.90196pt.
 [93]
<../Figs/BicubicEg.pdf, id=2140, 811.03pt x 488.82625pt>
File: ../Figs/BicubicEg.pdf Graphic file (type pdf)

<use ../Figs/BicubicEg.pdf>
Package pdftex.def Info: ../Figs/BicubicEg.pdf used on input line 369.
(pdftex.def)             Requested size: 422.77661pt x 254.8251pt.
 [94 <../Figs/SplineEg.pdf>] [95 <../Figs/BicubicEg.pdf>]pdfTeX warning (ext4):
 destination with the same identifier (name{equation.A.1.4}) has been already u
sed, duplicate ignored
<to be read again> 
                   \relax 
l.404 \begin{equation}
                      \label{eq2}pdfTeX warning (ext4): destination with the sa
me identifier (name{equation.A.1.4}) has been already used, duplicate ignored
<to be read again> 
                   \relax 
l.404 \begin{equation}
                      \label{eq2}pdfTeX warning (ext4): destination with the sa
me identifier (name{equation.A.1.4}) has been already used, duplicate ignored
<to be read again> 
                   \relax 
l.404 \begin{equation}
                      \label{eq2}pdfTeX warning (ext4): destination with the sa
me identifier (name{equation.A.1.4}) has been already used, duplicate ignored
<to be read again> 
                   \relax 
l.404 \begin{equation}
                      \label{eq2}pdfTeX warning (ext4): destination with the sa
me identifier (name{equation.A.1.5}) has been already used, duplicate ignored
<to be read again> 
                   \relax 
l.408 \begin{equation}
                      \label{eq3}pdfTeX warning (ext4): destination with the sa
me identifier (name{equation.A.1.5}) has been already used, duplicate ignored
<to be read again> 
                   \relax 
l.408 \begin{equation}
                      \label{eq3}pdfTeX warning (ext4): destination with the sa
me identifier (name{equation.A.1.5}) has been already used, duplicate ignored
<to be read again> 
                   \relax 
l.408 \begin{equation}
                      \label{eq3}pdfTeX warning (ext4): destination with the sa
me identifier (name{equation.A.1.5}) has been already used, duplicate ignored
<to be read again> 
                   \relax 
l.408 \begin{equation}
                      \label{eq3}pdfTeX warning (ext4): destination with the sa
me identifier (name{equation.A.1.6}) has been already used, duplicate ignored
<to be read again> 
                   \relax 
l.416 \begin{equation}
                      \label{eq4}pdfTeX warning (ext4): destination with the sa
me identifier (name{equation.A.1.6}) has been already used, duplicate ignored
<to be read again> 
                   \relax 
l.416 \begin{equation}
                      \label{eq4}pdfTeX warning (ext4): destination with the sa
me identifier (name{equation.A.1.6}) has been already used, duplicate ignored
<to be read again> 
                   \relax 
l.416 \begin{equation}
                      \label{eq4}pdfTeX warning (ext4): destination with the sa
me identifier (name{equation.A.1.6}) has been already used, duplicate ignored
<to be read again> 
                   \relax 
l.416 \begin{equation}
                      \label{eq4}pdfTeX warning (ext4): destination with the sa
me identifier (name{equation.A.1.7}) has been already used, duplicate ignored
<to be read again> 
                   \relax 
l.420 \begin{equation}
                      \label{eq5}pdfTeX warning (ext4): destination with the sa
me identifier (name{equation.A.1.7}) has been already used, duplicate ignored
<to be read again> 
                   \relax 
l.420 \begin{equation}
                      \label{eq5}pdfTeX warning (ext4): destination with the sa
me identifier (name{equation.A.1.7}) has been already used, duplicate ignored
<to be read again> 
                   \relax 
l.420 \begin{equation}
                      \label{eq5}pdfTeX warning (ext4): destination with the sa
me identifier (name{equation.A.1.7}) has been already used, duplicate ignored
<to be read again> 
                   \relax 
l.420 \begin{equation}
                      \label{eq5}pdfTeX warning (ext4): destination with the sa
me identifier (name{equation.A.1.8}) has been already used, duplicate ignored
<to be read again> 
                   \relax 
l.432 \end{align}
                  [96]pdfTeX warning (ext4): destination with the same identifi
er (name{equation.A.1.9}) has been already used, duplicate ignored
<to be read again> 
                   \relax 
l.449 \begin{equation}
                      \label{eq7}pdfTeX warning (ext4): destination with the sa
me identifier (name{equation.A.1.9}) has been already used, duplicate ignored
<to be read again> 
                   \relax 
l.449 \begin{equation}
                      \label{eq7}pdfTeX warning (ext4): destination with the sa
me identifier (name{equation.A.1.9}) has been already used, duplicate ignored
<to be read again> 
                   \relax 
l.449 \begin{equation}
                      \label{eq7}pdfTeX warning (ext4): destination with the sa
me identifier (name{equation.A.1.9}) has been already used, duplicate ignored
<to be read again> 
                   \relax 
l.449 \begin{equation}
                      \label{eq7}pdfTeX warning (ext4): destination with the sa
me identifier (name{equation.A.1.10}) has been already used, duplicate ignored
<to be read again> 
                   \relax 
l.457 \begin{equation}
                      \label{eq8}pdfTeX warning (ext4): destination with the sa
me identifier (name{equation.A.1.10}) has been already used, duplicate ignored
<to be read again> 
                   \relax 
l.457 \begin{equation}
                      \label{eq8}pdfTeX warning (ext4): destination with the sa
me identifier (name{equation.A.1.10}) has been already used, duplicate ignored
<to be read again> 
                   \relax 
l.457 \begin{equation}
                      \label{eq8}pdfTeX warning (ext4): destination with the sa
me identifier (name{equation.A.1.10}) has been already used, duplicate ignored
<to be read again> 
                   \relax 
l.457 \begin{equation}
                      \label{eq8} [97]pdfTeX warning (ext4): destination with t
he same identifier (name{equation.A.1.11}) has been already used, duplicate ign
ored
<to be read again> 
                   \relax 
l.470 \begin{equation}
                      \label{eq9}pdfTeX warning (ext4): destination with the sa
me identifier (name{equation.A.1.11}) has been already used, duplicate ignored
<to be read again> 
                   \relax 
l.470 \begin{equation}
                      \label{eq9}pdfTeX warning (ext4): destination with the sa
me identifier (name{equation.A.1.11}) has been already used, duplicate ignored
<to be read again> 
                   \relax 
l.470 \begin{equation}
                      \label{eq9}pdfTeX warning (ext4): destination with the sa
me identifier (name{equation.A.1.11}) has been already used, duplicate ignored
<to be read again> 
                   \relax 
l.470 \begin{equation}
                      \label{eq9}pdfTeX warning (ext4): destination with the sa
me identifier (name{equation.A.1.12}) has been already used, duplicate ignored
<to be read again> 
                   \relax 
l.476 \begin{equation}
                      \label{eq10}pdfTeX warning (ext4): destination with the s
ame identifier (name{equation.A.1.12}) has been already used, duplicate ignored

<to be read again> 
                   \relax 
l.476 \begin{equation}
                      \label{eq10}pdfTeX warning (ext4): destination with the s
ame identifier (name{equation.A.1.12}) has been already used, duplicate ignored

<to be read again> 
                   \relax 
l.476 \begin{equation}
                      \label{eq10}pdfTeX warning (ext4): destination with the s
ame identifier (name{equation.A.1.12}) has been already used, duplicate ignored

<to be read again> 
                   \relax 
l.476 \begin{equation}
                      \label{eq10}pdfTeX warning (ext4): destination with the s
ame identifier (name{equation.A.1.13}) has been already used, duplicate ignored

<to be read again> 
                   \relax 
l.486 \end{align}
                 pdfTeX warning (ext4): destination with the same identifier (n
ame{equation.A.1.14}) has been already used, duplicate ignored
<to be read again> 
                   \relax 
l.486 \end{align}
                  [98]pdfTeX warning (ext4): destination with the same identifi
er (name{equation.A.1.15}) has been already used, duplicate ignored
<to be read again> 
                   \relax 
l.507 \begin{equation}
                      \label{eq11}pdfTeX warning (ext4): destination with the s
ame identifier (name{equation.A.1.15}) has been already used, duplicate ignored

<to be read again> 
                   \relax 
l.507 \begin{equation}
                      \label{eq11}pdfTeX warning (ext4): destination with the s
ame identifier (name{equation.A.1.15}) has been already used, duplicate ignored

<to be read again> 
                   \relax 
l.507 \begin{equation}
                      \label{eq11}pdfTeX warning (ext4): destination with the s
ame identifier (name{equation.A.1.15}) has been already used, duplicate ignored

<to be read again> 
                   \relax 
l.507 \begin{equation}
                      \label{eq11}
<../Figs/priorexample.pdf, id=2211, 556.0775pt x 459.7175pt>
File: ../Figs/priorexample.pdf Graphic file (type pdf)

<use ../Figs/priorexample.pdf>
Package pdftex.def Info: ../Figs/priorexample.pdf used on input line 523.
(pdftex.def)             Requested size: 328.82706pt x 271.84827pt.
 [99] [100 <../Figs/priorexample.pdf>] [101])
(./APPENDIX_B/AppendixB.tex (../DATA/QCI/QCIHerring2011.dat [102

])
(../DATA/QCI/QCIHerring2011qprior.ctl) [103] (../DATA/PRD/PRDHerring2011.dat
[104]) (../DATA/PRD/PRDHerring2011qprior.ctl) [105]
(../DATA/CC/CCHerring2011.dat [106]) (../DATA/CC/CCHerring2011qprior.ctl)
[107] (../DATA/SOG/SOGHerring2011.dat [108])
(../DATA/SOG/SOGHerring2011qprior.ctl [109]) (../DATA/WCVI/WCVIHerring2011.dat
[110]) (../DATA/WCVI/WCVIHerring2011qprior.ctl [111])
(../DATA/AREA2W/Area2Wherring2011.dat [112])
(../DATA/AREA2W/Area2WHerring2011qprior.ctl)
(../DATA/AREA27/Area27herring2011.dat [113])
(../DATA/AREA27/Area27Herring2011qprior.ctl) [114]
(../DATA/SOG/SOGHerring2010sim.ctl) (../DATA/SOG/SOGHerring2010mc.ctl))
(./APPENDIX_C/AppendixC.tex

Package hyperref Warning: Token not allowed in a PDF string (PDFDocEncoding):
(hyperref)                removing `math shift' on input line 2.


Package hyperref Warning: Token not allowed in a PDF string (PDFDocEncoding):
(hyperref)                removing `math shift' on input line 2.

[115]

Package hyperref Warning: Token not allowed in a PDF string (PDFDocEncoding):
(hyperref)                removing `math shift' on input line 15.


Package hyperref Warning: Token not allowed in a PDF string (PDFDocEncoding):
(hyperref)                removing `math shift' on input line 15.

Missing character: There is no  in font pplr7t!
Missing character: There is no  in font pplr7t!
Missing character: There is no  in font pplr7t!
Missing character: There is no  in font pplr7t!
Missing character: There is no  in font pplr7t!
Missing character: There is no  in font pplr7t!
[116]
Missing character: There is no  in font pplr7t!
Missing character: There is no  in font pplr7t!
Missing character: There is no  in font pplr7t!
Missing character: There is no  in font pplr7t!
Missing character: There is no  in font pplr7t!
Missing character: There is no  in font pplr7t!
Missing character: There is no  in font pplr7t!
Missing character: There is no  in font pplr7t!


Package hyperref Warning: Token not allowed in a PDF string (PDFDocEncoding):
(hyperref)                removing `math shift' on input line 68.


Package hyperref Warning: Token not allowed in a PDF string (PDFDocEncoding):
(hyperref)                removing `math shift' on input line 68.

Missing character: There is no  in font pplr7t!
Missing character: There is no  in font pplr7t!
<../FIGS/qprior.pdf, id=2318, 433.62pt x 288.07625pt>
File: ../FIGS/qprior.pdf Graphic file (type pdf)
 <use ../FIGS/qprior.pdf>
Package pdftex.def Info: ../FIGS/qprior.pdf used on input line 95.
(pdftex.def)             Requested size: 469.75499pt x 312.09793pt.

Underfull \hbox (badness 10000) in paragraph at lines 106--107
[]|\OT1/ppl/b/n/10 Rationale for in-clu-sion/ex-clu-sion
 []


Underfull \hbox (badness 3547) in paragraph at lines 108--109
[]|\OT1/ppl/m/n/10 Not in-cluded be-cause study es-ti-
 []


Underfull \hbox (badness 10000) in paragraph at lines 113--114
[]|\OT1/ppl/m/n/10 Included be-cause com-pre-hen-sive
 []

Missing character: There is no  in font pplr7t!
Missing character: There is no  in font pplr7t!
Missing character: There is no  in font pplr7t!
Missing character: There is no  in font pplr7t!

Underfull \hbox (badness 10000) in paragraph at lines 118--119
[]|\OT1/ppl/m/n/10 Included be-cause com-pre-hen-sive
 []

Missing character: There is no  in font pplr7t!
Missing character: There is no  in font pplr7t!

Underfull \hbox (badness 10000) in paragraph at lines 123--124
[]|\OT1/ppl/m/n/10 Not in-cluded be-cause study re-
 []

Missing character: There is no  in font pplr7t!
Missing character: There is no  in font pplr7t!
Missing character: There is no  in font pplr7t!
Missing character: There is no  in font pplr7t!
Missing character: There is no  in font pplr7t!
Missing character: There is no  in font pplr7t!
Missing character: There is no  in font pplr7t!
Missing character: There is no  in font pplr7t!
Missing character: There is no  in font pplr7t!
Missing character: There is no  in font pplr7t!

Underfull \hbox (badness 10000) in paragraph at lines 140--142
[]|\OT1/ppl/m/n/10 Comprehensive study in Prince
 []


Overfull \hbox (25.19997pt too wide) in paragraph at lines 103--144
 [] 
 []

Missing character: There is no  in font pplr7t!
Missing character: There is no  in font pplr7t!
[117] [118 <../FIGS/qprior.pdf>] [119] [120] [121]) (./APPENDIX_D/AppendixD.tex
(../Tables/CatchTable.tex [122

] [123

] [124]) (../Tables/SurveyTable.tex
LaTeX Font Info:    Font shape `OT1/ppl/bx/n' in size <5> not available
(Font)              Font shape `OT1/ppl/b/n' tried instead on input line 10.

Overfull \hbox (3.2186pt too wide) in alignment at lines 8--22
 [] [] [] [] [] [] [] [] [] [] [] [] [] [] [] [] [] [] [] [] [] [] [] [] 
 []


Overfull \hbox (3.2186pt too wide) in alignment at lines 22--27
 [] [] [] [] [] [] [] [] [] [] [] [] [] [] [] [] [] [] [] [] [] [] [] [] 
 []


Overfull \hbox (3.2186pt too wide) in alignment at lines 27--29
 [] [] [] [] [] [] [] [] [] [] [] [] [] [] [] [] [] [] [] [] [] [] [] [] 
 []


Overfull \hbox (3.2186pt too wide) in alignment at lines 29--51
 [] [] [] [] [] [] [] [] [] [] [] [] [] [] [] [] [] [] [] [] [] [] [] [] 
 []


Overfull \hbox (3.2186pt too wide) in alignment at lines 51--69
 [] [] [] [] [] [] [] [] [] [] [] [] [] [] [] [] [] [] [] [] [] [] [] [] 
 []

[125


]))
Package atveryend Info: Empty hook `BeforeClearDocument' on input line 293.
Package atveryend Info: Empty hook `AfterLastShipout' on input line 293.
 (./BCHerring2011.aux (./PART1/PART_I.aux) (./PART2/PART_II.aux))
Package atveryend Info: Executing hook `AtVeryEndDocument' on input line 293.
Package atveryend Info: Executing hook `AtEndAfterFileList' on input line 293.
Package rerunfilecheck Info: File `BCHerring2011.out' has not changed.
(rerunfilecheck)             Checksum: 12761EF252F04430A417FDDBC1BF8E57;6271.


LaTeX Warning: There were undefined references.

Package atveryend Info: Empty hook `AtVeryVeryEnd' on input line 293.
 ) 
Here is how much of TeX's memory you used:
 11222 strings out of 493633
 177836 string characters out of 3143378
 466001 words of memory out of 3000000
 13694 multiletter control sequences out of 15000+200000
 33256 words of font info for 93 fonts, out of 3000000 for 9000
 831 hyphenation exceptions out of 8191
 44i,21n,45p,2363b,639s stack positions out of 5000i,500n,10000p,200000b,50000s
{/usr/local/texlive/2011/texmf-dist/fonts/enc/dvips/base/8r.enc}</usr/local/t
exlive/2011/texmf-dist/fonts/type1/public/amsfonts/cm/cmex10.pfb></usr/local/te
xlive/2011/texmf-dist/fonts/type1/public/amsfonts/cm/cmmi10.pfb></usr/local/tex
live/2011/texmf-dist/fonts/type1/public/amsfonts/cm/cmmi12.pfb></usr/local/texl
ive/2011/texmf-dist/fonts/type1/public/amsfonts/cm/cmmi5.pfb></usr/local/texliv
e/2011/texmf-dist/fonts/type1/public/amsfonts/cm/cmmi6.pfb></usr/local/texlive/
2011/texmf-dist/fonts/type1/public/amsfonts/cm/cmmi7.pfb></usr/local/texlive/20
11/texmf-dist/fonts/type1/public/amsfonts/cm/cmmi8.pfb></usr/local/texlive/2011
/texmf-dist/fonts/type1/public/amsfonts/cm/cmmi9.pfb></usr/local/texlive/2011/t
exmf-dist/fonts/type1/public/amsfonts/cm/cmr10.pfb></usr/local/texlive/2011/tex
mf-dist/fonts/type1/public/amsfonts/cm/cmr5.pfb></usr/local/texlive/2011/texmf-
dist/fonts/type1/public/amsfonts/cm/cmr6.pfb></usr/local/texlive/2011/texmf-dis
t/fonts/type1/public/amsfonts/cm/cmr7.pfb></usr/local/texlive/2011/texmf-dist/f
onts/type1/public/amsfonts/cm/cmr8.pfb></usr/local/texlive/2011/texmf-dist/font
s/type1/public/amsfonts/cm/cmsy10.pfb></usr/local/texlive/2011/texmf-dist/fonts
/type1/public/amsfonts/cm/cmsy5.pfb></usr/local/texlive/2011/texmf-dist/fonts/t
ype1/public/amsfonts/cm/cmsy7.pfb></usr/local/texlive/2011/texmf-dist/fonts/typ
e1/public/amsfonts/cm/cmtt10.pfb></usr/local/texlive/2011/texmf-dist/fonts/type
1/public/amsfonts/cm/cmtt8.pfb></usr/local/texlive/2011/texmf-dist/fonts/type1/
public/amsfonts/symbols/msbm10.pfb></usr/local/texlive/2011/texmf-dist/fonts/ty
pe1/urw/palatino/uplb8a.pfb></usr/local/texlive/2011/texmf-dist/fonts/type1/urw
/palatino/uplr8a.pfb></usr/local/texlive/2011/texmf-dist/fonts/type1/urw/palati
no/uplri8a.pfb>
Output written on BCHerring2011.pdf (137 pages, 66908938 bytes).
PDF statistics:
 2545 PDF objects out of 2984 (max. 8388607)
 2266 compressed objects within 23 object streams
 386 named destinations out of 1000 (max. 500000)
 1008 words of extra memory for PDF output out of 10000 (max. 10000000)

