\BOOKMARK [1][-]{section*.1}{Abstract}{}% 1
\BOOKMARK [1][-]{chapter*.2}{Contents}{}% 2
\BOOKMARK [1][-]{chapter*.3}{List of Figures}{}% 3
\BOOKMARK [1][-]{chapter*.4}{List of Table}{}% 4
\BOOKMARK [-1][-]{part.1}{I Moving towards a sustainable fisheries framework for Pacific herring: data, models and alternative assumptions}{}% 5
\BOOKMARK [0][-]{section.1.1}{Introduction}{part.1}% 6
\BOOKMARK [1][-]{section.1.2}{Methods}{section.1.1}% 7
\BOOKMARK [2][-]{subsection.1.2.1}{Analytical methods}{section.1.2}% 8
\BOOKMARK [2][-]{subsection.1.2.2}{Sustainable Fisheries Framework reference points}{section.1.2}% 9
\BOOKMARK [2][-]{subsection.1.2.3}{Simulation testing}{section.1.2}% 10
\BOOKMARK [2][-]{subsection.1.2.4}{Comparison of HCAM with \040iSCAM}{section.1.2}% 11
\BOOKMARK [1][-]{section.1.3}{Results}{section.1.1}% 12
\BOOKMARK [2][-]{subsection.1.3.1}{Simulation testing}{section.1.3}% 13
\BOOKMARK [2][-]{subsection.1.3.2}{Comparison of HCAM with \040iSCAM}{section.1.3}% 14
\BOOKMARK [2][-]{subsection.1.3.3}{Alternative assumptions about catchability, mortality \046 selectivity}{section.1.3}% 15
\BOOKMARK [2][-]{subsection.1.3.4}{Preliminary assessments for all other areas}{section.1.3}% 16
\BOOKMARK [1][-]{section.1.4}{Discussion}{section.1.1}% 17
\BOOKMARK [-1][-]{part.2}{II Stock Assessment and Management Advice for the British Columbia Pacific Herring Stocks: 2011 Assessment and 2012 Forecasts}{}% 18
\BOOKMARK [0][-]{section.2.5}{Introduction}{part.2}% 19
\BOOKMARK [1][-]{section.2.6}{BC Herring Stocks}{section.2.5}% 20
\BOOKMARK [1][-]{section.2.7}{Methods}{section.2.5}% 21
\BOOKMARK [2][-]{subsection.2.7.1}{Input data \046 assumptions}{section.2.7}% 22
\BOOKMARK [2][-]{subsection.2.7.2}{Analytical methods}{section.2.7}% 23
\BOOKMARK [2][-]{subsection.2.7.3}{Retrospective analysis}{section.2.7}% 24
\BOOKMARK [2][-]{subsection.2.7.4}{Abundance and recruitment forecasts}{section.2.7}% 25
\BOOKMARK [2][-]{subsection.2.7.5}{Harvest control rule}{section.2.7}% 26
\BOOKMARK [1][-]{section.2.8}{Results}{section.2.5}% 27
\BOOKMARK [2][-]{subsection.2.8.1}{Maximum likelihood fits to the data}{section.2.8}% 28
\BOOKMARK [2][-]{subsection.2.8.2}{Biomass estimates \046 reference points}{section.2.8}% 29
\BOOKMARK [2][-]{subsection.2.8.3}{Estimates of mortality}{section.2.8}% 30
\BOOKMARK [2][-]{subsection.2.8.4}{Selectivity}{section.2.8}% 31
\BOOKMARK [2][-]{subsection.2.8.5}{Recruitment and stock-recruitment relationships}{section.2.8}% 32
\BOOKMARK [2][-]{subsection.2.8.6}{Retrospective analysis}{section.2.8}% 33
\BOOKMARK [2][-]{subsection.2.8.7}{Marginal posterior distributions}{section.2.8}% 34
\BOOKMARK [2][-]{subsection.2.8.8}{Parameter confounding}{section.2.8}% 35
\BOOKMARK [2][-]{subsection.2.8.9}{Marginal posterior distributions}{section.2.8}% 36
\BOOKMARK [2][-]{subsection.2.8.10}{Forecast and catch advice based on the joint posterior distribution}{section.2.8}% 37
\BOOKMARK [1][-]{section.2.9}{Stock assessments for minor stock areas}{section.2.5}% 38
\BOOKMARK [2][-]{subsection.2.9.1}{Maximum likelihood estimates of biomass}{section.2.9}% 39
\BOOKMARK [2][-]{subsection.2.9.2}{Estimates of recruitment and reference points}{section.2.9}% 40
\BOOKMARK [2][-]{subsection.2.9.3}{Retrospective analysis}{section.2.9}% 41
\BOOKMARK [2][-]{subsection.2.9.4}{Marginal posterior distributions and trace plots}{section.2.9}% 42
\BOOKMARK [2][-]{subsection.2.9.5}{Catch advice}{section.2.9}% 43
\BOOKMARK [1][-]{section.2.10}{Outstanding Issues}{section.2.5}% 44
\BOOKMARK [1][-]{section.2.11}{Acknowledgements}{section.2.5}% 45
\BOOKMARK [1][-]{section.2.11}{References}{section.2.5}% 46
\BOOKMARK [-1][-]{part.3}{III Appendixes}{}% 47
\BOOKMARK [0][-]{section.A.1}{Technical description of \040iSCAM}{part.3}% 48
\BOOKMARK [1][-]{subsection.A.1.1}{Analytic methods}{section.A.1}% 49
\BOOKMARK [2][-]{subsection.A.1.2}{Equilibrium considerations}{subsection.A.1.1}% 50
\BOOKMARK [2][-]{subsection.A.1.3}{MSY based reference points}{subsection.A.1.1}% 51
\BOOKMARK [2][-]{subsection.A.1.4}{Dynamic age-structured model}{subsection.A.1.1}% 52
\BOOKMARK [2][-]{subsection.A.1.5}{Options for selectivity}{subsection.A.1.1}% 53
\BOOKMARK [2][-]{subsection.A.1.6}{Options for natural mortality}{subsection.A.1.1}% 54
\BOOKMARK [2][-]{subsection.A.1.7}{Residuals, likelihoods \046 objective function value components}{subsection.A.1.1}% 55
\BOOKMARK [2][-]{subsection.A.1.8}{Catch data}{subsection.A.1.1}% 56
\BOOKMARK [2][-]{subsection.A.1.9}{Relative abundance data}{subsection.A.1.1}% 57
\BOOKMARK [2][-]{subsection.A.1.10}{Age composition data}{subsection.A.1.1}% 58
\BOOKMARK [2][-]{subsection.A.1.11}{Stock-recruitment}{subsection.A.1.1}% 59
\BOOKMARK [2][-]{subsection.A.1.12}{Parameter Estimation and Uncertainty}{subsection.A.1.1}% 60
\BOOKMARK [2][-]{subsection.A.1.13}{Negative loglikelihoods}{subsection.A.1.1}% 61
\BOOKMARK [2][-]{subsection.A.1.14}{Constraints}{subsection.A.1.1}% 62
\BOOKMARK [2][-]{subsection.A.1.15}{Priors for parameters}{subsection.A.1.1}% 63
\BOOKMARK [2][-]{subsection.A.1.16}{Survey priors}{subsection.A.1.1}% 64
\BOOKMARK [2][-]{subsection.A.1.17}{Convergence penalties}{subsection.A.1.1}% 65
\BOOKMARK [1][-]{section.B.2}{Data and Control files}{section.A.1}% 66
\BOOKMARK [2][-]{subsection.B.2.1}{Haida Gwaii}{section.B.2}% 67
\BOOKMARK [2][-]{subsection.B.2.2}{Prince Rupert District}{section.B.2}% 68
\BOOKMARK [2][-]{subsection.B.2.3}{Central Coast}{section.B.2}% 69
\BOOKMARK [2][-]{subsection.B.2.4}{Strait of Geogia}{section.B.2}% 70
\BOOKMARK [2][-]{subsection.B.2.5}{West Coast of Vancouver Island}{section.B.2}% 71
\BOOKMARK [2][-]{subsection.B.2.6}{Area 2W}{section.B.2}% 72
\BOOKMARK [2][-]{subsection.B.2.7}{Area 27}{section.B.2}% 73
\BOOKMARK [2][-]{subsection.B.2.8}{Control file for the simulation studies}{section.B.2}% 74
\BOOKMARK [1][-]{section.C.3}{Bayesian prior for the dive survey spawn index proportionality constant q}{section.A.1}% 75
\BOOKMARK [2][-]{subsection.C.3.1}{The process}{section.C.3}% 76
\BOOKMARK [2][-]{subsection.C.3.2}{Factors affecting q and their distributions}{section.C.3}% 77
\BOOKMARK [2][-]{subsection.C.3.3}{Simulating the dive survey spawn index q}{section.C.3}% 78
\BOOKMARK [1][-]{section.D.4}{Landings and Survey data}{section.A.1}% 79
